[ERROR] 2017-04-26 09:33:11 Method:  com.xxx.market.web.core.annotation.ClassSearcher.findjarFiles(ClassSearcher.java:153)
file search error:D:\workspace\jfinal-wxall-v1.0\wscs-web-admin\src\main\webapp\WEB-INF\lib is not a dir！
[DEBUG] 2017-04-26 09:33:11 Method:  com.xxx.market.web.core.route.AutoBindRoutes.config(AutoBindRoutes.java:76)
routes.add(agent, com.xxx.market.web.admin.agent.controller.AgentController)
[DEBUG] 2017-04-26 09:33:11 Method:  com.xxx.market.web.core.route.AutoBindRoutes.config(AutoBindRoutes.java:76)
routes.add(agent/rank, com.xxx.market.web.admin.agent.controller.AgentRankController)
[DEBUG] 2017-04-26 09:33:11 Method:  com.xxx.market.web.core.route.AutoBindRoutes.config(AutoBindRoutes.java:76)
routes.add(commission, com.xxx.market.web.admin.agent.controller.CommissionController)
[DEBUG] 2017-04-26 09:33:11 Method:  com.xxx.market.web.core.route.AutoBindRoutes.config(AutoBindRoutes.java:79)
routes.add(fans, class com.xxx.market.web.admin.fans.controller.FansController,fans)
[DEBUG] 2017-04-26 09:33:11 Method:  com.xxx.market.web.core.route.AutoBindRoutes.config(AutoBindRoutes.java:76)
routes.add(/, com.xxx.market.web.admin.index.controller.IndexController)
[DEBUG] 2017-04-26 09:33:11 Method:  com.xxx.market.web.core.route.AutoBindRoutes.config(AutoBindRoutes.java:79)
routes.add(lottery/award, class com.xxx.market.web.admin.lottery.controller.LotteryAwardController,lottery)
[DEBUG] 2017-04-26 09:33:11 Method:  com.xxx.market.web.core.route.AutoBindRoutes.config(AutoBindRoutes.java:79)
routes.add(lottery, class com.xxx.market.web.admin.lottery.controller.LotteryController,lottery)
[DEBUG] 2017-04-26 09:33:11 Method:  com.xxx.market.web.core.route.AutoBindRoutes.config(AutoBindRoutes.java:79)
routes.add(lottery/set, class com.xxx.market.web.admin.lottery.controller.LotterySetController,lottery)
[DEBUG] 2017-04-26 09:33:11 Method:  com.xxx.market.web.core.route.AutoBindRoutes.config(AutoBindRoutes.java:79)
routes.add(lottery/show, class com.xxx.market.web.admin.lottery.controller.LotteryTypeController,lottery)
[DEBUG] 2017-04-26 09:33:11 Method:  com.xxx.market.web.core.route.AutoBindRoutes.config(AutoBindRoutes.java:76)
routes.add(menu, com.xxx.market.web.admin.menu.controller.MenuController)
[DEBUG] 2017-04-26 09:33:11 Method:  com.xxx.market.web.core.route.AutoBindRoutes.config(AutoBindRoutes.java:76)
routes.add(module, com.xxx.market.web.admin.module.controller.ModuleController)
[DEBUG] 2017-04-26 09:33:11 Method:  com.xxx.market.web.core.route.AutoBindRoutes.config(AutoBindRoutes.java:76)
routes.add(express, com.xxx.market.web.admin.order.controller.ExpressController)
[DEBUG] 2017-04-26 09:33:11 Method:  com.xxx.market.web.core.route.AutoBindRoutes.config(AutoBindRoutes.java:76)
routes.add(invoice, com.xxx.market.web.admin.order.controller.InvoiceController)
[DEBUG] 2017-04-26 09:33:11 Method:  com.xxx.market.web.core.route.AutoBindRoutes.config(AutoBindRoutes.java:76)
routes.add(order, com.xxx.market.web.admin.order.controller.OrderController)
[DEBUG] 2017-04-26 09:33:11 Method:  com.xxx.market.web.core.route.AutoBindRoutes.config(AutoBindRoutes.java:76)
routes.add(pay, com.xxx.market.web.admin.pay.controller.PayController)
[DEBUG] 2017-04-26 09:33:11 Method:  com.xxx.market.web.core.route.AutoBindRoutes.config(AutoBindRoutes.java:79)
routes.add(prize, class com.xxx.market.web.admin.prize.controller.PrizeController,prize)
[DEBUG] 2017-04-26 09:33:11 Method:  com.xxx.market.web.core.route.AutoBindRoutes.config(AutoBindRoutes.java:79)
routes.add(prize/sendrcd, class com.xxx.market.web.admin.prize.controller.PrizeSendRecordController,prize)
[DEBUG] 2017-04-26 09:33:11 Method:  com.xxx.market.web.core.route.AutoBindRoutes.config(AutoBindRoutes.java:79)
routes.add(prize/type, class com.xxx.market.web.admin.prize.controller.PrizeTypeController,prize)
[DEBUG] 2017-04-26 09:33:11 Method:  com.xxx.market.web.core.route.AutoBindRoutes.config(AutoBindRoutes.java:79)
routes.add(category, class com.xxx.market.web.admin.product.controller.CategoryController,category)
[DEBUG] 2017-04-26 09:33:11 Method:  com.xxx.market.web.core.route.AutoBindRoutes.config(AutoBindRoutes.java:79)
routes.add(component, class com.xxx.market.web.admin.product.controller.ComponentController,component)
[DEBUG] 2017-04-26 09:33:11 Method:  com.xxx.market.web.core.route.AutoBindRoutes.config(AutoBindRoutes.java:79)
routes.add(delivery, class com.xxx.market.web.admin.product.controller.DeliveryController,delivery)
[DEBUG] 2017-04-26 09:33:11 Method:  com.xxx.market.web.core.route.AutoBindRoutes.config(AutoBindRoutes.java:79)
routes.add(attachment, class com.xxx.market.web.admin.product.controller.ImageGroupController,attachment)
[DEBUG] 2017-04-26 09:33:11 Method:  com.xxx.market.web.core.route.AutoBindRoutes.config(AutoBindRoutes.java:79)
routes.add(product, class com.xxx.market.web.admin.product.controller.ProductController,product)
[DEBUG] 2017-04-26 09:33:11 Method:  com.xxx.market.web.core.route.AutoBindRoutes.config(AutoBindRoutes.java:79)
routes.add(specification, class com.xxx.market.web.admin.product.controller.SpecificationController,specification)
[DEBUG] 2017-04-26 09:33:11 Method:  com.xxx.market.web.core.route.AutoBindRoutes.config(AutoBindRoutes.java:79)
routes.add(qiandao, class com.xxx.market.web.admin.qiandao.controller.QiandaoController,qiandao)
[DEBUG] 2017-04-26 09:33:11 Method:  com.xxx.market.web.core.route.AutoBindRoutes.config(AutoBindRoutes.java:76)
routes.add(qrcode, com.xxx.market.web.admin.qrcode.controller.QrcodeController)
[DEBUG] 2017-04-26 09:33:11 Method:  com.xxx.market.web.core.route.AutoBindRoutes.config(AutoBindRoutes.java:76)
routes.add(setting, com.xxx.market.web.admin.setting.controller.SettingController)
[DEBUG] 2017-04-26 09:33:11 Method:  com.xxx.market.web.core.route.AutoBindRoutes.config(AutoBindRoutes.java:76)
routes.add(shop, com.xxx.market.web.admin.shop.controller.ShopController)
[DEBUG] 2017-04-26 09:33:11 Method:  com.xxx.market.web.core.route.AutoBindRoutes.config(AutoBindRoutes.java:76)
routes.add(cashback, com.xxx.market.web.admin.ump.controller.CashBackController)
[DEBUG] 2017-04-26 09:33:11 Method:  com.xxx.market.web.core.route.AutoBindRoutes.config(AutoBindRoutes.java:76)
routes.add(promotion, com.xxx.market.web.admin.ump.controller.PromotionController)
[DEBUG] 2017-04-26 09:33:11 Method:  com.xxx.market.web.core.route.AutoBindRoutes.config(AutoBindRoutes.java:76)
routes.add(reward, com.xxx.market.web.admin.ump.controller.RewardController)
[DEBUG] 2017-04-26 09:33:11 Method:  com.xxx.market.web.core.route.AutoBindRoutes.config(AutoBindRoutes.java:76)
routes.add(/weixin/msg, com.xxx.market.web.admin.weixin.controller.WeixinMsgController)
[DEBUG] 2017-04-26 09:33:11 Method:  com.xxx.market.web.core.route.AutoBindRoutes.config(AutoBindRoutes.java:73)
routes.add(/adminBase, com.xxx.market.web.core.controller.AdminBaseController)
[DEBUG] 2017-04-26 09:33:11 Method:  com.xxx.market.web.core.route.AutoBindRoutes.config(AutoBindRoutes.java:73)
routes.add(/base, com.xxx.market.web.core.controller.BaseController)
[DEBUG] 2017-04-26 09:33:11 Method:  com.xxx.market.web.core.route.AutoBindRoutes.config(AutoBindRoutes.java:73)
routes.add(/api, com.xxx.market.web.core.weixin.ApiController)
[DEBUG] 2017-04-26 09:33:11 Method:  com.xxx.market.web.core.route.AutoBindRoutes.config(AutoBindRoutes.java:73)
routes.add(/msg, com.xxx.market.web.core.weixin.MsgController)
[DEBUG] 2017-04-26 09:33:13 Method:  com.xxx.market.web.core.plugin.shiro.ShiroKit.loadJdbcAuthz(ShiroKit.java:249)
authzJdbcService not found!can't load database url premission
[INFO ] 2017-04-26 09:33:13 Method:  com.xxx.market.web.core.config.JFWebConfig.afterJFinalStart(JFWebConfig.java:136)
 dbu admin server is ready!!
[DEBUG] 2017-04-26 15:04:39 Method:  com.xxx.market.web.admin.menu.controller.MenuController.save(MenuController.java:71)
json:{"button":[{"name":"微途商城","type":"view","url":"http://www.cwetrip.com"}]}
[ERROR] 2017-04-26 15:38:55 Method:  com.xxx.market.web.core.annotation.ClassSearcher.findjarFiles(ClassSearcher.java:153)
file search error:D:\workspace\jfinal-wxall-v1.0\wxmall-web-admin\src\main\webapp\WEB-INF\lib is not a dir！
[DEBUG] 2017-04-26 15:38:56 Method:  com.xxx.market.web.core.route.AutoBindRoutes.config(AutoBindRoutes.java:76)
routes.add(agent, com.xxx.market.web.admin.agent.controller.AgentController)
[DEBUG] 2017-04-26 15:38:56 Method:  com.xxx.market.web.core.route.AutoBindRoutes.config(AutoBindRoutes.java:76)
routes.add(agent/rank, com.xxx.market.web.admin.agent.controller.AgentRankController)
[DEBUG] 2017-04-26 15:38:56 Method:  com.xxx.market.web.core.route.AutoBindRoutes.config(AutoBindRoutes.java:76)
routes.add(commission, com.xxx.market.web.admin.agent.controller.CommissionController)
[DEBUG] 2017-04-26 15:38:56 Method:  com.xxx.market.web.core.route.AutoBindRoutes.config(AutoBindRoutes.java:79)
routes.add(fans, class com.xxx.market.web.admin.fans.controller.FansController,fans)
[DEBUG] 2017-04-26 15:38:56 Method:  com.xxx.market.web.core.route.AutoBindRoutes.config(AutoBindRoutes.java:76)
routes.add(/, com.xxx.market.web.admin.index.controller.IndexController)
[DEBUG] 2017-04-26 15:38:56 Method:  com.xxx.market.web.core.route.AutoBindRoutes.config(AutoBindRoutes.java:79)
routes.add(lottery/award, class com.xxx.market.web.admin.lottery.controller.LotteryAwardController,lottery)
[DEBUG] 2017-04-26 15:38:56 Method:  com.xxx.market.web.core.route.AutoBindRoutes.config(AutoBindRoutes.java:79)
routes.add(lottery, class com.xxx.market.web.admin.lottery.controller.LotteryController,lottery)
[DEBUG] 2017-04-26 15:38:56 Method:  com.xxx.market.web.core.route.AutoBindRoutes.config(AutoBindRoutes.java:79)
routes.add(lottery/set, class com.xxx.market.web.admin.lottery.controller.LotterySetController,lottery)
[DEBUG] 2017-04-26 15:38:56 Method:  com.xxx.market.web.core.route.AutoBindRoutes.config(AutoBindRoutes.java:79)
routes.add(lottery/show, class com.xxx.market.web.admin.lottery.controller.LotteryTypeController,lottery)
[DEBUG] 2017-04-26 15:38:56 Method:  com.xxx.market.web.core.route.AutoBindRoutes.config(AutoBindRoutes.java:76)
routes.add(menu, com.xxx.market.web.admin.menu.controller.MenuController)
[DEBUG] 2017-04-26 15:38:56 Method:  com.xxx.market.web.core.route.AutoBindRoutes.config(AutoBindRoutes.java:76)
routes.add(module, com.xxx.market.web.admin.module.controller.ModuleController)
[DEBUG] 2017-04-26 15:38:56 Method:  com.xxx.market.web.core.route.AutoBindRoutes.config(AutoBindRoutes.java:76)
routes.add(express, com.xxx.market.web.admin.order.controller.ExpressController)
[DEBUG] 2017-04-26 15:38:56 Method:  com.xxx.market.web.core.route.AutoBindRoutes.config(AutoBindRoutes.java:76)
routes.add(invoice, com.xxx.market.web.admin.order.controller.InvoiceController)
[DEBUG] 2017-04-26 15:38:56 Method:  com.xxx.market.web.core.route.AutoBindRoutes.config(AutoBindRoutes.java:76)
routes.add(order, com.xxx.market.web.admin.order.controller.OrderController)
[DEBUG] 2017-04-26 15:38:56 Method:  com.xxx.market.web.core.route.AutoBindRoutes.config(AutoBindRoutes.java:76)
routes.add(pay, com.xxx.market.web.admin.pay.controller.PayController)
[DEBUG] 2017-04-26 15:38:56 Method:  com.xxx.market.web.core.route.AutoBindRoutes.config(AutoBindRoutes.java:79)
routes.add(prize, class com.xxx.market.web.admin.prize.controller.PrizeController,prize)
[DEBUG] 2017-04-26 15:38:56 Method:  com.xxx.market.web.core.route.AutoBindRoutes.config(AutoBindRoutes.java:79)
routes.add(prize/sendrcd, class com.xxx.market.web.admin.prize.controller.PrizeSendRecordController,prize)
[DEBUG] 2017-04-26 15:38:56 Method:  com.xxx.market.web.core.route.AutoBindRoutes.config(AutoBindRoutes.java:79)
routes.add(prize/type, class com.xxx.market.web.admin.prize.controller.PrizeTypeController,prize)
[DEBUG] 2017-04-26 15:38:56 Method:  com.xxx.market.web.core.route.AutoBindRoutes.config(AutoBindRoutes.java:79)
routes.add(category, class com.xxx.market.web.admin.product.controller.CategoryController,category)
[DEBUG] 2017-04-26 15:38:56 Method:  com.xxx.market.web.core.route.AutoBindRoutes.config(AutoBindRoutes.java:79)
routes.add(component, class com.xxx.market.web.admin.product.controller.ComponentController,component)
[DEBUG] 2017-04-26 15:38:56 Method:  com.xxx.market.web.core.route.AutoBindRoutes.config(AutoBindRoutes.java:79)
routes.add(delivery, class com.xxx.market.web.admin.product.controller.DeliveryController,delivery)
[DEBUG] 2017-04-26 15:38:56 Method:  com.xxx.market.web.core.route.AutoBindRoutes.config(AutoBindRoutes.java:79)
routes.add(attachment, class com.xxx.market.web.admin.product.controller.ImageGroupController,attachment)
[DEBUG] 2017-04-26 15:38:56 Method:  com.xxx.market.web.core.route.AutoBindRoutes.config(AutoBindRoutes.java:79)
routes.add(product, class com.xxx.market.web.admin.product.controller.ProductController,product)
[DEBUG] 2017-04-26 15:38:56 Method:  com.xxx.market.web.core.route.AutoBindRoutes.config(AutoBindRoutes.java:79)
routes.add(specification, class com.xxx.market.web.admin.product.controller.SpecificationController,specification)
[DEBUG] 2017-04-26 15:38:56 Method:  com.xxx.market.web.core.route.AutoBindRoutes.config(AutoBindRoutes.java:79)
routes.add(qiandao, class com.xxx.market.web.admin.qiandao.controller.QiandaoController,qiandao)
[DEBUG] 2017-04-26 15:38:56 Method:  com.xxx.market.web.core.route.AutoBindRoutes.config(AutoBindRoutes.java:76)
routes.add(qrcode, com.xxx.market.web.admin.qrcode.controller.QrcodeController)
[DEBUG] 2017-04-26 15:38:56 Method:  com.xxx.market.web.core.route.AutoBindRoutes.config(AutoBindRoutes.java:76)
routes.add(setting, com.xxx.market.web.admin.setting.controller.SettingController)
[DEBUG] 2017-04-26 15:38:56 Method:  com.xxx.market.web.core.route.AutoBindRoutes.config(AutoBindRoutes.java:76)
routes.add(shop, com.xxx.market.web.admin.shop.controller.ShopController)
[DEBUG] 2017-04-26 15:38:56 Method:  com.xxx.market.web.core.route.AutoBindRoutes.config(AutoBindRoutes.java:76)
routes.add(cashback, com.xxx.market.web.admin.ump.controller.CashBackController)
[DEBUG] 2017-04-26 15:38:56 Method:  com.xxx.market.web.core.route.AutoBindRoutes.config(AutoBindRoutes.java:76)
routes.add(promotion, com.xxx.market.web.admin.ump.controller.PromotionController)
[DEBUG] 2017-04-26 15:38:56 Method:  com.xxx.market.web.core.route.AutoBindRoutes.config(AutoBindRoutes.java:76)
routes.add(reward, com.xxx.market.web.admin.ump.controller.RewardController)
[DEBUG] 2017-04-26 15:38:56 Method:  com.xxx.market.web.core.route.AutoBindRoutes.config(AutoBindRoutes.java:76)
routes.add(/weixin/msg, com.xxx.market.web.admin.weixin.controller.WeixinMsgController)
[DEBUG] 2017-04-26 15:38:56 Method:  com.xxx.market.web.core.route.AutoBindRoutes.config(AutoBindRoutes.java:73)
routes.add(/adminBase, com.xxx.market.web.core.controller.AdminBaseController)
[DEBUG] 2017-04-26 15:38:56 Method:  com.xxx.market.web.core.route.AutoBindRoutes.config(AutoBindRoutes.java:73)
routes.add(/base, com.xxx.market.web.core.controller.BaseController)
[DEBUG] 2017-04-26 15:38:56 Method:  com.xxx.market.web.core.route.AutoBindRoutes.config(AutoBindRoutes.java:73)
routes.add(/api, com.xxx.market.web.core.weixin.ApiController)
[DEBUG] 2017-04-26 15:38:56 Method:  com.xxx.market.web.core.route.AutoBindRoutes.config(AutoBindRoutes.java:73)
routes.add(/msg, com.xxx.market.web.core.weixin.MsgController)
[DEBUG] 2017-04-26 15:38:58 Method:  com.xxx.market.web.core.plugin.shiro.ShiroKit.loadJdbcAuthz(ShiroKit.java:249)
authzJdbcService not found!can't load database url premission
[INFO ] 2017-04-26 15:38:58 Method:  com.xxx.market.web.core.config.JFWebConfig.afterJFinalStart(JFWebConfig.java:136)
 dbu admin server is ready!!
[ERROR] 2017-04-26 15:44:09 Method:  com.jfinal.core.ActionHandler.handle(ActionHandler.java:121)
/attachment/del
com.jfinal.core.ActionException
	at com.jfinal.core.Controller.toLong(Controller.java:268)
	at com.jfinal.core.Controller.getParaToLong(Controller.java:278)
	at com.xxx.market.web.admin.product.controller.ImageGroupController.del(ImageGroupController.java:82)
	at sun.reflect.NativeMethodAccessorImpl.invoke0(Native Method)
	at sun.reflect.NativeMethodAccessorImpl.invoke(NativeMethodAccessorImpl.java:62)
	at sun.reflect.DelegatingMethodAccessorImpl.invoke(DelegatingMethodAccessorImpl.java:43)
	at java.lang.reflect.Method.invoke(Method.java:498)
	at com.jfinal.aop.Invocation.invoke(Invocation.java:73)
	at com.xxx.market.web.core.plugin.spring.IocInterceptor.intercept(IocInterceptor.java:41)
	at com.jfinal.aop.Invocation.invoke(Invocation.java:67)
	at com.xxx.market.web.core.plugin.shiro.ShiroInterceptor.intercept(ShiroInterceptor.java:50)
	at com.jfinal.aop.Invocation.invoke(Invocation.java:67)
	at com.jfinal.core.ActionHandler.handle(ActionHandler.java:82)
	at com.jfinal.core.JFinalFilter.doFilter(JFinalFilter.java:72)
	at org.eclipse.jetty.servlet.ServletHandler$CachedChain.doFilter(ServletHandler.java:1307)
	at org.apache.shiro.web.servlet.ProxiedFilterChain.doFilter(ProxiedFilterChain.java:61)
	at org.apache.shiro.web.servlet.AdviceFilter.executeChain(AdviceFilter.java:108)
	at org.apache.shiro.web.servlet.AdviceFilter.doFilterInternal(AdviceFilter.java:137)
	at org.apache.shiro.web.servlet.OncePerRequestFilter.doFilter(OncePerRequestFilter.java:125)
	at org.apache.shiro.web.servlet.ProxiedFilterChain.doFilter(ProxiedFilterChain.java:66)
	at org.apache.shiro.web.servlet.AbstractShiroFilter.executeChain(AbstractShiroFilter.java:449)
	at org.apache.shiro.web.servlet.AbstractShiroFilter$1.call(AbstractShiroFilter.java:365)
	at org.apache.shiro.subject.support.SubjectCallable.doCall(SubjectCallable.java:90)
	at org.apache.shiro.subject.support.SubjectCallable.call(SubjectCallable.java:83)
	at org.apache.shiro.subject.support.DelegatingSubject.execute(DelegatingSubject.java:383)
	at org.apache.shiro.web.servlet.AbstractShiroFilter.doFilterInternal(AbstractShiroFilter.java:362)
	at org.apache.shiro.web.servlet.OncePerRequestFilter.doFilter(OncePerRequestFilter.java:125)
	at org.eclipse.jetty.servlet.ServletHandler$CachedChain.doFilter(ServletHandler.java:1307)
	at org.eclipse.jetty.servlet.ServletHandler.doHandle(ServletHandler.java:453)
	at org.eclipse.jetty.server.handler.ScopedHandler.handle(ScopedHandler.java:137)
	at org.eclipse.jetty.security.SecurityHandler.handle(SecurityHandler.java:560)
	at org.eclipse.jetty.server.session.SessionHandler.doHandle(SessionHandler.java:231)
	at org.eclipse.jetty.server.handler.ContextHandler.doHandle(ContextHandler.java:1072)
	at org.eclipse.jetty.servlet.ServletHandler.doScope(ServletHandler.java:382)
	at org.eclipse.jetty.server.session.SessionHandler.doScope(SessionHandler.java:193)
	at org.eclipse.jetty.server.handler.ContextHandler.doScope(ContextHandler.java:1006)
	at org.eclipse.jetty.server.handler.ScopedHandler.handle(ScopedHandler.java:135)
	at org.eclipse.jetty.server.handler.HandlerWrapper.handle(HandlerWrapper.java:116)
	at org.eclipse.jetty.server.Server.handle(Server.java:365)
	at org.eclipse.jetty.server.AbstractHttpConnection.handleRequest(AbstractHttpConnection.java:485)
	at org.eclipse.jetty.server.AbstractHttpConnection.content(AbstractHttpConnection.java:937)
	at org.eclipse.jetty.server.AbstractHttpConnection$RequestHandler.content(AbstractHttpConnection.java:998)
	at org.eclipse.jetty.http.HttpParser.parseNext(HttpParser.java:856)
	at org.eclipse.jetty.http.HttpParser.parseAvailable(HttpParser.java:240)
	at org.eclipse.jetty.server.AsyncHttpConnection.handle(AsyncHttpConnection.java:82)
	at org.eclipse.jetty.io.nio.SelectChannelEndPoint.handle(SelectChannelEndPoint.java:628)
	at org.eclipse.jetty.io.nio.SelectChannelEndPoint$1.run(SelectChannelEndPoint.java:52)
	at org.eclipse.jetty.util.thread.QueuedThreadPool.runJob(QueuedThreadPool.java:608)
	at org.eclipse.jetty.util.thread.QueuedThreadPool$3.run(QueuedThreadPool.java:543)
	at java.lang.Thread.run(Thread.java:745)
[ERROR] 2017-04-26 16:55:11 Method:  com.xxx.market.web.core.annotation.ClassSearcher.findjarFiles(ClassSearcher.java:153)
file search error:D:\workspace\jfinal-wxall-v1.0\wxmall-web-admin\src\main\webapp\WEB-INF\lib is not a dir！
[DEBUG] 2017-04-26 16:55:11 Method:  com.xxx.market.web.core.route.AutoBindRoutes.config(AutoBindRoutes.java:76)
routes.add(agent, com.xxx.market.web.admin.agent.controller.AgentController)
[DEBUG] 2017-04-26 16:55:11 Method:  com.xxx.market.web.core.route.AutoBindRoutes.config(AutoBindRoutes.java:76)
routes.add(agent/rank, com.xxx.market.web.admin.agent.controller.AgentRankController)
[DEBUG] 2017-04-26 16:55:11 Method:  com.xxx.market.web.core.route.AutoBindRoutes.config(AutoBindRoutes.java:76)
routes.add(commission, com.xxx.market.web.admin.agent.controller.CommissionController)
[DEBUG] 2017-04-26 16:55:11 Method:  com.xxx.market.web.core.route.AutoBindRoutes.config(AutoBindRoutes.java:79)
routes.add(fans, class com.xxx.market.web.admin.fans.controller.FansController,fans)
[DEBUG] 2017-04-26 16:55:11 Method:  com.xxx.market.web.core.route.AutoBindRoutes.config(AutoBindRoutes.java:76)
routes.add(/, com.xxx.market.web.admin.index.controller.IndexController)
[DEBUG] 2017-04-26 16:55:11 Method:  com.xxx.market.web.core.route.AutoBindRoutes.config(AutoBindRoutes.java:79)
routes.add(lottery/award, class com.xxx.market.web.admin.lottery.controller.LotteryAwardController,lottery)
[DEBUG] 2017-04-26 16:55:11 Method:  com.xxx.market.web.core.route.AutoBindRoutes.config(AutoBindRoutes.java:79)
routes.add(lottery, class com.xxx.market.web.admin.lottery.controller.LotteryController,lottery)
[DEBUG] 2017-04-26 16:55:11 Method:  com.xxx.market.web.core.route.AutoBindRoutes.config(AutoBindRoutes.java:79)
routes.add(lottery/set, class com.xxx.market.web.admin.lottery.controller.LotterySetController,lottery)
[DEBUG] 2017-04-26 16:55:11 Method:  com.xxx.market.web.core.route.AutoBindRoutes.config(AutoBindRoutes.java:79)
routes.add(lottery/show, class com.xxx.market.web.admin.lottery.controller.LotteryTypeController,lottery)
[DEBUG] 2017-04-26 16:55:11 Method:  com.xxx.market.web.core.route.AutoBindRoutes.config(AutoBindRoutes.java:76)
routes.add(menu, com.xxx.market.web.admin.menu.controller.MenuController)
[DEBUG] 2017-04-26 16:55:11 Method:  com.xxx.market.web.core.route.AutoBindRoutes.config(AutoBindRoutes.java:76)
routes.add(module, com.xxx.market.web.admin.module.controller.ModuleController)
[DEBUG] 2017-04-26 16:55:11 Method:  com.xxx.market.web.core.route.AutoBindRoutes.config(AutoBindRoutes.java:76)
routes.add(express, com.xxx.market.web.admin.order.controller.ExpressController)
[DEBUG] 2017-04-26 16:55:11 Method:  com.xxx.market.web.core.route.AutoBindRoutes.config(AutoBindRoutes.java:76)
routes.add(invoice, com.xxx.market.web.admin.order.controller.InvoiceController)
[DEBUG] 2017-04-26 16:55:11 Method:  com.xxx.market.web.core.route.AutoBindRoutes.config(AutoBindRoutes.java:76)
routes.add(order, com.xxx.market.web.admin.order.controller.OrderController)
[DEBUG] 2017-04-26 16:55:11 Method:  com.xxx.market.web.core.route.AutoBindRoutes.config(AutoBindRoutes.java:76)
routes.add(pay, com.xxx.market.web.admin.pay.controller.PayController)
[DEBUG] 2017-04-26 16:55:11 Method:  com.xxx.market.web.core.route.AutoBindRoutes.config(AutoBindRoutes.java:79)
routes.add(prize, class com.xxx.market.web.admin.prize.controller.PrizeController,prize)
[DEBUG] 2017-04-26 16:55:11 Method:  com.xxx.market.web.core.route.AutoBindRoutes.config(AutoBindRoutes.java:79)
routes.add(prize/sendrcd, class com.xxx.market.web.admin.prize.controller.PrizeSendRecordController,prize)
[DEBUG] 2017-04-26 16:55:11 Method:  com.xxx.market.web.core.route.AutoBindRoutes.config(AutoBindRoutes.java:79)
routes.add(prize/type, class com.xxx.market.web.admin.prize.controller.PrizeTypeController,prize)
[DEBUG] 2017-04-26 16:55:11 Method:  com.xxx.market.web.core.route.AutoBindRoutes.config(AutoBindRoutes.java:79)
routes.add(category, class com.xxx.market.web.admin.product.controller.CategoryController,category)
[DEBUG] 2017-04-26 16:55:11 Method:  com.xxx.market.web.core.route.AutoBindRoutes.config(AutoBindRoutes.java:79)
routes.add(component, class com.xxx.market.web.admin.product.controller.ComponentController,component)
[DEBUG] 2017-04-26 16:55:11 Method:  com.xxx.market.web.core.route.AutoBindRoutes.config(AutoBindRoutes.java:79)
routes.add(delivery, class com.xxx.market.web.admin.product.controller.DeliveryController,delivery)
[DEBUG] 2017-04-26 16:55:11 Method:  com.xxx.market.web.core.route.AutoBindRoutes.config(AutoBindRoutes.java:79)
routes.add(attachment, class com.xxx.market.web.admin.product.controller.ImageGroupController,attachment)
[DEBUG] 2017-04-26 16:55:11 Method:  com.xxx.market.web.core.route.AutoBindRoutes.config(AutoBindRoutes.java:79)
routes.add(product, class com.xxx.market.web.admin.product.controller.ProductController,product)
[DEBUG] 2017-04-26 16:55:11 Method:  com.xxx.market.web.core.route.AutoBindRoutes.config(AutoBindRoutes.java:79)
routes.add(specification, class com.xxx.market.web.admin.product.controller.SpecificationController,specification)
[DEBUG] 2017-04-26 16:55:11 Method:  com.xxx.market.web.core.route.AutoBindRoutes.config(AutoBindRoutes.java:79)
routes.add(qiandao, class com.xxx.market.web.admin.qiandao.controller.QiandaoController,qiandao)
[DEBUG] 2017-04-26 16:55:11 Method:  com.xxx.market.web.core.route.AutoBindRoutes.config(AutoBindRoutes.java:76)
routes.add(qrcode, com.xxx.market.web.admin.qrcode.controller.QrcodeController)
[DEBUG] 2017-04-26 16:55:11 Method:  com.xxx.market.web.core.route.AutoBindRoutes.config(AutoBindRoutes.java:76)
routes.add(setting, com.xxx.market.web.admin.setting.controller.SettingController)
[DEBUG] 2017-04-26 16:55:11 Method:  com.xxx.market.web.core.route.AutoBindRoutes.config(AutoBindRoutes.java:76)
routes.add(shop, com.xxx.market.web.admin.shop.controller.ShopController)
[DEBUG] 2017-04-26 16:55:11 Method:  com.xxx.market.web.core.route.AutoBindRoutes.config(AutoBindRoutes.java:76)
routes.add(cashback, com.xxx.market.web.admin.ump.controller.CashBackController)
[DEBUG] 2017-04-26 16:55:11 Method:  com.xxx.market.web.core.route.AutoBindRoutes.config(AutoBindRoutes.java:76)
routes.add(promotion, com.xxx.market.web.admin.ump.controller.PromotionController)
[DEBUG] 2017-04-26 16:55:11 Method:  com.xxx.market.web.core.route.AutoBindRoutes.config(AutoBindRoutes.java:76)
routes.add(reward, com.xxx.market.web.admin.ump.controller.RewardController)
[DEBUG] 2017-04-26 16:55:11 Method:  com.xxx.market.web.core.route.AutoBindRoutes.config(AutoBindRoutes.java:76)
routes.add(/weixin/msg, com.xxx.market.web.admin.weixin.controller.WeixinMsgController)
[DEBUG] 2017-04-26 16:55:11 Method:  com.xxx.market.web.core.route.AutoBindRoutes.config(AutoBindRoutes.java:73)
routes.add(/adminBase, com.xxx.market.web.core.controller.AdminBaseController)
[DEBUG] 2017-04-26 16:55:11 Method:  com.xxx.market.web.core.route.AutoBindRoutes.config(AutoBindRoutes.java:73)
routes.add(/base, com.xxx.market.web.core.controller.BaseController)
[DEBUG] 2017-04-26 16:55:11 Method:  com.xxx.market.web.core.route.AutoBindRoutes.config(AutoBindRoutes.java:73)
routes.add(/api, com.xxx.market.web.core.weixin.ApiController)
[DEBUG] 2017-04-26 16:55:11 Method:  com.xxx.market.web.core.route.AutoBindRoutes.config(AutoBindRoutes.java:73)
routes.add(/msg, com.xxx.market.web.core.weixin.MsgController)
[DEBUG] 2017-04-26 16:55:12 Method:  com.xxx.market.web.core.plugin.shiro.ShiroKit.loadJdbcAuthz(ShiroKit.java:249)
authzJdbcService not found!can't load database url premission
[INFO ] 2017-04-26 16:55:12 Method:  com.xxx.market.web.core.config.JFWebConfig.afterJFinalStart(JFWebConfig.java:136)
 dbu admin server is ready!!
[ERROR] 2017-04-26 17:54:11 Method:  org.apache.shiro.web.env.EnvironmentLoader.initEnvironment(EnvironmentLoader.java:146)
Shiro environment initialization failed
org.apache.shiro.config.ConfigurationException: Unable to set property 'realm' with value [com.xxx.market.web.core.security.ShiroAuthorizingRealm@1e07168b] on object of type org.apache.shiro.web.mgt.DefaultWebSecurityManager.  If 'com.xxx.market.web.core.security.ShiroAuthorizingRealm@1e07168b' is a reference to another (previously defined) object, prefix it with '$' to indicate that the referenced object should be used as the actual value.  For example, $com.xxx.market.web.core.security.ShiroAuthorizingRealm@1e07168b
	at org.apache.shiro.config.ReflectionBuilder.setProperty(ReflectionBuilder.java:659)
	at org.apache.shiro.config.ReflectionBuilder.applyProperty(ReflectionBuilder.java:608)
	at org.apache.shiro.config.ReflectionBuilder.applyProperty(ReflectionBuilder.java:720)
	at org.apache.shiro.config.ReflectionBuilder.applySingleProperty(ReflectionBuilder.java:364)
	at org.apache.shiro.config.ReflectionBuilder.applyProperty(ReflectionBuilder.java:325)
	at org.apache.shiro.config.ReflectionBuilder$AssignmentStatement.doExecute(ReflectionBuilder.java:955)
	at org.apache.shiro.config.ReflectionBuilder$Statement.execute(ReflectionBuilder.java:887)
	at org.apache.shiro.config.ReflectionBuilder$BeanConfigurationProcessor.execute(ReflectionBuilder.java:765)
	at org.apache.shiro.config.ReflectionBuilder.buildObjects(ReflectionBuilder.java:260)
	at org.apache.shiro.config.IniSecurityManagerFactory.buildInstances(IniSecurityManagerFactory.java:167)
	at org.apache.shiro.config.IniSecurityManagerFactory.createSecurityManager(IniSecurityManagerFactory.java:130)
	at org.apache.shiro.config.IniSecurityManagerFactory.createSecurityManager(IniSecurityManagerFactory.java:108)
	at org.apache.shiro.config.IniSecurityManagerFactory.createInstance(IniSecurityManagerFactory.java:94)
	at org.apache.shiro.config.IniSecurityManagerFactory.createInstance(IniSecurityManagerFactory.java:46)
	at org.apache.shiro.config.IniFactorySupport.createInstance(IniFactorySupport.java:123)
	at org.apache.shiro.util.AbstractFactory.getInstance(AbstractFactory.java:47)
	at org.apache.shiro.web.env.IniWebEnvironment.createWebSecurityManager(IniWebEnvironment.java:203)
	at org.apache.shiro.web.env.IniWebEnvironment.configure(IniWebEnvironment.java:99)
	at org.apache.shiro.web.env.IniWebEnvironment.init(IniWebEnvironment.java:92)
	at org.apache.shiro.util.LifecycleUtils.init(LifecycleUtils.java:45)
	at org.apache.shiro.util.LifecycleUtils.init(LifecycleUtils.java:40)
	at org.apache.shiro.web.env.EnvironmentLoader.createEnvironment(EnvironmentLoader.java:221)
	at org.apache.shiro.web.env.EnvironmentLoader.initEnvironment(EnvironmentLoader.java:133)
	at org.apache.shiro.web.env.EnvironmentLoaderListener.contextInitialized(EnvironmentLoaderListener.java:58)
	at org.eclipse.jetty.server.handler.ContextHandler.callContextInitialized(ContextHandler.java:771)
	at org.eclipse.jetty.servlet.ServletContextHandler.callContextInitialized(ServletContextHandler.java:424)
	at org.eclipse.jetty.server.handler.ContextHandler.startContext(ContextHandler.java:763)
	at org.eclipse.jetty.servlet.ServletContextHandler.startContext(ServletContextHandler.java:249)
	at org.eclipse.jetty.webapp.WebAppContext.startContext(WebAppContext.java:1250)
	at org.eclipse.jetty.server.handler.ContextHandler.doStart(ContextHandler.java:706)
	at org.eclipse.jetty.webapp.WebAppContext.doStart(WebAppContext.java:492)
	at org.eclipse.jetty.util.component.AbstractLifeCycle.start(AbstractLifeCycle.java:64)
	at com.jfinal.server.JettyServer$1.onChange(JettyServer.java:108)
	at com.jfinal.server.Scanner.compare(Scanner.java:88)
	at com.jfinal.server.Scanner.working(Scanner.java:57)
	at com.jfinal.server.Scanner.access$000(Scanner.java:31)
	at com.jfinal.server.Scanner$1.run(Scanner.java:94)
	at java.util.TimerThread.mainLoop(Timer.java:555)
	at java.util.TimerThread.run(Timer.java:505)
Caused by: java.lang.IllegalArgumentException: Cannot invoke org.apache.shiro.mgt.RealmSecurityManager.setRealm on bean class 'class org.apache.shiro.web.mgt.DefaultWebSecurityManager' - argument type mismatch - had objects of type "com.xxx.market.web.core.security.ShiroAuthorizingRealm" but expected signature "org.apache.shiro.realm.Realm"
	at org.apache.commons.beanutils.PropertyUtilsBean.invokeMethod(PropertyUtilsBean.java:2235)
	at org.apache.commons.beanutils.PropertyUtilsBean.setSimpleProperty(PropertyUtilsBean.java:2151)
	at org.apache.commons.beanutils.PropertyUtilsBean.setNestedProperty(PropertyUtilsBean.java:1957)
	at org.apache.commons.beanutils.PropertyUtilsBean.setProperty(PropertyUtilsBean.java:2064)
	at org.apache.commons.beanutils.BeanUtilsBean.setProperty(BeanUtilsBean.java:1017)
	at org.apache.commons.beanutils.BeanUtils.setProperty(BeanUtils.java:456)
	at org.apache.shiro.config.ReflectionBuilder.setProperty(ReflectionBuilder.java:651)
	... 38 more
Caused by: java.lang.IllegalArgumentException: argument type mismatch
	at sun.reflect.NativeMethodAccessorImpl.invoke0(Native Method)
	at sun.reflect.NativeMethodAccessorImpl.invoke(NativeMethodAccessorImpl.java:62)
	at sun.reflect.DelegatingMethodAccessorImpl.invoke(DelegatingMethodAccessorImpl.java:43)
	at java.lang.reflect.Method.invoke(Method.java:498)
	at org.apache.commons.beanutils.PropertyUtilsBean.invokeMethod(PropertyUtilsBean.java:2170)
	... 44 more
[ERROR] 2017-04-26 17:54:11 Method:  com.jfinal.kit.LogKit.error(LogKit.java:75)
Unable to set property 'realm' with value [com.xxx.market.web.core.security.ShiroAuthorizingRealm@1e07168b] on object of type org.apache.shiro.web.mgt.DefaultWebSecurityManager.  If 'com.xxx.market.web.core.security.ShiroAuthorizingRealm@1e07168b' is a reference to another (previously defined) object, prefix it with '$' to indicate that the referenced object should be used as the actual value.  For example, $com.xxx.market.web.core.security.ShiroAuthorizingRealm@1e07168b
org.apache.shiro.config.ConfigurationException: Unable to set property 'realm' with value [com.xxx.market.web.core.security.ShiroAuthorizingRealm@1e07168b] on object of type org.apache.shiro.web.mgt.DefaultWebSecurityManager.  If 'com.xxx.market.web.core.security.ShiroAuthorizingRealm@1e07168b' is a reference to another (previously defined) object, prefix it with '$' to indicate that the referenced object should be used as the actual value.  For example, $com.xxx.market.web.core.security.ShiroAuthorizingRealm@1e07168b
	at org.apache.shiro.config.ReflectionBuilder.setProperty(ReflectionBuilder.java:659)
	at org.apache.shiro.config.ReflectionBuilder.applyProperty(ReflectionBuilder.java:608)
	at org.apache.shiro.config.ReflectionBuilder.applyProperty(ReflectionBuilder.java:720)
	at org.apache.shiro.config.ReflectionBuilder.applySingleProperty(ReflectionBuilder.java:364)
	at org.apache.shiro.config.ReflectionBuilder.applyProperty(ReflectionBuilder.java:325)
	at org.apache.shiro.config.ReflectionBuilder$AssignmentStatement.doExecute(ReflectionBuilder.java:955)
	at org.apache.shiro.config.ReflectionBuilder$Statement.execute(ReflectionBuilder.java:887)
	at org.apache.shiro.config.ReflectionBuilder$BeanConfigurationProcessor.execute(ReflectionBuilder.java:765)
	at org.apache.shiro.config.ReflectionBuilder.buildObjects(ReflectionBuilder.java:260)
	at org.apache.shiro.config.IniSecurityManagerFactory.buildInstances(IniSecurityManagerFactory.java:167)
	at org.apache.shiro.config.IniSecurityManagerFactory.createSecurityManager(IniSecurityManagerFactory.java:130)
	at org.apache.shiro.config.IniSecurityManagerFactory.createSecurityManager(IniSecurityManagerFactory.java:108)
	at org.apache.shiro.config.IniSecurityManagerFactory.createInstance(IniSecurityManagerFactory.java:94)
	at org.apache.shiro.config.IniSecurityManagerFactory.createInstance(IniSecurityManagerFactory.java:46)
	at org.apache.shiro.config.IniFactorySupport.createInstance(IniFactorySupport.java:123)
	at org.apache.shiro.util.AbstractFactory.getInstance(AbstractFactory.java:47)
	at org.apache.shiro.web.env.IniWebEnvironment.createWebSecurityManager(IniWebEnvironment.java:203)
	at org.apache.shiro.web.env.IniWebEnvironment.configure(IniWebEnvironment.java:99)
	at org.apache.shiro.web.env.IniWebEnvironment.init(IniWebEnvironment.java:92)
	at org.apache.shiro.util.LifecycleUtils.init(LifecycleUtils.java:45)
	at org.apache.shiro.util.LifecycleUtils.init(LifecycleUtils.java:40)
	at org.apache.shiro.web.env.EnvironmentLoader.createEnvironment(EnvironmentLoader.java:221)
	at org.apache.shiro.web.env.EnvironmentLoader.initEnvironment(EnvironmentLoader.java:133)
	at org.apache.shiro.web.env.EnvironmentLoaderListener.contextInitialized(EnvironmentLoaderListener.java:58)
	at org.eclipse.jetty.server.handler.ContextHandler.callContextInitialized(ContextHandler.java:771)
	at org.eclipse.jetty.servlet.ServletContextHandler.callContextInitialized(ServletContextHandler.java:424)
	at org.eclipse.jetty.server.handler.ContextHandler.startContext(ContextHandler.java:763)
	at org.eclipse.jetty.servlet.ServletContextHandler.startContext(ServletContextHandler.java:249)
	at org.eclipse.jetty.webapp.WebAppContext.startContext(WebAppContext.java:1250)
	at org.eclipse.jetty.server.handler.ContextHandler.doStart(ContextHandler.java:706)
	at org.eclipse.jetty.webapp.WebAppContext.doStart(WebAppContext.java:492)
	at org.eclipse.jetty.util.component.AbstractLifeCycle.start(AbstractLifeCycle.java:64)
	at com.jfinal.server.JettyServer$1.onChange(JettyServer.java:108)
	at com.jfinal.server.Scanner.compare(Scanner.java:88)
	at com.jfinal.server.Scanner.working(Scanner.java:57)
	at com.jfinal.server.Scanner.access$000(Scanner.java:31)
	at com.jfinal.server.Scanner$1.run(Scanner.java:94)
	at java.util.TimerThread.mainLoop(Timer.java:555)
	at java.util.TimerThread.run(Timer.java:505)
Caused by: java.lang.IllegalArgumentException: Cannot invoke org.apache.shiro.mgt.RealmSecurityManager.setRealm on bean class 'class org.apache.shiro.web.mgt.DefaultWebSecurityManager' - argument type mismatch - had objects of type "com.xxx.market.web.core.security.ShiroAuthorizingRealm" but expected signature "org.apache.shiro.realm.Realm"
	at org.apache.commons.beanutils.PropertyUtilsBean.invokeMethod(PropertyUtilsBean.java:2235)
	at org.apache.commons.beanutils.PropertyUtilsBean.setSimpleProperty(PropertyUtilsBean.java:2151)
	at org.apache.commons.beanutils.PropertyUtilsBean.setNestedProperty(PropertyUtilsBean.java:1957)
	at org.apache.commons.beanutils.PropertyUtilsBean.setProperty(PropertyUtilsBean.java:2064)
	at org.apache.commons.beanutils.BeanUtilsBean.setProperty(BeanUtilsBean.java:1017)
	at org.apache.commons.beanutils.BeanUtils.setProperty(BeanUtils.java:456)
	at org.apache.shiro.config.ReflectionBuilder.setProperty(ReflectionBuilder.java:651)
	... 38 more
Caused by: java.lang.IllegalArgumentException: argument type mismatch
	at sun.reflect.NativeMethodAccessorImpl.invoke0(Native Method)
	at sun.reflect.NativeMethodAccessorImpl.invoke(NativeMethodAccessorImpl.java:62)
	at sun.reflect.DelegatingMethodAccessorImpl.invoke(DelegatingMethodAccessorImpl.java:43)
	at java.lang.reflect.Method.invoke(Method.java:498)
	at org.apache.commons.beanutils.PropertyUtilsBean.invokeMethod(PropertyUtilsBean.java:2170)
	... 44 more
[ERROR] 2017-04-26 17:54:16 Method:  org.apache.shiro.web.env.EnvironmentLoader.initEnvironment(EnvironmentLoader.java:146)
Shiro environment initialization failed
org.apache.shiro.config.ConfigurationException: Unable to set property 'realm' with value [com.xxx.market.web.core.security.ShiroAuthorizingRealm@20069af3] on object of type org.apache.shiro.web.mgt.DefaultWebSecurityManager.  If 'com.xxx.market.web.core.security.ShiroAuthorizingRealm@20069af3' is a reference to another (previously defined) object, prefix it with '$' to indicate that the referenced object should be used as the actual value.  For example, $com.xxx.market.web.core.security.ShiroAuthorizingRealm@20069af3
	at org.apache.shiro.config.ReflectionBuilder.setProperty(ReflectionBuilder.java:659)
	at org.apache.shiro.config.ReflectionBuilder.applyProperty(ReflectionBuilder.java:608)
	at org.apache.shiro.config.ReflectionBuilder.applyProperty(ReflectionBuilder.java:720)
	at org.apache.shiro.config.ReflectionBuilder.applySingleProperty(ReflectionBuilder.java:364)
	at org.apache.shiro.config.ReflectionBuilder.applyProperty(ReflectionBuilder.java:325)
	at org.apache.shiro.config.ReflectionBuilder$AssignmentStatement.doExecute(ReflectionBuilder.java:955)
	at org.apache.shiro.config.ReflectionBuilder$Statement.execute(ReflectionBuilder.java:887)
	at org.apache.shiro.config.ReflectionBuilder$BeanConfigurationProcessor.execute(ReflectionBuilder.java:765)
	at org.apache.shiro.config.ReflectionBuilder.buildObjects(ReflectionBuilder.java:260)
	at org.apache.shiro.config.IniSecurityManagerFactory.buildInstances(IniSecurityManagerFactory.java:167)
	at org.apache.shiro.config.IniSecurityManagerFactory.createSecurityManager(IniSecurityManagerFactory.java:130)
	at org.apache.shiro.config.IniSecurityManagerFactory.createSecurityManager(IniSecurityManagerFactory.java:108)
	at org.apache.shiro.config.IniSecurityManagerFactory.createInstance(IniSecurityManagerFactory.java:94)
	at org.apache.shiro.config.IniSecurityManagerFactory.createInstance(IniSecurityManagerFactory.java:46)
	at org.apache.shiro.config.IniFactorySupport.createInstance(IniFactorySupport.java:123)
	at org.apache.shiro.util.AbstractFactory.getInstance(AbstractFactory.java:47)
	at org.apache.shiro.web.env.IniWebEnvironment.createWebSecurityManager(IniWebEnvironment.java:203)
	at org.apache.shiro.web.env.IniWebEnvironment.configure(IniWebEnvironment.java:99)
	at org.apache.shiro.web.env.IniWebEnvironment.init(IniWebEnvironment.java:92)
	at org.apache.shiro.util.LifecycleUtils.init(LifecycleUtils.java:45)
	at org.apache.shiro.util.LifecycleUtils.init(LifecycleUtils.java:40)
	at org.apache.shiro.web.env.EnvironmentLoader.createEnvironment(EnvironmentLoader.java:221)
	at org.apache.shiro.web.env.EnvironmentLoader.initEnvironment(EnvironmentLoader.java:133)
	at org.apache.shiro.web.env.EnvironmentLoaderListener.contextInitialized(EnvironmentLoaderListener.java:58)
	at org.eclipse.jetty.server.handler.ContextHandler.callContextInitialized(ContextHandler.java:771)
	at org.eclipse.jetty.servlet.ServletContextHandler.callContextInitialized(ServletContextHandler.java:424)
	at org.eclipse.jetty.server.handler.ContextHandler.startContext(ContextHandler.java:763)
	at org.eclipse.jetty.servlet.ServletContextHandler.startContext(ServletContextHandler.java:249)
	at org.eclipse.jetty.webapp.WebAppContext.startContext(WebAppContext.java:1250)
	at org.eclipse.jetty.server.handler.ContextHandler.doStart(ContextHandler.java:706)
	at org.eclipse.jetty.webapp.WebAppContext.doStart(WebAppContext.java:492)
	at org.eclipse.jetty.util.component.AbstractLifeCycle.start(AbstractLifeCycle.java:64)
	at com.jfinal.server.JettyServer$1.onChange(JettyServer.java:108)
	at com.jfinal.server.Scanner.compare(Scanner.java:88)
	at com.jfinal.server.Scanner.working(Scanner.java:57)
	at com.jfinal.server.Scanner.access$000(Scanner.java:31)
	at com.jfinal.server.Scanner$1.run(Scanner.java:94)
	at java.util.TimerThread.mainLoop(Timer.java:555)
	at java.util.TimerThread.run(Timer.java:505)
Caused by: java.lang.IllegalArgumentException: Cannot invoke org.apache.shiro.mgt.RealmSecurityManager.setRealm on bean class 'class org.apache.shiro.web.mgt.DefaultWebSecurityManager' - argument type mismatch - had objects of type "com.xxx.market.web.core.security.ShiroAuthorizingRealm" but expected signature "org.apache.shiro.realm.Realm"
	at org.apache.commons.beanutils.PropertyUtilsBean.invokeMethod(PropertyUtilsBean.java:2235)
	at org.apache.commons.beanutils.PropertyUtilsBean.setSimpleProperty(PropertyUtilsBean.java:2151)
	at org.apache.commons.beanutils.PropertyUtilsBean.setNestedProperty(PropertyUtilsBean.java:1957)
	at org.apache.commons.beanutils.PropertyUtilsBean.setProperty(PropertyUtilsBean.java:2064)
	at org.apache.commons.beanutils.BeanUtilsBean.setProperty(BeanUtilsBean.java:1017)
	at org.apache.commons.beanutils.BeanUtils.setProperty(BeanUtils.java:456)
	at org.apache.shiro.config.ReflectionBuilder.setProperty(ReflectionBuilder.java:651)
	... 38 more
Caused by: java.lang.IllegalArgumentException: argument type mismatch
	at sun.reflect.NativeMethodAccessorImpl.invoke0(Native Method)
	at sun.reflect.NativeMethodAccessorImpl.invoke(NativeMethodAccessorImpl.java:62)
	at sun.reflect.DelegatingMethodAccessorImpl.invoke(DelegatingMethodAccessorImpl.java:43)
	at java.lang.reflect.Method.invoke(Method.java:498)
	at org.apache.commons.beanutils.PropertyUtilsBean.invokeMethod(PropertyUtilsBean.java:2170)
	... 44 more
[ERROR] 2017-04-26 17:54:16 Method:  com.jfinal.kit.LogKit.error(LogKit.java:75)
Unable to set property 'realm' with value [com.xxx.market.web.core.security.ShiroAuthorizingRealm@20069af3] on object of type org.apache.shiro.web.mgt.DefaultWebSecurityManager.  If 'com.xxx.market.web.core.security.ShiroAuthorizingRealm@20069af3' is a reference to another (previously defined) object, prefix it with '$' to indicate that the referenced object should be used as the actual value.  For example, $com.xxx.market.web.core.security.ShiroAuthorizingRealm@20069af3
org.apache.shiro.config.ConfigurationException: Unable to set property 'realm' with value [com.xxx.market.web.core.security.ShiroAuthorizingRealm@20069af3] on object of type org.apache.shiro.web.mgt.DefaultWebSecurityManager.  If 'com.xxx.market.web.core.security.ShiroAuthorizingRealm@20069af3' is a reference to another (previously defined) object, prefix it with '$' to indicate that the referenced object should be used as the actual value.  For example, $com.xxx.market.web.core.security.ShiroAuthorizingRealm@20069af3
	at org.apache.shiro.config.ReflectionBuilder.setProperty(ReflectionBuilder.java:659)
	at org.apache.shiro.config.ReflectionBuilder.applyProperty(ReflectionBuilder.java:608)
	at org.apache.shiro.config.ReflectionBuilder.applyProperty(ReflectionBuilder.java:720)
	at org.apache.shiro.config.ReflectionBuilder.applySingleProperty(ReflectionBuilder.java:364)
	at org.apache.shiro.config.ReflectionBuilder.applyProperty(ReflectionBuilder.java:325)
	at org.apache.shiro.config.ReflectionBuilder$AssignmentStatement.doExecute(ReflectionBuilder.java:955)
	at org.apache.shiro.config.ReflectionBuilder$Statement.execute(ReflectionBuilder.java:887)
	at org.apache.shiro.config.ReflectionBuilder$BeanConfigurationProcessor.execute(ReflectionBuilder.java:765)
	at org.apache.shiro.config.ReflectionBuilder.buildObjects(ReflectionBuilder.java:260)
	at org.apache.shiro.config.IniSecurityManagerFactory.buildInstances(IniSecurityManagerFactory.java:167)
	at org.apache.shiro.config.IniSecurityManagerFactory.createSecurityManager(IniSecurityManagerFactory.java:130)
	at org.apache.shiro.config.IniSecurityManagerFactory.createSecurityManager(IniSecurityManagerFactory.java:108)
	at org.apache.shiro.config.IniSecurityManagerFactory.createInstance(IniSecurityManagerFactory.java:94)
	at org.apache.shiro.config.IniSecurityManagerFactory.createInstance(IniSecurityManagerFactory.java:46)
	at org.apache.shiro.config.IniFactorySupport.createInstance(IniFactorySupport.java:123)
	at org.apache.shiro.util.AbstractFactory.getInstance(AbstractFactory.java:47)
	at org.apache.shiro.web.env.IniWebEnvironment.createWebSecurityManager(IniWebEnvironment.java:203)
	at org.apache.shiro.web.env.IniWebEnvironment.configure(IniWebEnvironment.java:99)
	at org.apache.shiro.web.env.IniWebEnvironment.init(IniWebEnvironment.java:92)
	at org.apache.shiro.util.LifecycleUtils.init(LifecycleUtils.java:45)
	at org.apache.shiro.util.LifecycleUtils.init(LifecycleUtils.java:40)
	at org.apache.shiro.web.env.EnvironmentLoader.createEnvironment(EnvironmentLoader.java:221)
	at org.apache.shiro.web.env.EnvironmentLoader.initEnvironment(EnvironmentLoader.java:133)
	at org.apache.shiro.web.env.EnvironmentLoaderListener.contextInitialized(EnvironmentLoaderListener.java:58)
	at org.eclipse.jetty.server.handler.ContextHandler.callContextInitialized(ContextHandler.java:771)
	at org.eclipse.jetty.servlet.ServletContextHandler.callContextInitialized(ServletContextHandler.java:424)
	at org.eclipse.jetty.server.handler.ContextHandler.startContext(ContextHandler.java:763)
	at org.eclipse.jetty.servlet.ServletContextHandler.startContext(ServletContextHandler.java:249)
	at org.eclipse.jetty.webapp.WebAppContext.startContext(WebAppContext.java:1250)
	at org.eclipse.jetty.server.handler.ContextHandler.doStart(ContextHandler.java:706)
	at org.eclipse.jetty.webapp.WebAppContext.doStart(WebAppContext.java:492)
	at org.eclipse.jetty.util.component.AbstractLifeCycle.start(AbstractLifeCycle.java:64)
	at com.jfinal.server.JettyServer$1.onChange(JettyServer.java:108)
	at com.jfinal.server.Scanner.compare(Scanner.java:88)
	at com.jfinal.server.Scanner.working(Scanner.java:57)
	at com.jfinal.server.Scanner.access$000(Scanner.java:31)
	at com.jfinal.server.Scanner$1.run(Scanner.java:94)
	at java.util.TimerThread.mainLoop(Timer.java:555)
	at java.util.TimerThread.run(Timer.java:505)
Caused by: java.lang.IllegalArgumentException: Cannot invoke org.apache.shiro.mgt.RealmSecurityManager.setRealm on bean class 'class org.apache.shiro.web.mgt.DefaultWebSecurityManager' - argument type mismatch - had objects of type "com.xxx.market.web.core.security.ShiroAuthorizingRealm" but expected signature "org.apache.shiro.realm.Realm"
	at org.apache.commons.beanutils.PropertyUtilsBean.invokeMethod(PropertyUtilsBean.java:2235)
	at org.apache.commons.beanutils.PropertyUtilsBean.setSimpleProperty(PropertyUtilsBean.java:2151)
	at org.apache.commons.beanutils.PropertyUtilsBean.setNestedProperty(PropertyUtilsBean.java:1957)
	at org.apache.commons.beanutils.PropertyUtilsBean.setProperty(PropertyUtilsBean.java:2064)
	at org.apache.commons.beanutils.BeanUtilsBean.setProperty(BeanUtilsBean.java:1017)
	at org.apache.commons.beanutils.BeanUtils.setProperty(BeanUtils.java:456)
	at org.apache.shiro.config.ReflectionBuilder.setProperty(ReflectionBuilder.java:651)
	... 38 more
Caused by: java.lang.IllegalArgumentException: argument type mismatch
	at sun.reflect.NativeMethodAccessorImpl.invoke0(Native Method)
	at sun.reflect.NativeMethodAccessorImpl.invoke(NativeMethodAccessorImpl.java:62)
	at sun.reflect.DelegatingMethodAccessorImpl.invoke(DelegatingMethodAccessorImpl.java:43)
	at java.lang.reflect.Method.invoke(Method.java:498)
	at org.apache.commons.beanutils.PropertyUtilsBean.invokeMethod(PropertyUtilsBean.java:2170)
	... 44 more
[ERROR] 2017-04-26 17:54:21 Method:  org.apache.shiro.web.env.EnvironmentLoader.initEnvironment(EnvironmentLoader.java:146)
Shiro environment initialization failed
org.apache.shiro.config.ConfigurationException: Unable to set property 'realm' with value [com.xxx.market.web.core.security.ShiroAuthorizingRealm@136bebe0] on object of type org.apache.shiro.web.mgt.DefaultWebSecurityManager.  If 'com.xxx.market.web.core.security.ShiroAuthorizingRealm@136bebe0' is a reference to another (previously defined) object, prefix it with '$' to indicate that the referenced object should be used as the actual value.  For example, $com.xxx.market.web.core.security.ShiroAuthorizingRealm@136bebe0
	at org.apache.shiro.config.ReflectionBuilder.setProperty(ReflectionBuilder.java:659)
	at org.apache.shiro.config.ReflectionBuilder.applyProperty(ReflectionBuilder.java:608)
	at org.apache.shiro.config.ReflectionBuilder.applyProperty(ReflectionBuilder.java:720)
	at org.apache.shiro.config.ReflectionBuilder.applySingleProperty(ReflectionBuilder.java:364)
	at org.apache.shiro.config.ReflectionBuilder.applyProperty(ReflectionBuilder.java:325)
	at org.apache.shiro.config.ReflectionBuilder$AssignmentStatement.doExecute(ReflectionBuilder.java:955)
	at org.apache.shiro.config.ReflectionBuilder$Statement.execute(ReflectionBuilder.java:887)
	at org.apache.shiro.config.ReflectionBuilder$BeanConfigurationProcessor.execute(ReflectionBuilder.java:765)
	at org.apache.shiro.config.ReflectionBuilder.buildObjects(ReflectionBuilder.java:260)
	at org.apache.shiro.config.IniSecurityManagerFactory.buildInstances(IniSecurityManagerFactory.java:167)
	at org.apache.shiro.config.IniSecurityManagerFactory.createSecurityManager(IniSecurityManagerFactory.java:130)
	at org.apache.shiro.config.IniSecurityManagerFactory.createSecurityManager(IniSecurityManagerFactory.java:108)
	at org.apache.shiro.config.IniSecurityManagerFactory.createInstance(IniSecurityManagerFactory.java:94)
	at org.apache.shiro.config.IniSecurityManagerFactory.createInstance(IniSecurityManagerFactory.java:46)
	at org.apache.shiro.config.IniFactorySupport.createInstance(IniFactorySupport.java:123)
	at org.apache.shiro.util.AbstractFactory.getInstance(AbstractFactory.java:47)
	at org.apache.shiro.web.env.IniWebEnvironment.createWebSecurityManager(IniWebEnvironment.java:203)
	at org.apache.shiro.web.env.IniWebEnvironment.configure(IniWebEnvironment.java:99)
	at org.apache.shiro.web.env.IniWebEnvironment.init(IniWebEnvironment.java:92)
	at org.apache.shiro.util.LifecycleUtils.init(LifecycleUtils.java:45)
	at org.apache.shiro.util.LifecycleUtils.init(LifecycleUtils.java:40)
	at org.apache.shiro.web.env.EnvironmentLoader.createEnvironment(EnvironmentLoader.java:221)
	at org.apache.shiro.web.env.EnvironmentLoader.initEnvironment(EnvironmentLoader.java:133)
	at org.apache.shiro.web.env.EnvironmentLoaderListener.contextInitialized(EnvironmentLoaderListener.java:58)
	at org.eclipse.jetty.server.handler.ContextHandler.callContextInitialized(ContextHandler.java:771)
	at org.eclipse.jetty.servlet.ServletContextHandler.callContextInitialized(ServletContextHandler.java:424)
	at org.eclipse.jetty.server.handler.ContextHandler.startContext(ContextHandler.java:763)
	at org.eclipse.jetty.servlet.ServletContextHandler.startContext(ServletContextHandler.java:249)
	at org.eclipse.jetty.webapp.WebAppContext.startContext(WebAppContext.java:1250)
	at org.eclipse.jetty.server.handler.ContextHandler.doStart(ContextHandler.java:706)
	at org.eclipse.jetty.webapp.WebAppContext.doStart(WebAppContext.java:492)
	at org.eclipse.jetty.util.component.AbstractLifeCycle.start(AbstractLifeCycle.java:64)
	at com.jfinal.server.JettyServer$1.onChange(JettyServer.java:108)
	at com.jfinal.server.Scanner.compare(Scanner.java:88)
	at com.jfinal.server.Scanner.working(Scanner.java:57)
	at com.jfinal.server.Scanner.access$000(Scanner.java:31)
	at com.jfinal.server.Scanner$1.run(Scanner.java:94)
	at java.util.TimerThread.mainLoop(Timer.java:555)
	at java.util.TimerThread.run(Timer.java:505)
Caused by: java.lang.IllegalArgumentException: Cannot invoke org.apache.shiro.mgt.RealmSecurityManager.setRealm on bean class 'class org.apache.shiro.web.mgt.DefaultWebSecurityManager' - argument type mismatch - had objects of type "com.xxx.market.web.core.security.ShiroAuthorizingRealm" but expected signature "org.apache.shiro.realm.Realm"
	at org.apache.commons.beanutils.PropertyUtilsBean.invokeMethod(PropertyUtilsBean.java:2235)
	at org.apache.commons.beanutils.PropertyUtilsBean.setSimpleProperty(PropertyUtilsBean.java:2151)
	at org.apache.commons.beanutils.PropertyUtilsBean.setNestedProperty(PropertyUtilsBean.java:1957)
	at org.apache.commons.beanutils.PropertyUtilsBean.setProperty(PropertyUtilsBean.java:2064)
	at org.apache.commons.beanutils.BeanUtilsBean.setProperty(BeanUtilsBean.java:1017)
	at org.apache.commons.beanutils.BeanUtils.setProperty(BeanUtils.java:456)
	at org.apache.shiro.config.ReflectionBuilder.setProperty(ReflectionBuilder.java:651)
	... 38 more
Caused by: java.lang.IllegalArgumentException: argument type mismatch
	at sun.reflect.NativeMethodAccessorImpl.invoke0(Native Method)
	at sun.reflect.NativeMethodAccessorImpl.invoke(NativeMethodAccessorImpl.java:62)
	at sun.reflect.DelegatingMethodAccessorImpl.invoke(DelegatingMethodAccessorImpl.java:43)
	at java.lang.reflect.Method.invoke(Method.java:498)
	at org.apache.commons.beanutils.PropertyUtilsBean.invokeMethod(PropertyUtilsBean.java:2170)
	... 44 more
[ERROR] 2017-04-26 17:54:21 Method:  com.jfinal.kit.LogKit.error(LogKit.java:75)
Unable to set property 'realm' with value [com.xxx.market.web.core.security.ShiroAuthorizingRealm@136bebe0] on object of type org.apache.shiro.web.mgt.DefaultWebSecurityManager.  If 'com.xxx.market.web.core.security.ShiroAuthorizingRealm@136bebe0' is a reference to another (previously defined) object, prefix it with '$' to indicate that the referenced object should be used as the actual value.  For example, $com.xxx.market.web.core.security.ShiroAuthorizingRealm@136bebe0
org.apache.shiro.config.ConfigurationException: Unable to set property 'realm' with value [com.xxx.market.web.core.security.ShiroAuthorizingRealm@136bebe0] on object of type org.apache.shiro.web.mgt.DefaultWebSecurityManager.  If 'com.xxx.market.web.core.security.ShiroAuthorizingRealm@136bebe0' is a reference to another (previously defined) object, prefix it with '$' to indicate that the referenced object should be used as the actual value.  For example, $com.xxx.market.web.core.security.ShiroAuthorizingRealm@136bebe0
	at org.apache.shiro.config.ReflectionBuilder.setProperty(ReflectionBuilder.java:659)
	at org.apache.shiro.config.ReflectionBuilder.applyProperty(ReflectionBuilder.java:608)
	at org.apache.shiro.config.ReflectionBuilder.applyProperty(ReflectionBuilder.java:720)
	at org.apache.shiro.config.ReflectionBuilder.applySingleProperty(ReflectionBuilder.java:364)
	at org.apache.shiro.config.ReflectionBuilder.applyProperty(ReflectionBuilder.java:325)
	at org.apache.shiro.config.ReflectionBuilder$AssignmentStatement.doExecute(ReflectionBuilder.java:955)
	at org.apache.shiro.config.ReflectionBuilder$Statement.execute(ReflectionBuilder.java:887)
	at org.apache.shiro.config.ReflectionBuilder$BeanConfigurationProcessor.execute(ReflectionBuilder.java:765)
	at org.apache.shiro.config.ReflectionBuilder.buildObjects(ReflectionBuilder.java:260)
	at org.apache.shiro.config.IniSecurityManagerFactory.buildInstances(IniSecurityManagerFactory.java:167)
	at org.apache.shiro.config.IniSecurityManagerFactory.createSecurityManager(IniSecurityManagerFactory.java:130)
	at org.apache.shiro.config.IniSecurityManagerFactory.createSecurityManager(IniSecurityManagerFactory.java:108)
	at org.apache.shiro.config.IniSecurityManagerFactory.createInstance(IniSecurityManagerFactory.java:94)
	at org.apache.shiro.config.IniSecurityManagerFactory.createInstance(IniSecurityManagerFactory.java:46)
	at org.apache.shiro.config.IniFactorySupport.createInstance(IniFactorySupport.java:123)
	at org.apache.shiro.util.AbstractFactory.getInstance(AbstractFactory.java:47)
	at org.apache.shiro.web.env.IniWebEnvironment.createWebSecurityManager(IniWebEnvironment.java:203)
	at org.apache.shiro.web.env.IniWebEnvironment.configure(IniWebEnvironment.java:99)
	at org.apache.shiro.web.env.IniWebEnvironment.init(IniWebEnvironment.java:92)
	at org.apache.shiro.util.LifecycleUtils.init(LifecycleUtils.java:45)
	at org.apache.shiro.util.LifecycleUtils.init(LifecycleUtils.java:40)
	at org.apache.shiro.web.env.EnvironmentLoader.createEnvironment(EnvironmentLoader.java:221)
	at org.apache.shiro.web.env.EnvironmentLoader.initEnvironment(EnvironmentLoader.java:133)
	at org.apache.shiro.web.env.EnvironmentLoaderListener.contextInitialized(EnvironmentLoaderListener.java:58)
	at org.eclipse.jetty.server.handler.ContextHandler.callContextInitialized(ContextHandler.java:771)
	at org.eclipse.jetty.servlet.ServletContextHandler.callContextInitialized(ServletContextHandler.java:424)
	at org.eclipse.jetty.server.handler.ContextHandler.startContext(ContextHandler.java:763)
	at org.eclipse.jetty.servlet.ServletContextHandler.startContext(ServletContextHandler.java:249)
	at org.eclipse.jetty.webapp.WebAppContext.startContext(WebAppContext.java:1250)
	at org.eclipse.jetty.server.handler.ContextHandler.doStart(ContextHandler.java:706)
	at org.eclipse.jetty.webapp.WebAppContext.doStart(WebAppContext.java:492)
	at org.eclipse.jetty.util.component.AbstractLifeCycle.start(AbstractLifeCycle.java:64)
	at com.jfinal.server.JettyServer$1.onChange(JettyServer.java:108)
	at com.jfinal.server.Scanner.compare(Scanner.java:88)
	at com.jfinal.server.Scanner.working(Scanner.java:57)
	at com.jfinal.server.Scanner.access$000(Scanner.java:31)
	at com.jfinal.server.Scanner$1.run(Scanner.java:94)
	at java.util.TimerThread.mainLoop(Timer.java:555)
	at java.util.TimerThread.run(Timer.java:505)
Caused by: java.lang.IllegalArgumentException: Cannot invoke org.apache.shiro.mgt.RealmSecurityManager.setRealm on bean class 'class org.apache.shiro.web.mgt.DefaultWebSecurityManager' - argument type mismatch - had objects of type "com.xxx.market.web.core.security.ShiroAuthorizingRealm" but expected signature "org.apache.shiro.realm.Realm"
	at org.apache.commons.beanutils.PropertyUtilsBean.invokeMethod(PropertyUtilsBean.java:2235)
	at org.apache.commons.beanutils.PropertyUtilsBean.setSimpleProperty(PropertyUtilsBean.java:2151)
	at org.apache.commons.beanutils.PropertyUtilsBean.setNestedProperty(PropertyUtilsBean.java:1957)
	at org.apache.commons.beanutils.PropertyUtilsBean.setProperty(PropertyUtilsBean.java:2064)
	at org.apache.commons.beanutils.BeanUtilsBean.setProperty(BeanUtilsBean.java:1017)
	at org.apache.commons.beanutils.BeanUtils.setProperty(BeanUtils.java:456)
	at org.apache.shiro.config.ReflectionBuilder.setProperty(ReflectionBuilder.java:651)
	... 38 more
Caused by: java.lang.IllegalArgumentException: argument type mismatch
	at sun.reflect.NativeMethodAccessorImpl.invoke0(Native Method)
	at sun.reflect.NativeMethodAccessorImpl.invoke(NativeMethodAccessorImpl.java:62)
	at sun.reflect.DelegatingMethodAccessorImpl.invoke(DelegatingMethodAccessorImpl.java:43)
	at java.lang.reflect.Method.invoke(Method.java:498)
	at org.apache.commons.beanutils.PropertyUtilsBean.invokeMethod(PropertyUtilsBean.java:2170)
	... 44 more
[ERROR] 2017-04-26 17:54:55 Method:  com.xxx.market.web.core.annotation.ClassSearcher.findjarFiles(ClassSearcher.java:153)
file search error:D:\workspace\jfinal-wxall-v1.0\wxmall-web-admin\src\main\webapp\WEB-INF\lib is not a dir！
[DEBUG] 2017-04-26 17:54:55 Method:  com.xxx.market.web.core.route.AutoBindRoutes.config(AutoBindRoutes.java:76)
routes.add(agent, com.xxx.market.web.admin.agent.controller.AgentController)
[DEBUG] 2017-04-26 17:54:55 Method:  com.xxx.market.web.core.route.AutoBindRoutes.config(AutoBindRoutes.java:76)
routes.add(agent/rank, com.xxx.market.web.admin.agent.controller.AgentRankController)
[DEBUG] 2017-04-26 17:54:55 Method:  com.xxx.market.web.core.route.AutoBindRoutes.config(AutoBindRoutes.java:76)
routes.add(commission, com.xxx.market.web.admin.agent.controller.CommissionController)
[DEBUG] 2017-04-26 17:54:55 Method:  com.xxx.market.web.core.route.AutoBindRoutes.config(AutoBindRoutes.java:79)
routes.add(fans, class com.xxx.market.web.admin.fans.controller.FansController,fans)
[DEBUG] 2017-04-26 17:54:55 Method:  com.xxx.market.web.core.route.AutoBindRoutes.config(AutoBindRoutes.java:76)
routes.add(/, com.xxx.market.web.admin.index.controller.IndexController)
[DEBUG] 2017-04-26 17:54:55 Method:  com.xxx.market.web.core.route.AutoBindRoutes.config(AutoBindRoutes.java:79)
routes.add(lottery/award, class com.xxx.market.web.admin.lottery.controller.LotteryAwardController,lottery)
[DEBUG] 2017-04-26 17:54:55 Method:  com.xxx.market.web.core.route.AutoBindRoutes.config(AutoBindRoutes.java:79)
routes.add(lottery, class com.xxx.market.web.admin.lottery.controller.LotteryController,lottery)
[DEBUG] 2017-04-26 17:54:55 Method:  com.xxx.market.web.core.route.AutoBindRoutes.config(AutoBindRoutes.java:79)
routes.add(lottery/set, class com.xxx.market.web.admin.lottery.controller.LotterySetController,lottery)
[DEBUG] 2017-04-26 17:54:55 Method:  com.xxx.market.web.core.route.AutoBindRoutes.config(AutoBindRoutes.java:79)
routes.add(lottery/show, class com.xxx.market.web.admin.lottery.controller.LotteryTypeController,lottery)
[DEBUG] 2017-04-26 17:54:55 Method:  com.xxx.market.web.core.route.AutoBindRoutes.config(AutoBindRoutes.java:76)
routes.add(menu, com.xxx.market.web.admin.menu.controller.MenuController)
[DEBUG] 2017-04-26 17:54:55 Method:  com.xxx.market.web.core.route.AutoBindRoutes.config(AutoBindRoutes.java:76)
routes.add(module, com.xxx.market.web.admin.module.controller.ModuleController)
[DEBUG] 2017-04-26 17:54:55 Method:  com.xxx.market.web.core.route.AutoBindRoutes.config(AutoBindRoutes.java:76)
routes.add(express, com.xxx.market.web.admin.order.controller.ExpressController)
[DEBUG] 2017-04-26 17:54:55 Method:  com.xxx.market.web.core.route.AutoBindRoutes.config(AutoBindRoutes.java:76)
routes.add(invoice, com.xxx.market.web.admin.order.controller.InvoiceController)
[DEBUG] 2017-04-26 17:54:55 Method:  com.xxx.market.web.core.route.AutoBindRoutes.config(AutoBindRoutes.java:76)
routes.add(order, com.xxx.market.web.admin.order.controller.OrderController)
[DEBUG] 2017-04-26 17:54:55 Method:  com.xxx.market.web.core.route.AutoBindRoutes.config(AutoBindRoutes.java:76)
routes.add(pay, com.xxx.market.web.admin.pay.controller.PayController)
[DEBUG] 2017-04-26 17:54:55 Method:  com.xxx.market.web.core.route.AutoBindRoutes.config(AutoBindRoutes.java:79)
routes.add(prize, class com.xxx.market.web.admin.prize.controller.PrizeController,prize)
[DEBUG] 2017-04-26 17:54:55 Method:  com.xxx.market.web.core.route.AutoBindRoutes.config(AutoBindRoutes.java:79)
routes.add(prize/sendrcd, class com.xxx.market.web.admin.prize.controller.PrizeSendRecordController,prize)
[DEBUG] 2017-04-26 17:54:55 Method:  com.xxx.market.web.core.route.AutoBindRoutes.config(AutoBindRoutes.java:79)
routes.add(prize/type, class com.xxx.market.web.admin.prize.controller.PrizeTypeController,prize)
[DEBUG] 2017-04-26 17:54:55 Method:  com.xxx.market.web.core.route.AutoBindRoutes.config(AutoBindRoutes.java:79)
routes.add(category, class com.xxx.market.web.admin.product.controller.CategoryController,category)
[DEBUG] 2017-04-26 17:54:55 Method:  com.xxx.market.web.core.route.AutoBindRoutes.config(AutoBindRoutes.java:79)
routes.add(component, class com.xxx.market.web.admin.product.controller.ComponentController,component)
[DEBUG] 2017-04-26 17:54:55 Method:  com.xxx.market.web.core.route.AutoBindRoutes.config(AutoBindRoutes.java:79)
routes.add(delivery, class com.xxx.market.web.admin.product.controller.DeliveryController,delivery)
[DEBUG] 2017-04-26 17:54:55 Method:  com.xxx.market.web.core.route.AutoBindRoutes.config(AutoBindRoutes.java:79)
routes.add(attachment, class com.xxx.market.web.admin.product.controller.ImageGroupController,attachment)
[DEBUG] 2017-04-26 17:54:55 Method:  com.xxx.market.web.core.route.AutoBindRoutes.config(AutoBindRoutes.java:79)
routes.add(product, class com.xxx.market.web.admin.product.controller.ProductController,product)
[DEBUG] 2017-04-26 17:54:55 Method:  com.xxx.market.web.core.route.AutoBindRoutes.config(AutoBindRoutes.java:79)
routes.add(specification, class com.xxx.market.web.admin.product.controller.SpecificationController,specification)
[DEBUG] 2017-04-26 17:54:55 Method:  com.xxx.market.web.core.route.AutoBindRoutes.config(AutoBindRoutes.java:79)
routes.add(qiandao, class com.xxx.market.web.admin.qiandao.controller.QiandaoController,qiandao)
[DEBUG] 2017-04-26 17:54:55 Method:  com.xxx.market.web.core.route.AutoBindRoutes.config(AutoBindRoutes.java:76)
routes.add(qrcode, com.xxx.market.web.admin.qrcode.controller.QrcodeController)
[DEBUG] 2017-04-26 17:54:55 Method:  com.xxx.market.web.core.route.AutoBindRoutes.config(AutoBindRoutes.java:76)
routes.add(setting, com.xxx.market.web.admin.setting.controller.SettingController)
[DEBUG] 2017-04-26 17:54:55 Method:  com.xxx.market.web.core.route.AutoBindRoutes.config(AutoBindRoutes.java:76)
routes.add(shop, com.xxx.market.web.admin.shop.controller.ShopController)
[DEBUG] 2017-04-26 17:54:55 Method:  com.xxx.market.web.core.route.AutoBindRoutes.config(AutoBindRoutes.java:76)
routes.add(cashback, com.xxx.market.web.admin.ump.controller.CashBackController)
[DEBUG] 2017-04-26 17:54:55 Method:  com.xxx.market.web.core.route.AutoBindRoutes.config(AutoBindRoutes.java:76)
routes.add(promotion, com.xxx.market.web.admin.ump.controller.PromotionController)
[DEBUG] 2017-04-26 17:54:55 Method:  com.xxx.market.web.core.route.AutoBindRoutes.config(AutoBindRoutes.java:76)
routes.add(reward, com.xxx.market.web.admin.ump.controller.RewardController)
[DEBUG] 2017-04-26 17:54:55 Method:  com.xxx.market.web.core.route.AutoBindRoutes.config(AutoBindRoutes.java:76)
routes.add(/weixin/msg, com.xxx.market.web.admin.weixin.controller.WeixinMsgController)
[DEBUG] 2017-04-26 17:54:55 Method:  com.xxx.market.web.core.route.AutoBindRoutes.config(AutoBindRoutes.java:73)
routes.add(/adminBase, com.xxx.market.web.core.controller.AdminBaseController)
[DEBUG] 2017-04-26 17:54:55 Method:  com.xxx.market.web.core.route.AutoBindRoutes.config(AutoBindRoutes.java:73)
routes.add(/base, com.xxx.market.web.core.controller.BaseController)
[DEBUG] 2017-04-26 17:54:55 Method:  com.xxx.market.web.core.route.AutoBindRoutes.config(AutoBindRoutes.java:73)
routes.add(/api, com.xxx.market.web.core.weixin.ApiController)
[DEBUG] 2017-04-26 17:54:55 Method:  com.xxx.market.web.core.route.AutoBindRoutes.config(AutoBindRoutes.java:73)
routes.add(/msg, com.xxx.market.web.core.weixin.MsgController)
[DEBUG] 2017-04-26 17:54:57 Method:  com.xxx.market.web.core.plugin.shiro.ShiroKit.loadJdbcAuthz(ShiroKit.java:249)
authzJdbcService not found!can't load database url premission
[INFO ] 2017-04-26 17:54:57 Method:  com.xxx.market.web.core.config.JFWebConfig.afterJFinalStart(JFWebConfig.java:136)
 dbu admin server is ready!!
[ERROR] 2017-04-26 17:57:21 Method:  org.apache.shiro.web.env.EnvironmentLoader.initEnvironment(EnvironmentLoader.java:146)
Shiro environment initialization failed
org.apache.shiro.config.ConfigurationException: Unable to set property 'realm' with value [com.xxx.market.web.core.security.ShiroAuthorizingRealm@29111744] on object of type org.apache.shiro.web.mgt.DefaultWebSecurityManager.  If 'com.xxx.market.web.core.security.ShiroAuthorizingRealm@29111744' is a reference to another (previously defined) object, prefix it with '$' to indicate that the referenced object should be used as the actual value.  For example, $com.xxx.market.web.core.security.ShiroAuthorizingRealm@29111744
	at org.apache.shiro.config.ReflectionBuilder.setProperty(ReflectionBuilder.java:659)
	at org.apache.shiro.config.ReflectionBuilder.applyProperty(ReflectionBuilder.java:608)
	at org.apache.shiro.config.ReflectionBuilder.applyProperty(ReflectionBuilder.java:720)
	at org.apache.shiro.config.ReflectionBuilder.applySingleProperty(ReflectionBuilder.java:364)
	at org.apache.shiro.config.ReflectionBuilder.applyProperty(ReflectionBuilder.java:325)
	at org.apache.shiro.config.ReflectionBuilder$AssignmentStatement.doExecute(ReflectionBuilder.java:955)
	at org.apache.shiro.config.ReflectionBuilder$Statement.execute(ReflectionBuilder.java:887)
	at org.apache.shiro.config.ReflectionBuilder$BeanConfigurationProcessor.execute(ReflectionBuilder.java:765)
	at org.apache.shiro.config.ReflectionBuilder.buildObjects(ReflectionBuilder.java:260)
	at org.apache.shiro.config.IniSecurityManagerFactory.buildInstances(IniSecurityManagerFactory.java:167)
	at org.apache.shiro.config.IniSecurityManagerFactory.createSecurityManager(IniSecurityManagerFactory.java:130)
	at org.apache.shiro.config.IniSecurityManagerFactory.createSecurityManager(IniSecurityManagerFactory.java:108)
	at org.apache.shiro.config.IniSecurityManagerFactory.createInstance(IniSecurityManagerFactory.java:94)
	at org.apache.shiro.config.IniSecurityManagerFactory.createInstance(IniSecurityManagerFactory.java:46)
	at org.apache.shiro.config.IniFactorySupport.createInstance(IniFactorySupport.java:123)
	at org.apache.shiro.util.AbstractFactory.getInstance(AbstractFactory.java:47)
	at org.apache.shiro.web.env.IniWebEnvironment.createWebSecurityManager(IniWebEnvironment.java:203)
	at org.apache.shiro.web.env.IniWebEnvironment.configure(IniWebEnvironment.java:99)
	at org.apache.shiro.web.env.IniWebEnvironment.init(IniWebEnvironment.java:92)
	at org.apache.shiro.util.LifecycleUtils.init(LifecycleUtils.java:45)
	at org.apache.shiro.util.LifecycleUtils.init(LifecycleUtils.java:40)
	at org.apache.shiro.web.env.EnvironmentLoader.createEnvironment(EnvironmentLoader.java:221)
	at org.apache.shiro.web.env.EnvironmentLoader.initEnvironment(EnvironmentLoader.java:133)
	at org.apache.shiro.web.env.EnvironmentLoaderListener.contextInitialized(EnvironmentLoaderListener.java:58)
	at org.eclipse.jetty.server.handler.ContextHandler.callContextInitialized(ContextHandler.java:771)
	at org.eclipse.jetty.servlet.ServletContextHandler.callContextInitialized(ServletContextHandler.java:424)
	at org.eclipse.jetty.server.handler.ContextHandler.startContext(ContextHandler.java:763)
	at org.eclipse.jetty.servlet.ServletContextHandler.startContext(ServletContextHandler.java:249)
	at org.eclipse.jetty.webapp.WebAppContext.startContext(WebAppContext.java:1250)
	at org.eclipse.jetty.server.handler.ContextHandler.doStart(ContextHandler.java:706)
	at org.eclipse.jetty.webapp.WebAppContext.doStart(WebAppContext.java:492)
	at org.eclipse.jetty.util.component.AbstractLifeCycle.start(AbstractLifeCycle.java:64)
	at com.jfinal.server.JettyServer$1.onChange(JettyServer.java:108)
	at com.jfinal.server.Scanner.compare(Scanner.java:88)
	at com.jfinal.server.Scanner.working(Scanner.java:57)
	at com.jfinal.server.Scanner.access$000(Scanner.java:31)
	at com.jfinal.server.Scanner$1.run(Scanner.java:94)
	at java.util.TimerThread.mainLoop(Timer.java:555)
	at java.util.TimerThread.run(Timer.java:505)
Caused by: java.lang.IllegalArgumentException: Cannot invoke org.apache.shiro.mgt.RealmSecurityManager.setRealm on bean class 'class org.apache.shiro.web.mgt.DefaultWebSecurityManager' - argument type mismatch - had objects of type "com.xxx.market.web.core.security.ShiroAuthorizingRealm" but expected signature "org.apache.shiro.realm.Realm"
	at org.apache.commons.beanutils.PropertyUtilsBean.invokeMethod(PropertyUtilsBean.java:2235)
	at org.apache.commons.beanutils.PropertyUtilsBean.setSimpleProperty(PropertyUtilsBean.java:2151)
	at org.apache.commons.beanutils.PropertyUtilsBean.setNestedProperty(PropertyUtilsBean.java:1957)
	at org.apache.commons.beanutils.PropertyUtilsBean.setProperty(PropertyUtilsBean.java:2064)
	at org.apache.commons.beanutils.BeanUtilsBean.setProperty(BeanUtilsBean.java:1017)
	at org.apache.commons.beanutils.BeanUtils.setProperty(BeanUtils.java:456)
	at org.apache.shiro.config.ReflectionBuilder.setProperty(ReflectionBuilder.java:651)
	... 38 more
Caused by: java.lang.IllegalArgumentException: argument type mismatch
	at sun.reflect.NativeMethodAccessorImpl.invoke0(Native Method)
	at sun.reflect.NativeMethodAccessorImpl.invoke(NativeMethodAccessorImpl.java:62)
	at sun.reflect.DelegatingMethodAccessorImpl.invoke(DelegatingMethodAccessorImpl.java:43)
	at java.lang.reflect.Method.invoke(Method.java:498)
	at org.apache.commons.beanutils.PropertyUtilsBean.invokeMethod(PropertyUtilsBean.java:2170)
	... 44 more
[ERROR] 2017-04-26 17:57:21 Method:  com.jfinal.kit.LogKit.error(LogKit.java:75)
Unable to set property 'realm' with value [com.xxx.market.web.core.security.ShiroAuthorizingRealm@29111744] on object of type org.apache.shiro.web.mgt.DefaultWebSecurityManager.  If 'com.xxx.market.web.core.security.ShiroAuthorizingRealm@29111744' is a reference to another (previously defined) object, prefix it with '$' to indicate that the referenced object should be used as the actual value.  For example, $com.xxx.market.web.core.security.ShiroAuthorizingRealm@29111744
org.apache.shiro.config.ConfigurationException: Unable to set property 'realm' with value [com.xxx.market.web.core.security.ShiroAuthorizingRealm@29111744] on object of type org.apache.shiro.web.mgt.DefaultWebSecurityManager.  If 'com.xxx.market.web.core.security.ShiroAuthorizingRealm@29111744' is a reference to another (previously defined) object, prefix it with '$' to indicate that the referenced object should be used as the actual value.  For example, $com.xxx.market.web.core.security.ShiroAuthorizingRealm@29111744
	at org.apache.shiro.config.ReflectionBuilder.setProperty(ReflectionBuilder.java:659)
	at org.apache.shiro.config.ReflectionBuilder.applyProperty(ReflectionBuilder.java:608)
	at org.apache.shiro.config.ReflectionBuilder.applyProperty(ReflectionBuilder.java:720)
	at org.apache.shiro.config.ReflectionBuilder.applySingleProperty(ReflectionBuilder.java:364)
	at org.apache.shiro.config.ReflectionBuilder.applyProperty(ReflectionBuilder.java:325)
	at org.apache.shiro.config.ReflectionBuilder$AssignmentStatement.doExecute(ReflectionBuilder.java:955)
	at org.apache.shiro.config.ReflectionBuilder$Statement.execute(ReflectionBuilder.java:887)
	at org.apache.shiro.config.ReflectionBuilder$BeanConfigurationProcessor.execute(ReflectionBuilder.java:765)
	at org.apache.shiro.config.ReflectionBuilder.buildObjects(ReflectionBuilder.java:260)
	at org.apache.shiro.config.IniSecurityManagerFactory.buildInstances(IniSecurityManagerFactory.java:167)
	at org.apache.shiro.config.IniSecurityManagerFactory.createSecurityManager(IniSecurityManagerFactory.java:130)
	at org.apache.shiro.config.IniSecurityManagerFactory.createSecurityManager(IniSecurityManagerFactory.java:108)
	at org.apache.shiro.config.IniSecurityManagerFactory.createInstance(IniSecurityManagerFactory.java:94)
	at org.apache.shiro.config.IniSecurityManagerFactory.createInstance(IniSecurityManagerFactory.java:46)
	at org.apache.shiro.config.IniFactorySupport.createInstance(IniFactorySupport.java:123)
	at org.apache.shiro.util.AbstractFactory.getInstance(AbstractFactory.java:47)
	at org.apache.shiro.web.env.IniWebEnvironment.createWebSecurityManager(IniWebEnvironment.java:203)
	at org.apache.shiro.web.env.IniWebEnvironment.configure(IniWebEnvironment.java:99)
	at org.apache.shiro.web.env.IniWebEnvironment.init(IniWebEnvironment.java:92)
	at org.apache.shiro.util.LifecycleUtils.init(LifecycleUtils.java:45)
	at org.apache.shiro.util.LifecycleUtils.init(LifecycleUtils.java:40)
	at org.apache.shiro.web.env.EnvironmentLoader.createEnvironment(EnvironmentLoader.java:221)
	at org.apache.shiro.web.env.EnvironmentLoader.initEnvironment(EnvironmentLoader.java:133)
	at org.apache.shiro.web.env.EnvironmentLoaderListener.contextInitialized(EnvironmentLoaderListener.java:58)
	at org.eclipse.jetty.server.handler.ContextHandler.callContextInitialized(ContextHandler.java:771)
	at org.eclipse.jetty.servlet.ServletContextHandler.callContextInitialized(ServletContextHandler.java:424)
	at org.eclipse.jetty.server.handler.ContextHandler.startContext(ContextHandler.java:763)
	at org.eclipse.jetty.servlet.ServletContextHandler.startContext(ServletContextHandler.java:249)
	at org.eclipse.jetty.webapp.WebAppContext.startContext(WebAppContext.java:1250)
	at org.eclipse.jetty.server.handler.ContextHandler.doStart(ContextHandler.java:706)
	at org.eclipse.jetty.webapp.WebAppContext.doStart(WebAppContext.java:492)
	at org.eclipse.jetty.util.component.AbstractLifeCycle.start(AbstractLifeCycle.java:64)
	at com.jfinal.server.JettyServer$1.onChange(JettyServer.java:108)
	at com.jfinal.server.Scanner.compare(Scanner.java:88)
	at com.jfinal.server.Scanner.working(Scanner.java:57)
	at com.jfinal.server.Scanner.access$000(Scanner.java:31)
	at com.jfinal.server.Scanner$1.run(Scanner.java:94)
	at java.util.TimerThread.mainLoop(Timer.java:555)
	at java.util.TimerThread.run(Timer.java:505)
Caused by: java.lang.IllegalArgumentException: Cannot invoke org.apache.shiro.mgt.RealmSecurityManager.setRealm on bean class 'class org.apache.shiro.web.mgt.DefaultWebSecurityManager' - argument type mismatch - had objects of type "com.xxx.market.web.core.security.ShiroAuthorizingRealm" but expected signature "org.apache.shiro.realm.Realm"
	at org.apache.commons.beanutils.PropertyUtilsBean.invokeMethod(PropertyUtilsBean.java:2235)
	at org.apache.commons.beanutils.PropertyUtilsBean.setSimpleProperty(PropertyUtilsBean.java:2151)
	at org.apache.commons.beanutils.PropertyUtilsBean.setNestedProperty(PropertyUtilsBean.java:1957)
	at org.apache.commons.beanutils.PropertyUtilsBean.setProperty(PropertyUtilsBean.java:2064)
	at org.apache.commons.beanutils.BeanUtilsBean.setProperty(BeanUtilsBean.java:1017)
	at org.apache.commons.beanutils.BeanUtils.setProperty(BeanUtils.java:456)
	at org.apache.shiro.config.ReflectionBuilder.setProperty(ReflectionBuilder.java:651)
	... 38 more
Caused by: java.lang.IllegalArgumentException: argument type mismatch
	at sun.reflect.NativeMethodAccessorImpl.invoke0(Native Method)
	at sun.reflect.NativeMethodAccessorImpl.invoke(NativeMethodAccessorImpl.java:62)
	at sun.reflect.DelegatingMethodAccessorImpl.invoke(DelegatingMethodAccessorImpl.java:43)
	at java.lang.reflect.Method.invoke(Method.java:498)
	at org.apache.commons.beanutils.PropertyUtilsBean.invokeMethod(PropertyUtilsBean.java:2170)
	... 44 more
