[ERROR] 2017-04-24 10:33:57 Method:  com.xxx.market.web.core.annotation.ClassSearcher.findjarFiles(ClassSearcher.java:153)
file search error:D:\workspace\jfinal-wxall-v1.0\wxmall-web-admin\src\main\webapp\WEB-INF\lib is not a dir！
[DEBUG] 2017-04-24 10:33:58 Method:  com.xxx.market.web.core.route.AutoBindRoutes.config(AutoBindRoutes.java:76)
routes.add(agent, com.xxx.market.web.admin.agent.controller.AgentController)
[DEBUG] 2017-04-24 10:33:58 Method:  com.xxx.market.web.core.route.AutoBindRoutes.config(AutoBindRoutes.java:76)
routes.add(agent/rank, com.xxx.market.web.admin.agent.controller.AgentRankController)
[DEBUG] 2017-04-24 10:33:58 Method:  com.xxx.market.web.core.route.AutoBindRoutes.config(AutoBindRoutes.java:76)
routes.add(commission, com.xxx.market.web.admin.agent.controller.CommissionController)
[DEBUG] 2017-04-24 10:33:58 Method:  com.xxx.market.web.core.route.AutoBindRoutes.config(AutoBindRoutes.java:79)
routes.add(fans, class com.xxx.market.web.admin.fans.controller.FansController,fans)
[DEBUG] 2017-04-24 10:33:58 Method:  com.xxx.market.web.core.route.AutoBindRoutes.config(AutoBindRoutes.java:76)
routes.add(/, com.xxx.market.web.admin.index.controller.IndexController)
[DEBUG] 2017-04-24 10:33:58 Method:  com.xxx.market.web.core.route.AutoBindRoutes.config(AutoBindRoutes.java:79)
routes.add(lottery/award, class com.xxx.market.web.admin.lottery.controller.LotteryAwardController,lottery)
[DEBUG] 2017-04-24 10:33:58 Method:  com.xxx.market.web.core.route.AutoBindRoutes.config(AutoBindRoutes.java:79)
routes.add(lottery, class com.xxx.market.web.admin.lottery.controller.LotteryController,lottery)
[DEBUG] 2017-04-24 10:33:58 Method:  com.xxx.market.web.core.route.AutoBindRoutes.config(AutoBindRoutes.java:79)
routes.add(lottery/set, class com.xxx.market.web.admin.lottery.controller.LotterySetController,lottery)
[DEBUG] 2017-04-24 10:33:58 Method:  com.xxx.market.web.core.route.AutoBindRoutes.config(AutoBindRoutes.java:79)
routes.add(lottery/show, class com.xxx.market.web.admin.lottery.controller.LotteryTypeController,lottery)
[DEBUG] 2017-04-24 10:33:58 Method:  com.xxx.market.web.core.route.AutoBindRoutes.config(AutoBindRoutes.java:76)
routes.add(menu, com.xxx.market.web.admin.menu.controller.MenuController)
[DEBUG] 2017-04-24 10:33:58 Method:  com.xxx.market.web.core.route.AutoBindRoutes.config(AutoBindRoutes.java:76)
routes.add(module, com.xxx.market.web.admin.module.controller.ModuleController)
[DEBUG] 2017-04-24 10:33:58 Method:  com.xxx.market.web.core.route.AutoBindRoutes.config(AutoBindRoutes.java:76)
routes.add(express, com.xxx.market.web.admin.order.controller.ExpressController)
[DEBUG] 2017-04-24 10:33:58 Method:  com.xxx.market.web.core.route.AutoBindRoutes.config(AutoBindRoutes.java:76)
routes.add(invoice, com.xxx.market.web.admin.order.controller.InvoiceController)
[DEBUG] 2017-04-24 10:33:58 Method:  com.xxx.market.web.core.route.AutoBindRoutes.config(AutoBindRoutes.java:76)
routes.add(order, com.xxx.market.web.admin.order.controller.OrderController)
[DEBUG] 2017-04-24 10:33:58 Method:  com.xxx.market.web.core.route.AutoBindRoutes.config(AutoBindRoutes.java:76)
routes.add(pay, com.xxx.market.web.admin.pay.controller.PayController)
[DEBUG] 2017-04-24 10:33:58 Method:  com.xxx.market.web.core.route.AutoBindRoutes.config(AutoBindRoutes.java:79)
routes.add(prize, class com.xxx.market.web.admin.prize.controller.PrizeController,prize)
[DEBUG] 2017-04-24 10:33:58 Method:  com.xxx.market.web.core.route.AutoBindRoutes.config(AutoBindRoutes.java:79)
routes.add(prize/sendrcd, class com.xxx.market.web.admin.prize.controller.PrizeSendRecordController,prize)
[DEBUG] 2017-04-24 10:33:58 Method:  com.xxx.market.web.core.route.AutoBindRoutes.config(AutoBindRoutes.java:79)
routes.add(prize/type, class com.xxx.market.web.admin.prize.controller.PrizeTypeController,prize)
[DEBUG] 2017-04-24 10:33:58 Method:  com.xxx.market.web.core.route.AutoBindRoutes.config(AutoBindRoutes.java:79)
routes.add(category, class com.xxx.market.web.admin.product.controller.CategoryController,category)
[DEBUG] 2017-04-24 10:33:58 Method:  com.xxx.market.web.core.route.AutoBindRoutes.config(AutoBindRoutes.java:79)
routes.add(component, class com.xxx.market.web.admin.product.controller.ComponentController,component)
[DEBUG] 2017-04-24 10:33:58 Method:  com.xxx.market.web.core.route.AutoBindRoutes.config(AutoBindRoutes.java:79)
routes.add(delivery, class com.xxx.market.web.admin.product.controller.DeliveryController,delivery)
[DEBUG] 2017-04-24 10:33:58 Method:  com.xxx.market.web.core.route.AutoBindRoutes.config(AutoBindRoutes.java:79)
routes.add(attachment, class com.xxx.market.web.admin.product.controller.ImageGroupController,attachment)
[DEBUG] 2017-04-24 10:33:58 Method:  com.xxx.market.web.core.route.AutoBindRoutes.config(AutoBindRoutes.java:79)
routes.add(product, class com.xxx.market.web.admin.product.controller.ProductController,product)
[DEBUG] 2017-04-24 10:33:58 Method:  com.xxx.market.web.core.route.AutoBindRoutes.config(AutoBindRoutes.java:79)
routes.add(specification, class com.xxx.market.web.admin.product.controller.SpecificationController,specification)
[DEBUG] 2017-04-24 10:33:58 Method:  com.xxx.market.web.core.route.AutoBindRoutes.config(AutoBindRoutes.java:79)
routes.add(qiandao, class com.xxx.market.web.admin.qiandao.controller.QiandaoController,qiandao)
[DEBUG] 2017-04-24 10:33:58 Method:  com.xxx.market.web.core.route.AutoBindRoutes.config(AutoBindRoutes.java:76)
routes.add(qrcode, com.xxx.market.web.admin.qrcode.controller.QrcodeController)
[DEBUG] 2017-04-24 10:33:58 Method:  com.xxx.market.web.core.route.AutoBindRoutes.config(AutoBindRoutes.java:76)
routes.add(setting, com.xxx.market.web.admin.setting.controller.SettingController)
[DEBUG] 2017-04-24 10:33:58 Method:  com.xxx.market.web.core.route.AutoBindRoutes.config(AutoBindRoutes.java:76)
routes.add(shop, com.xxx.market.web.admin.shop.controller.ShopController)
[DEBUG] 2017-04-24 10:33:58 Method:  com.xxx.market.web.core.route.AutoBindRoutes.config(AutoBindRoutes.java:76)
routes.add(cashback, com.xxx.market.web.admin.ump.controller.CashBackController)
[DEBUG] 2017-04-24 10:33:58 Method:  com.xxx.market.web.core.route.AutoBindRoutes.config(AutoBindRoutes.java:76)
routes.add(promotion, com.xxx.market.web.admin.ump.controller.PromotionController)
[DEBUG] 2017-04-24 10:33:58 Method:  com.xxx.market.web.core.route.AutoBindRoutes.config(AutoBindRoutes.java:76)
routes.add(reward, com.xxx.market.web.admin.ump.controller.RewardController)
[DEBUG] 2017-04-24 10:33:58 Method:  com.xxx.market.web.core.route.AutoBindRoutes.config(AutoBindRoutes.java:76)
routes.add(/weixin/msg, com.xxx.market.web.admin.weixin.controller.WeixinMsgController)
[DEBUG] 2017-04-24 10:33:58 Method:  com.xxx.market.web.core.route.AutoBindRoutes.config(AutoBindRoutes.java:73)
routes.add(/adminBase, com.xxx.market.web.core.controller.AdminBaseController)
[DEBUG] 2017-04-24 10:33:58 Method:  com.xxx.market.web.core.route.AutoBindRoutes.config(AutoBindRoutes.java:73)
routes.add(/base, com.xxx.market.web.core.controller.BaseController)
[DEBUG] 2017-04-24 10:33:58 Method:  com.xxx.market.web.core.route.AutoBindRoutes.config(AutoBindRoutes.java:73)
routes.add(/api, com.xxx.market.web.core.weixin.ApiController)
[DEBUG] 2017-04-24 10:33:58 Method:  com.xxx.market.web.core.route.AutoBindRoutes.config(AutoBindRoutes.java:73)
routes.add(/msg, com.xxx.market.web.core.weixin.MsgController)
[DEBUG] 2017-04-24 10:34:02 Method:  com.xxx.market.web.core.plugin.shiro.ShiroKit.loadJdbcAuthz(ShiroKit.java:249)
authzJdbcService not found!can't load database url premission
[INFO ] 2017-04-24 10:34:03 Method:  com.xxx.market.web.core.config.JFWebConfig.afterJFinalStart(JFWebConfig.java:136)
 dbu admin server is ready!!
[ERROR] 2017-04-24 10:38:15 Method:  com.xxx.market.web.core.annotation.ClassSearcher.findjarFiles(ClassSearcher.java:153)
file search error:D:\workspace\jfinal-wxall-v1.0\wxmall-web-admin\src\main\webapp\WEB-INF\lib is not a dir！
[DEBUG] 2017-04-24 10:38:15 Method:  com.xxx.market.web.core.route.AutoBindRoutes.config(AutoBindRoutes.java:76)
routes.add(agent, com.xxx.market.web.admin.agent.controller.AgentController)
[DEBUG] 2017-04-24 10:38:15 Method:  com.xxx.market.web.core.route.AutoBindRoutes.config(AutoBindRoutes.java:76)
routes.add(agent/rank, com.xxx.market.web.admin.agent.controller.AgentRankController)
[DEBUG] 2017-04-24 10:38:15 Method:  com.xxx.market.web.core.route.AutoBindRoutes.config(AutoBindRoutes.java:76)
routes.add(commission, com.xxx.market.web.admin.agent.controller.CommissionController)
[DEBUG] 2017-04-24 10:38:15 Method:  com.xxx.market.web.core.route.AutoBindRoutes.config(AutoBindRoutes.java:79)
routes.add(fans, class com.xxx.market.web.admin.fans.controller.FansController,fans)
[DEBUG] 2017-04-24 10:38:15 Method:  com.xxx.market.web.core.route.AutoBindRoutes.config(AutoBindRoutes.java:76)
routes.add(/, com.xxx.market.web.admin.index.controller.IndexController)
[DEBUG] 2017-04-24 10:38:15 Method:  com.xxx.market.web.core.route.AutoBindRoutes.config(AutoBindRoutes.java:79)
routes.add(lottery/award, class com.xxx.market.web.admin.lottery.controller.LotteryAwardController,lottery)
[DEBUG] 2017-04-24 10:38:15 Method:  com.xxx.market.web.core.route.AutoBindRoutes.config(AutoBindRoutes.java:79)
routes.add(lottery, class com.xxx.market.web.admin.lottery.controller.LotteryController,lottery)
[DEBUG] 2017-04-24 10:38:15 Method:  com.xxx.market.web.core.route.AutoBindRoutes.config(AutoBindRoutes.java:79)
routes.add(lottery/set, class com.xxx.market.web.admin.lottery.controller.LotterySetController,lottery)
[DEBUG] 2017-04-24 10:38:15 Method:  com.xxx.market.web.core.route.AutoBindRoutes.config(AutoBindRoutes.java:79)
routes.add(lottery/show, class com.xxx.market.web.admin.lottery.controller.LotteryTypeController,lottery)
[DEBUG] 2017-04-24 10:38:15 Method:  com.xxx.market.web.core.route.AutoBindRoutes.config(AutoBindRoutes.java:76)
routes.add(menu, com.xxx.market.web.admin.menu.controller.MenuController)
[DEBUG] 2017-04-24 10:38:15 Method:  com.xxx.market.web.core.route.AutoBindRoutes.config(AutoBindRoutes.java:76)
routes.add(module, com.xxx.market.web.admin.module.controller.ModuleController)
[DEBUG] 2017-04-24 10:38:15 Method:  com.xxx.market.web.core.route.AutoBindRoutes.config(AutoBindRoutes.java:76)
routes.add(express, com.xxx.market.web.admin.order.controller.ExpressController)
[DEBUG] 2017-04-24 10:38:15 Method:  com.xxx.market.web.core.route.AutoBindRoutes.config(AutoBindRoutes.java:76)
routes.add(invoice, com.xxx.market.web.admin.order.controller.InvoiceController)
[DEBUG] 2017-04-24 10:38:15 Method:  com.xxx.market.web.core.route.AutoBindRoutes.config(AutoBindRoutes.java:76)
routes.add(order, com.xxx.market.web.admin.order.controller.OrderController)
[DEBUG] 2017-04-24 10:38:15 Method:  com.xxx.market.web.core.route.AutoBindRoutes.config(AutoBindRoutes.java:76)
routes.add(pay, com.xxx.market.web.admin.pay.controller.PayController)
[DEBUG] 2017-04-24 10:38:15 Method:  com.xxx.market.web.core.route.AutoBindRoutes.config(AutoBindRoutes.java:79)
routes.add(prize, class com.xxx.market.web.admin.prize.controller.PrizeController,prize)
[DEBUG] 2017-04-24 10:38:15 Method:  com.xxx.market.web.core.route.AutoBindRoutes.config(AutoBindRoutes.java:79)
routes.add(prize/sendrcd, class com.xxx.market.web.admin.prize.controller.PrizeSendRecordController,prize)
[DEBUG] 2017-04-24 10:38:15 Method:  com.xxx.market.web.core.route.AutoBindRoutes.config(AutoBindRoutes.java:79)
routes.add(prize/type, class com.xxx.market.web.admin.prize.controller.PrizeTypeController,prize)
[DEBUG] 2017-04-24 10:38:15 Method:  com.xxx.market.web.core.route.AutoBindRoutes.config(AutoBindRoutes.java:79)
routes.add(category, class com.xxx.market.web.admin.product.controller.CategoryController,category)
[DEBUG] 2017-04-24 10:38:15 Method:  com.xxx.market.web.core.route.AutoBindRoutes.config(AutoBindRoutes.java:79)
routes.add(component, class com.xxx.market.web.admin.product.controller.ComponentController,component)
[DEBUG] 2017-04-24 10:38:15 Method:  com.xxx.market.web.core.route.AutoBindRoutes.config(AutoBindRoutes.java:79)
routes.add(delivery, class com.xxx.market.web.admin.product.controller.DeliveryController,delivery)
[DEBUG] 2017-04-24 10:38:15 Method:  com.xxx.market.web.core.route.AutoBindRoutes.config(AutoBindRoutes.java:79)
routes.add(attachment, class com.xxx.market.web.admin.product.controller.ImageGroupController,attachment)
[DEBUG] 2017-04-24 10:38:15 Method:  com.xxx.market.web.core.route.AutoBindRoutes.config(AutoBindRoutes.java:79)
routes.add(product, class com.xxx.market.web.admin.product.controller.ProductController,product)
[DEBUG] 2017-04-24 10:38:15 Method:  com.xxx.market.web.core.route.AutoBindRoutes.config(AutoBindRoutes.java:79)
routes.add(specification, class com.xxx.market.web.admin.product.controller.SpecificationController,specification)
[DEBUG] 2017-04-24 10:38:15 Method:  com.xxx.market.web.core.route.AutoBindRoutes.config(AutoBindRoutes.java:79)
routes.add(qiandao, class com.xxx.market.web.admin.qiandao.controller.QiandaoController,qiandao)
[DEBUG] 2017-04-24 10:38:15 Method:  com.xxx.market.web.core.route.AutoBindRoutes.config(AutoBindRoutes.java:76)
routes.add(qrcode, com.xxx.market.web.admin.qrcode.controller.QrcodeController)
[DEBUG] 2017-04-24 10:38:15 Method:  com.xxx.market.web.core.route.AutoBindRoutes.config(AutoBindRoutes.java:76)
routes.add(setting, com.xxx.market.web.admin.setting.controller.SettingController)
[DEBUG] 2017-04-24 10:38:15 Method:  com.xxx.market.web.core.route.AutoBindRoutes.config(AutoBindRoutes.java:76)
routes.add(shop, com.xxx.market.web.admin.shop.controller.ShopController)
[DEBUG] 2017-04-24 10:38:15 Method:  com.xxx.market.web.core.route.AutoBindRoutes.config(AutoBindRoutes.java:76)
routes.add(cashback, com.xxx.market.web.admin.ump.controller.CashBackController)
[DEBUG] 2017-04-24 10:38:15 Method:  com.xxx.market.web.core.route.AutoBindRoutes.config(AutoBindRoutes.java:76)
routes.add(promotion, com.xxx.market.web.admin.ump.controller.PromotionController)
[DEBUG] 2017-04-24 10:38:15 Method:  com.xxx.market.web.core.route.AutoBindRoutes.config(AutoBindRoutes.java:76)
routes.add(reward, com.xxx.market.web.admin.ump.controller.RewardController)
[DEBUG] 2017-04-24 10:38:15 Method:  com.xxx.market.web.core.route.AutoBindRoutes.config(AutoBindRoutes.java:76)
routes.add(/weixin/msg, com.xxx.market.web.admin.weixin.controller.WeixinMsgController)
[DEBUG] 2017-04-24 10:38:15 Method:  com.xxx.market.web.core.route.AutoBindRoutes.config(AutoBindRoutes.java:73)
routes.add(/adminBase, com.xxx.market.web.core.controller.AdminBaseController)
[DEBUG] 2017-04-24 10:38:15 Method:  com.xxx.market.web.core.route.AutoBindRoutes.config(AutoBindRoutes.java:73)
routes.add(/base, com.xxx.market.web.core.controller.BaseController)
[DEBUG] 2017-04-24 10:38:15 Method:  com.xxx.market.web.core.route.AutoBindRoutes.config(AutoBindRoutes.java:73)
routes.add(/api, com.xxx.market.web.core.weixin.ApiController)
[DEBUG] 2017-04-24 10:38:15 Method:  com.xxx.market.web.core.route.AutoBindRoutes.config(AutoBindRoutes.java:73)
routes.add(/msg, com.xxx.market.web.core.weixin.MsgController)
[DEBUG] 2017-04-24 10:38:16 Method:  com.xxx.market.web.core.plugin.shiro.ShiroKit.loadJdbcAuthz(ShiroKit.java:249)
authzJdbcService not found!can't load database url premission
[INFO ] 2017-04-24 10:38:16 Method:  com.xxx.market.web.core.config.JFWebConfig.afterJFinalStart(JFWebConfig.java:136)
 dbu admin server is ready!!
[DEBUG] 2017-04-24 10:39:34 Method:  com.xxx.market.web.admin.weixin.controller.WeixinMsgController.processInMenuEvent(WeixinMsgController.java:260)
菜单事件：ocTdRxJxw3sNQF--6zzPCB_Pa6Vw
[DEBUG] 2017-04-24 11:03:17 Method:  com.xxx.market.web.admin.weixin.controller.WeixinMsgController.processInMenuEvent(WeixinMsgController.java:260)
菜单事件：ocTdRxJxw3sNQF--6zzPCB_Pa6Vw
[DEBUG] 2017-04-24 11:16:12 Method:  com.xxx.market.web.admin.weixin.controller.WeixinMsgController.processInFollowEvent(WeixinMsgController.java:166)
关注：ocTdRxJxw3sNQF--6zzPCB_Pa6Vw
[DEBUG] 2017-04-24 11:16:12 Method:  com.xxx.market.web.admin.weixin.controller.WeixinMsgController.render(WeixinMsgController.java:340)
生成内容(未加密)：<xml>
<ToUserName><![CDATA[ocTdRxJxw3sNQF--6zzPCB_Pa6Vw]]></ToUserName>
<FromUserName><![CDATA[gh_4fc9b995c556]]></FromUserName>
<CreateTime>1493003772</CreateTime>
<MsgType><![CDATA[news]]></MsgType>
<ArticleCount>1</ArticleCount>
<Articles>
<item>
<Title><![CDATA[XXX商城欢迎您!]]></Title>
<Description><![CDATA[欢迎您来购物^_^]]></Description>
<PicUrl><![CDATA[https://mmbiz.qlogo.cn/mmbiz/kKwBZXB5j6wFsKHO3R13nLByEdCXYr4MY4ogbOQWN7tWzGBtY9hBRxPoWSWz7bYZzanSbw37UqlLbVcj4Fa4NA/0?wx_fmt=jpeg]]></PicUrl>
<Url><![CDATA[http://mz.xxx.com/]]></Url>
</item>
</Articles>
</xml>
[ERROR] 2017-04-24 16:03:00 Method:  com.xxx.market.web.core.annotation.ClassSearcher.findjarFiles(ClassSearcher.java:153)
file search error:D:\workspace\jfinal-wxall-v1.0\wxmall-web-admin\src\main\webapp\WEB-INF\lib is not a dir！
[DEBUG] 2017-04-24 16:03:00 Method:  com.xxx.market.web.core.route.AutoBindRoutes.config(AutoBindRoutes.java:76)
routes.add(agent, com.xxx.market.web.admin.agent.controller.AgentController)
[DEBUG] 2017-04-24 16:03:00 Method:  com.xxx.market.web.core.route.AutoBindRoutes.config(AutoBindRoutes.java:76)
routes.add(agent/rank, com.xxx.market.web.admin.agent.controller.AgentRankController)
[DEBUG] 2017-04-24 16:03:00 Method:  com.xxx.market.web.core.route.AutoBindRoutes.config(AutoBindRoutes.java:76)
routes.add(commission, com.xxx.market.web.admin.agent.controller.CommissionController)
[DEBUG] 2017-04-24 16:03:00 Method:  com.xxx.market.web.core.route.AutoBindRoutes.config(AutoBindRoutes.java:79)
routes.add(fans, class com.xxx.market.web.admin.fans.controller.FansController,fans)
[DEBUG] 2017-04-24 16:03:00 Method:  com.xxx.market.web.core.route.AutoBindRoutes.config(AutoBindRoutes.java:76)
routes.add(/, com.xxx.market.web.admin.index.controller.IndexController)
[DEBUG] 2017-04-24 16:03:00 Method:  com.xxx.market.web.core.route.AutoBindRoutes.config(AutoBindRoutes.java:79)
routes.add(lottery/award, class com.xxx.market.web.admin.lottery.controller.LotteryAwardController,lottery)
[DEBUG] 2017-04-24 16:03:00 Method:  com.xxx.market.web.core.route.AutoBindRoutes.config(AutoBindRoutes.java:79)
routes.add(lottery, class com.xxx.market.web.admin.lottery.controller.LotteryController,lottery)
[DEBUG] 2017-04-24 16:03:00 Method:  com.xxx.market.web.core.route.AutoBindRoutes.config(AutoBindRoutes.java:79)
routes.add(lottery/set, class com.xxx.market.web.admin.lottery.controller.LotterySetController,lottery)
[DEBUG] 2017-04-24 16:03:00 Method:  com.xxx.market.web.core.route.AutoBindRoutes.config(AutoBindRoutes.java:79)
routes.add(lottery/show, class com.xxx.market.web.admin.lottery.controller.LotteryTypeController,lottery)
[DEBUG] 2017-04-24 16:03:00 Method:  com.xxx.market.web.core.route.AutoBindRoutes.config(AutoBindRoutes.java:76)
routes.add(menu, com.xxx.market.web.admin.menu.controller.MenuController)
[DEBUG] 2017-04-24 16:03:00 Method:  com.xxx.market.web.core.route.AutoBindRoutes.config(AutoBindRoutes.java:76)
routes.add(module, com.xxx.market.web.admin.module.controller.ModuleController)
[DEBUG] 2017-04-24 16:03:00 Method:  com.xxx.market.web.core.route.AutoBindRoutes.config(AutoBindRoutes.java:76)
routes.add(express, com.xxx.market.web.admin.order.controller.ExpressController)
[DEBUG] 2017-04-24 16:03:00 Method:  com.xxx.market.web.core.route.AutoBindRoutes.config(AutoBindRoutes.java:76)
routes.add(invoice, com.xxx.market.web.admin.order.controller.InvoiceController)
[DEBUG] 2017-04-24 16:03:00 Method:  com.xxx.market.web.core.route.AutoBindRoutes.config(AutoBindRoutes.java:76)
routes.add(order, com.xxx.market.web.admin.order.controller.OrderController)
[DEBUG] 2017-04-24 16:03:00 Method:  com.xxx.market.web.core.route.AutoBindRoutes.config(AutoBindRoutes.java:76)
routes.add(pay, com.xxx.market.web.admin.pay.controller.PayController)
[DEBUG] 2017-04-24 16:03:00 Method:  com.xxx.market.web.core.route.AutoBindRoutes.config(AutoBindRoutes.java:79)
routes.add(prize, class com.xxx.market.web.admin.prize.controller.PrizeController,prize)
[DEBUG] 2017-04-24 16:03:00 Method:  com.xxx.market.web.core.route.AutoBindRoutes.config(AutoBindRoutes.java:79)
routes.add(prize/sendrcd, class com.xxx.market.web.admin.prize.controller.PrizeSendRecordController,prize)
[DEBUG] 2017-04-24 16:03:00 Method:  com.xxx.market.web.core.route.AutoBindRoutes.config(AutoBindRoutes.java:79)
routes.add(prize/type, class com.xxx.market.web.admin.prize.controller.PrizeTypeController,prize)
[DEBUG] 2017-04-24 16:03:00 Method:  com.xxx.market.web.core.route.AutoBindRoutes.config(AutoBindRoutes.java:79)
routes.add(category, class com.xxx.market.web.admin.product.controller.CategoryController,category)
[DEBUG] 2017-04-24 16:03:00 Method:  com.xxx.market.web.core.route.AutoBindRoutes.config(AutoBindRoutes.java:79)
routes.add(component, class com.xxx.market.web.admin.product.controller.ComponentController,component)
[DEBUG] 2017-04-24 16:03:00 Method:  com.xxx.market.web.core.route.AutoBindRoutes.config(AutoBindRoutes.java:79)
routes.add(delivery, class com.xxx.market.web.admin.product.controller.DeliveryController,delivery)
[DEBUG] 2017-04-24 16:03:00 Method:  com.xxx.market.web.core.route.AutoBindRoutes.config(AutoBindRoutes.java:79)
routes.add(attachment, class com.xxx.market.web.admin.product.controller.ImageGroupController,attachment)
[DEBUG] 2017-04-24 16:03:00 Method:  com.xxx.market.web.core.route.AutoBindRoutes.config(AutoBindRoutes.java:79)
routes.add(product, class com.xxx.market.web.admin.product.controller.ProductController,product)
[DEBUG] 2017-04-24 16:03:00 Method:  com.xxx.market.web.core.route.AutoBindRoutes.config(AutoBindRoutes.java:79)
routes.add(specification, class com.xxx.market.web.admin.product.controller.SpecificationController,specification)
[DEBUG] 2017-04-24 16:03:00 Method:  com.xxx.market.web.core.route.AutoBindRoutes.config(AutoBindRoutes.java:79)
routes.add(qiandao, class com.xxx.market.web.admin.qiandao.controller.QiandaoController,qiandao)
[DEBUG] 2017-04-24 16:03:00 Method:  com.xxx.market.web.core.route.AutoBindRoutes.config(AutoBindRoutes.java:76)
routes.add(qrcode, com.xxx.market.web.admin.qrcode.controller.QrcodeController)
[DEBUG] 2017-04-24 16:03:00 Method:  com.xxx.market.web.core.route.AutoBindRoutes.config(AutoBindRoutes.java:76)
routes.add(setting, com.xxx.market.web.admin.setting.controller.SettingController)
[DEBUG] 2017-04-24 16:03:00 Method:  com.xxx.market.web.core.route.AutoBindRoutes.config(AutoBindRoutes.java:76)
routes.add(shop, com.xxx.market.web.admin.shop.controller.ShopController)
[DEBUG] 2017-04-24 16:03:00 Method:  com.xxx.market.web.core.route.AutoBindRoutes.config(AutoBindRoutes.java:76)
routes.add(cashback, com.xxx.market.web.admin.ump.controller.CashBackController)
[DEBUG] 2017-04-24 16:03:00 Method:  com.xxx.market.web.core.route.AutoBindRoutes.config(AutoBindRoutes.java:76)
routes.add(promotion, com.xxx.market.web.admin.ump.controller.PromotionController)
[DEBUG] 2017-04-24 16:03:00 Method:  com.xxx.market.web.core.route.AutoBindRoutes.config(AutoBindRoutes.java:76)
routes.add(reward, com.xxx.market.web.admin.ump.controller.RewardController)
[DEBUG] 2017-04-24 16:03:00 Method:  com.xxx.market.web.core.route.AutoBindRoutes.config(AutoBindRoutes.java:76)
routes.add(/weixin/msg, com.xxx.market.web.admin.weixin.controller.WeixinMsgController)
[DEBUG] 2017-04-24 16:03:00 Method:  com.xxx.market.web.core.route.AutoBindRoutes.config(AutoBindRoutes.java:73)
routes.add(/adminBase, com.xxx.market.web.core.controller.AdminBaseController)
[DEBUG] 2017-04-24 16:03:00 Method:  com.xxx.market.web.core.route.AutoBindRoutes.config(AutoBindRoutes.java:73)
routes.add(/base, com.xxx.market.web.core.controller.BaseController)
[DEBUG] 2017-04-24 16:03:00 Method:  com.xxx.market.web.core.route.AutoBindRoutes.config(AutoBindRoutes.java:73)
routes.add(/api, com.xxx.market.web.core.weixin.ApiController)
[DEBUG] 2017-04-24 16:03:00 Method:  com.xxx.market.web.core.route.AutoBindRoutes.config(AutoBindRoutes.java:73)
routes.add(/msg, com.xxx.market.web.core.weixin.MsgController)
[DEBUG] 2017-04-24 16:03:02 Method:  com.xxx.market.web.core.plugin.shiro.ShiroKit.loadJdbcAuthz(ShiroKit.java:249)
authzJdbcService not found!can't load database url premission
[INFO ] 2017-04-24 16:03:02 Method:  com.xxx.market.web.core.config.JFWebConfig.afterJFinalStart(JFWebConfig.java:136)
 dbu admin server is ready!!
[ERROR] 2017-04-24 16:06:01 Method:  com.jfinal.kit.LogKit.error(LogKit.java:75)
port: 8888 already in use!
java.lang.IllegalStateException: port: 8888 already in use!
	at com.jfinal.server.JettyServer.doStart(JettyServer.java:79)
	at com.jfinal.server.JettyServer.start(JettyServer.java:65)
	at com.jfinal.core.JFinal.start(JFinal.java:154)
	at com.xxx.market.web.core.config.JFWebConfig.main(JFWebConfig.java:43)
[ERROR] 2017-04-24 16:06:28 Method:  com.xxx.market.web.core.annotation.ClassSearcher.findjarFiles(ClassSearcher.java:153)
file search error:D:\workspace\jfinal-wxall-v1.0\wxmall-web-admin\src\main\webapp\WEB-INF\lib is not a dir！
[DEBUG] 2017-04-24 16:06:28 Method:  com.xxx.market.web.core.route.AutoBindRoutes.config(AutoBindRoutes.java:76)
routes.add(agent, com.xxx.market.web.admin.agent.controller.AgentController)
[DEBUG] 2017-04-24 16:06:28 Method:  com.xxx.market.web.core.route.AutoBindRoutes.config(AutoBindRoutes.java:76)
routes.add(agent/rank, com.xxx.market.web.admin.agent.controller.AgentRankController)
[DEBUG] 2017-04-24 16:06:28 Method:  com.xxx.market.web.core.route.AutoBindRoutes.config(AutoBindRoutes.java:76)
routes.add(commission, com.xxx.market.web.admin.agent.controller.CommissionController)
[DEBUG] 2017-04-24 16:06:28 Method:  com.xxx.market.web.core.route.AutoBindRoutes.config(AutoBindRoutes.java:79)
routes.add(fans, class com.xxx.market.web.admin.fans.controller.FansController,fans)
[DEBUG] 2017-04-24 16:06:28 Method:  com.xxx.market.web.core.route.AutoBindRoutes.config(AutoBindRoutes.java:76)
routes.add(/, com.xxx.market.web.admin.index.controller.IndexController)
[DEBUG] 2017-04-24 16:06:28 Method:  com.xxx.market.web.core.route.AutoBindRoutes.config(AutoBindRoutes.java:79)
routes.add(lottery/award, class com.xxx.market.web.admin.lottery.controller.LotteryAwardController,lottery)
[DEBUG] 2017-04-24 16:06:28 Method:  com.xxx.market.web.core.route.AutoBindRoutes.config(AutoBindRoutes.java:79)
routes.add(lottery, class com.xxx.market.web.admin.lottery.controller.LotteryController,lottery)
[DEBUG] 2017-04-24 16:06:28 Method:  com.xxx.market.web.core.route.AutoBindRoutes.config(AutoBindRoutes.java:79)
routes.add(lottery/set, class com.xxx.market.web.admin.lottery.controller.LotterySetController,lottery)
[DEBUG] 2017-04-24 16:06:28 Method:  com.xxx.market.web.core.route.AutoBindRoutes.config(AutoBindRoutes.java:79)
routes.add(lottery/show, class com.xxx.market.web.admin.lottery.controller.LotteryTypeController,lottery)
[DEBUG] 2017-04-24 16:06:28 Method:  com.xxx.market.web.core.route.AutoBindRoutes.config(AutoBindRoutes.java:76)
routes.add(menu, com.xxx.market.web.admin.menu.controller.MenuController)
[DEBUG] 2017-04-24 16:06:28 Method:  com.xxx.market.web.core.route.AutoBindRoutes.config(AutoBindRoutes.java:76)
routes.add(module, com.xxx.market.web.admin.module.controller.ModuleController)
[DEBUG] 2017-04-24 16:06:28 Method:  com.xxx.market.web.core.route.AutoBindRoutes.config(AutoBindRoutes.java:76)
routes.add(express, com.xxx.market.web.admin.order.controller.ExpressController)
[DEBUG] 2017-04-24 16:06:28 Method:  com.xxx.market.web.core.route.AutoBindRoutes.config(AutoBindRoutes.java:76)
routes.add(invoice, com.xxx.market.web.admin.order.controller.InvoiceController)
[DEBUG] 2017-04-24 16:06:28 Method:  com.xxx.market.web.core.route.AutoBindRoutes.config(AutoBindRoutes.java:76)
routes.add(order, com.xxx.market.web.admin.order.controller.OrderController)
[DEBUG] 2017-04-24 16:06:28 Method:  com.xxx.market.web.core.route.AutoBindRoutes.config(AutoBindRoutes.java:76)
routes.add(pay, com.xxx.market.web.admin.pay.controller.PayController)
[DEBUG] 2017-04-24 16:06:28 Method:  com.xxx.market.web.core.route.AutoBindRoutes.config(AutoBindRoutes.java:79)
routes.add(prize, class com.xxx.market.web.admin.prize.controller.PrizeController,prize)
[DEBUG] 2017-04-24 16:06:28 Method:  com.xxx.market.web.core.route.AutoBindRoutes.config(AutoBindRoutes.java:79)
routes.add(prize/sendrcd, class com.xxx.market.web.admin.prize.controller.PrizeSendRecordController,prize)
[DEBUG] 2017-04-24 16:06:28 Method:  com.xxx.market.web.core.route.AutoBindRoutes.config(AutoBindRoutes.java:79)
routes.add(prize/type, class com.xxx.market.web.admin.prize.controller.PrizeTypeController,prize)
[DEBUG] 2017-04-24 16:06:28 Method:  com.xxx.market.web.core.route.AutoBindRoutes.config(AutoBindRoutes.java:79)
routes.add(category, class com.xxx.market.web.admin.product.controller.CategoryController,category)
[DEBUG] 2017-04-24 16:06:28 Method:  com.xxx.market.web.core.route.AutoBindRoutes.config(AutoBindRoutes.java:79)
routes.add(component, class com.xxx.market.web.admin.product.controller.ComponentController,component)
[DEBUG] 2017-04-24 16:06:28 Method:  com.xxx.market.web.core.route.AutoBindRoutes.config(AutoBindRoutes.java:79)
routes.add(delivery, class com.xxx.market.web.admin.product.controller.DeliveryController,delivery)
[DEBUG] 2017-04-24 16:06:28 Method:  com.xxx.market.web.core.route.AutoBindRoutes.config(AutoBindRoutes.java:79)
routes.add(attachment, class com.xxx.market.web.admin.product.controller.ImageGroupController,attachment)
[DEBUG] 2017-04-24 16:06:28 Method:  com.xxx.market.web.core.route.AutoBindRoutes.config(AutoBindRoutes.java:79)
routes.add(product, class com.xxx.market.web.admin.product.controller.ProductController,product)
[DEBUG] 2017-04-24 16:06:28 Method:  com.xxx.market.web.core.route.AutoBindRoutes.config(AutoBindRoutes.java:79)
routes.add(specification, class com.xxx.market.web.admin.product.controller.SpecificationController,specification)
[DEBUG] 2017-04-24 16:06:28 Method:  com.xxx.market.web.core.route.AutoBindRoutes.config(AutoBindRoutes.java:79)
routes.add(qiandao, class com.xxx.market.web.admin.qiandao.controller.QiandaoController,qiandao)
[DEBUG] 2017-04-24 16:06:28 Method:  com.xxx.market.web.core.route.AutoBindRoutes.config(AutoBindRoutes.java:76)
routes.add(qrcode, com.xxx.market.web.admin.qrcode.controller.QrcodeController)
[DEBUG] 2017-04-24 16:06:28 Method:  com.xxx.market.web.core.route.AutoBindRoutes.config(AutoBindRoutes.java:76)
routes.add(setting, com.xxx.market.web.admin.setting.controller.SettingController)
[DEBUG] 2017-04-24 16:06:28 Method:  com.xxx.market.web.core.route.AutoBindRoutes.config(AutoBindRoutes.java:76)
routes.add(shop, com.xxx.market.web.admin.shop.controller.ShopController)
[DEBUG] 2017-04-24 16:06:28 Method:  com.xxx.market.web.core.route.AutoBindRoutes.config(AutoBindRoutes.java:76)
routes.add(cashback, com.xxx.market.web.admin.ump.controller.CashBackController)
[DEBUG] 2017-04-24 16:06:28 Method:  com.xxx.market.web.core.route.AutoBindRoutes.config(AutoBindRoutes.java:76)
routes.add(promotion, com.xxx.market.web.admin.ump.controller.PromotionController)
[DEBUG] 2017-04-24 16:06:28 Method:  com.xxx.market.web.core.route.AutoBindRoutes.config(AutoBindRoutes.java:76)
routes.add(reward, com.xxx.market.web.admin.ump.controller.RewardController)
[DEBUG] 2017-04-24 16:06:28 Method:  com.xxx.market.web.core.route.AutoBindRoutes.config(AutoBindRoutes.java:76)
routes.add(/weixin/msg, com.xxx.market.web.admin.weixin.controller.WeixinMsgController)
[DEBUG] 2017-04-24 16:06:28 Method:  com.xxx.market.web.core.route.AutoBindRoutes.config(AutoBindRoutes.java:73)
routes.add(/adminBase, com.xxx.market.web.core.controller.AdminBaseController)
[DEBUG] 2017-04-24 16:06:28 Method:  com.xxx.market.web.core.route.AutoBindRoutes.config(AutoBindRoutes.java:73)
routes.add(/base, com.xxx.market.web.core.controller.BaseController)
[DEBUG] 2017-04-24 16:06:28 Method:  com.xxx.market.web.core.route.AutoBindRoutes.config(AutoBindRoutes.java:73)
routes.add(/api, com.xxx.market.web.core.weixin.ApiController)
[DEBUG] 2017-04-24 16:06:28 Method:  com.xxx.market.web.core.route.AutoBindRoutes.config(AutoBindRoutes.java:73)
routes.add(/msg, com.xxx.market.web.core.weixin.MsgController)
[DEBUG] 2017-04-24 16:06:30 Method:  com.xxx.market.web.core.plugin.shiro.ShiroKit.loadJdbcAuthz(ShiroKit.java:249)
authzJdbcService not found!can't load database url premission
[INFO ] 2017-04-24 16:06:30 Method:  com.xxx.market.web.core.config.JFWebConfig.afterJFinalStart(JFWebConfig.java:136)
 dbu admin server is ready!!
