[ERROR] 2017-04-26 14:33:38 Method:  com.xxx.market.web.core.annotation.ClassSearcher.findjarFiles(ClassSearcher.java:153)
file search error:D:\workspace\jfinal-wxall-v1.0\wxmall-web-mobile\src\main\webapp\WEB-INF\lib is not a dir！
[DEBUG] 2017-04-26 14:33:39 Method:  com.xxx.market.web.core.route.AutoBindRoutes.config(AutoBindRoutes.java:73)
routes.add(/api, com.xxx.market.web.core.controller.ApiController)
[DEBUG] 2017-04-26 14:33:39 Method:  com.xxx.market.web.core.route.AutoBindRoutes.config(AutoBindRoutes.java:73)
routes.add(/baseMobile, com.xxx.market.web.core.controller.BaseMobileController)
[DEBUG] 2017-04-26 14:33:39 Method:  com.xxx.market.web.core.route.AutoBindRoutes.config(AutoBindRoutes.java:76)
routes.add(agent, com.xxx.market.web.mobile.agent.controller.AgentController)
[DEBUG] 2017-04-26 14:33:39 Method:  com.xxx.market.web.core.route.AutoBindRoutes.config(AutoBindRoutes.java:76)
routes.add(cart, com.xxx.market.web.mobile.cart.controller.CartController)
[DEBUG] 2017-04-26 14:33:39 Method:  com.xxx.market.web.core.route.AutoBindRoutes.config(AutoBindRoutes.java:76)
routes.add(city, com.xxx.market.web.mobile.city.controller.CityController)
[DEBUG] 2017-04-26 14:33:39 Method:  com.xxx.market.web.core.route.AutoBindRoutes.config(AutoBindRoutes.java:76)
routes.add(/, com.xxx.market.web.mobile.index.controller.IndexController)
[DEBUG] 2017-04-26 14:33:39 Method:  com.xxx.market.web.core.route.AutoBindRoutes.config(AutoBindRoutes.java:76)
routes.add(lottery, com.xxx.market.web.mobile.lottery.controller.LotteryController)
[DEBUG] 2017-04-26 14:33:39 Method:  com.xxx.market.web.core.route.AutoBindRoutes.config(AutoBindRoutes.java:76)
routes.add(order, com.xxx.market.web.mobile.order.controller.OrderController)
[DEBUG] 2017-04-26 14:33:39 Method:  com.xxx.market.web.core.route.AutoBindRoutes.config(AutoBindRoutes.java:76)
routes.add(pay, com.xxx.market.web.mobile.pay.controller.PayController)
[DEBUG] 2017-04-26 14:33:39 Method:  com.xxx.market.web.core.route.AutoBindRoutes.config(AutoBindRoutes.java:76)
routes.add(prize, com.xxx.market.web.mobile.prize.controller.PrizeController)
[DEBUG] 2017-04-26 14:33:39 Method:  com.xxx.market.web.core.route.AutoBindRoutes.config(AutoBindRoutes.java:76)
routes.add(product, com.xxx.market.web.mobile.product.controller.ProductController)
[DEBUG] 2017-04-26 14:33:39 Method:  com.xxx.market.web.core.route.AutoBindRoutes.config(AutoBindRoutes.java:76)
routes.add(qiandao, com.xxx.market.web.mobile.qiandao.controller.QiandaoController)
[DEBUG] 2017-04-26 14:33:39 Method:  com.xxx.market.web.core.route.AutoBindRoutes.config(AutoBindRoutes.java:76)
routes.add(qrcode, com.xxx.market.web.mobile.qrcode.controller.QrcodeController)
[DEBUG] 2017-04-26 14:33:39 Method:  com.xxx.market.web.core.route.AutoBindRoutes.config(AutoBindRoutes.java:76)
routes.add(receiver, com.xxx.market.web.mobile.receiver.controller.ReceiverController)
[DEBUG] 2017-04-26 14:33:39 Method:  com.xxx.market.web.core.route.AutoBindRoutes.config(AutoBindRoutes.java:76)
routes.add(user, com.xxx.market.web.mobile.user.controller.UserController)
[INFO ] 2017-04-26 14:33:40 Method:  com.xxx.market.web.core.config.JFMobileConfig.afterJFinalStart(JFMobileConfig.java:136)
 dbu mobile server is Ready !!
[ERROR] 2017-04-26 17:54:14 Method:  com.xxx.market.web.core.annotation.ClassSearcher.findjarFiles(ClassSearcher.java:153)
file search error:D:\workspace\jfinal-wxall-v1.0\wxmall-web-mobile\src\main\webapp\WEB-INF\lib is not a dir！
[DEBUG] 2017-04-26 17:54:14 Method:  com.xxx.market.web.core.route.AutoBindRoutes.config(AutoBindRoutes.java:73)
routes.add(/api, com.xxx.market.web.core.controller.ApiController)
[DEBUG] 2017-04-26 17:54:14 Method:  com.xxx.market.web.core.route.AutoBindRoutes.config(AutoBindRoutes.java:73)
routes.add(/baseMobile, com.xxx.market.web.core.controller.BaseMobileController)
[DEBUG] 2017-04-26 17:54:14 Method:  com.xxx.market.web.core.route.AutoBindRoutes.config(AutoBindRoutes.java:76)
routes.add(agent, com.xxx.market.web.mobile.agent.controller.AgentController)
[DEBUG] 2017-04-26 17:54:14 Method:  com.xxx.market.web.core.route.AutoBindRoutes.config(AutoBindRoutes.java:76)
routes.add(cart, com.xxx.market.web.mobile.cart.controller.CartController)
[DEBUG] 2017-04-26 17:54:14 Method:  com.xxx.market.web.core.route.AutoBindRoutes.config(AutoBindRoutes.java:76)
routes.add(city, com.xxx.market.web.mobile.city.controller.CityController)
[DEBUG] 2017-04-26 17:54:14 Method:  com.xxx.market.web.core.route.AutoBindRoutes.config(AutoBindRoutes.java:76)
routes.add(/, com.xxx.market.web.mobile.index.controller.IndexController)
[DEBUG] 2017-04-26 17:54:14 Method:  com.xxx.market.web.core.route.AutoBindRoutes.config(AutoBindRoutes.java:76)
routes.add(lottery, com.xxx.market.web.mobile.lottery.controller.LotteryController)
[DEBUG] 2017-04-26 17:54:14 Method:  com.xxx.market.web.core.route.AutoBindRoutes.config(AutoBindRoutes.java:76)
routes.add(order, com.xxx.market.web.mobile.order.controller.OrderController)
[DEBUG] 2017-04-26 17:54:14 Method:  com.xxx.market.web.core.route.AutoBindRoutes.config(AutoBindRoutes.java:76)
routes.add(pay, com.xxx.market.web.mobile.pay.controller.PayController)
[DEBUG] 2017-04-26 17:54:14 Method:  com.xxx.market.web.core.route.AutoBindRoutes.config(AutoBindRoutes.java:76)
routes.add(prize, com.xxx.market.web.mobile.prize.controller.PrizeController)
[DEBUG] 2017-04-26 17:54:14 Method:  com.xxx.market.web.core.route.AutoBindRoutes.config(AutoBindRoutes.java:76)
routes.add(product, com.xxx.market.web.mobile.product.controller.ProductController)
[DEBUG] 2017-04-26 17:54:14 Method:  com.xxx.market.web.core.route.AutoBindRoutes.config(AutoBindRoutes.java:76)
routes.add(qiandao, com.xxx.market.web.mobile.qiandao.controller.QiandaoController)
[DEBUG] 2017-04-26 17:54:14 Method:  com.xxx.market.web.core.route.AutoBindRoutes.config(AutoBindRoutes.java:76)
routes.add(qrcode, com.xxx.market.web.mobile.qrcode.controller.QrcodeController)
[DEBUG] 2017-04-26 17:54:14 Method:  com.xxx.market.web.core.route.AutoBindRoutes.config(AutoBindRoutes.java:76)
routes.add(receiver, com.xxx.market.web.mobile.receiver.controller.ReceiverController)
[DEBUG] 2017-04-26 17:54:14 Method:  com.xxx.market.web.core.route.AutoBindRoutes.config(AutoBindRoutes.java:76)
routes.add(user, com.xxx.market.web.mobile.user.controller.UserController)
[INFO ] 2017-04-26 17:54:16 Method:  com.xxx.market.web.core.config.JFMobileConfig.afterJFinalStart(JFMobileConfig.java:136)
 dbu mobile server is Ready !!
[ERROR] 2017-04-26 17:57:21 Method:  com.jfinal.kit.LogKit.error(LogKit.java:75)
Can not create instance of class: com.xxx.market.web.core.config.JFMobileConfig. Please check the config in web.xml
java.lang.RuntimeException: Can not create instance of class: com.xxx.market.web.core.config.JFMobileConfig. Please check the config in web.xml
	at com.jfinal.core.JFinalFilter.createJFinalConfig(JFinalFilter.java:104)
	at com.jfinal.core.JFinalFilter.init(JFinalFilter.java:47)
	at org.eclipse.jetty.servlet.FilterHolder.doStart(FilterHolder.java:119)
	at org.eclipse.jetty.util.component.AbstractLifeCycle.start(AbstractLifeCycle.java:64)
	at org.eclipse.jetty.servlet.ServletHandler.initialize(ServletHandler.java:724)
	at org.eclipse.jetty.servlet.ServletContextHandler.startContext(ServletContextHandler.java:265)
	at org.eclipse.jetty.webapp.WebAppContext.startContext(WebAppContext.java:1250)
	at org.eclipse.jetty.server.handler.ContextHandler.doStart(ContextHandler.java:706)
	at org.eclipse.jetty.webapp.WebAppContext.doStart(WebAppContext.java:492)
	at org.eclipse.jetty.util.component.AbstractLifeCycle.start(AbstractLifeCycle.java:64)
	at com.jfinal.server.JettyServer$1.onChange(JettyServer.java:108)
	at com.jfinal.server.Scanner.compare(Scanner.java:88)
	at com.jfinal.server.Scanner.working(Scanner.java:57)
	at com.jfinal.server.Scanner.access$000(Scanner.java:31)
	at com.jfinal.server.Scanner$1.run(Scanner.java:94)
	at java.util.TimerThread.mainLoop(Timer.java:555)
	at java.util.TimerThread.run(Timer.java:505)
