[ERROR] 2017-04-24 10:34:26 Method:  com.jfinal.kit.LogKit.error(LogKit.java:75)
Can not create instance of class: com.xxx.market.web.core.config.JFWebConfig
java.lang.RuntimeException: Can not create instance of class: com.xxx.market.web.core.config.JFWebConfig
	at com.jfinal.core.JFinalFilter.createJFinalConfig(JFinalFilter.java:98)
	at com.jfinal.core.JFinalFilter.init(JFinalFilter.java:47)
	at org.eclipse.jetty.servlet.FilterHolder.doStart(FilterHolder.java:119)
	at org.eclipse.jetty.util.component.AbstractLifeCycle.start(AbstractLifeCycle.java:64)
	at org.eclipse.jetty.servlet.ServletHandler.initialize(ServletHandler.java:724)
	at org.eclipse.jetty.servlet.ServletContextHandler.startContext(ServletContextHandler.java:265)
	at org.eclipse.jetty.webapp.WebAppContext.startContext(WebAppContext.java:1250)
	at org.eclipse.jetty.server.handler.ContextHandler.doStart(ContextHandler.java:706)
	at org.eclipse.jetty.webapp.WebAppContext.doStart(WebAppContext.java:492)
	at org.eclipse.jetty.util.component.AbstractLifeCycle.start(AbstractLifeCycle.java:64)
	at org.eclipse.jetty.server.handler.HandlerWrapper.doStart(HandlerWrapper.java:95)
	at org.eclipse.jetty.server.Server.doStart(Server.java:277)
	at org.eclipse.jetty.util.component.AbstractLifeCycle.start(AbstractLifeCycle.java:64)
	at com.jfinal.server.JettyServer.doStart(JettyServer.java:122)
	at com.jfinal.server.JettyServer.start(JettyServer.java:65)
	at com.jfinal.core.JFinal.start(JFinal.java:154)
	at com.xxx.market.web.core.config.JFMobileConfig.main(JFMobileConfig.java:45)
Caused by: java.lang.ClassNotFoundException: com.xxx.market.web.core.config.JFWebConfig
	at java.net.URLClassLoader.findClass(URLClassLoader.java:381)
	at java.lang.ClassLoader.loadClass(ClassLoader.java:424)
	at sun.misc.Launcher$AppClassLoader.loadClass(Launcher.java:331)
	at java.lang.ClassLoader.loadClass(ClassLoader.java:357)
	at java.lang.Class.forName0(Native Method)
	at java.lang.Class.forName(Class.java:264)
	at com.jfinal.core.JFinalFilter.createJFinalConfig(JFinalFilter.java:96)
	... 16 more
[ERROR] 2017-04-24 10:34:54 Method:  com.xxx.market.web.core.annotation.ClassSearcher.findjarFiles(ClassSearcher.java:153)
file search error:D:\workspace\jfinal-wxall-v1.0\wxmall-web-mobile\src\main\webapp\WEB-INF\lib is not a dir！
[DEBUG] 2017-04-24 10:34:54 Method:  com.xxx.market.web.core.route.AutoBindRoutes.config(AutoBindRoutes.java:73)
routes.add(/api, com.xxx.market.web.core.controller.ApiController)
[DEBUG] 2017-04-24 10:34:54 Method:  com.xxx.market.web.core.route.AutoBindRoutes.config(AutoBindRoutes.java:73)
routes.add(/baseMobile, com.xxx.market.web.core.controller.BaseMobileController)
[DEBUG] 2017-04-24 10:34:54 Method:  com.xxx.market.web.core.route.AutoBindRoutes.config(AutoBindRoutes.java:76)
routes.add(agent, com.xxx.market.web.mobile.agent.controller.AgentController)
[DEBUG] 2017-04-24 10:34:54 Method:  com.xxx.market.web.core.route.AutoBindRoutes.config(AutoBindRoutes.java:76)
routes.add(cart, com.xxx.market.web.mobile.cart.controller.CartController)
[DEBUG] 2017-04-24 10:34:54 Method:  com.xxx.market.web.core.route.AutoBindRoutes.config(AutoBindRoutes.java:76)
routes.add(city, com.xxx.market.web.mobile.city.controller.CityController)
[DEBUG] 2017-04-24 10:34:54 Method:  com.xxx.market.web.core.route.AutoBindRoutes.config(AutoBindRoutes.java:76)
routes.add(/, com.xxx.market.web.mobile.index.controller.IndexController)
[DEBUG] 2017-04-24 10:34:54 Method:  com.xxx.market.web.core.route.AutoBindRoutes.config(AutoBindRoutes.java:76)
routes.add(lottery, com.xxx.market.web.mobile.lottery.controller.LotteryController)
[DEBUG] 2017-04-24 10:34:54 Method:  com.xxx.market.web.core.route.AutoBindRoutes.config(AutoBindRoutes.java:76)
routes.add(order, com.xxx.market.web.mobile.order.controller.OrderController)
[DEBUG] 2017-04-24 10:34:54 Method:  com.xxx.market.web.core.route.AutoBindRoutes.config(AutoBindRoutes.java:76)
routes.add(pay, com.xxx.market.web.mobile.pay.controller.PayController)
[DEBUG] 2017-04-24 10:34:54 Method:  com.xxx.market.web.core.route.AutoBindRoutes.config(AutoBindRoutes.java:76)
routes.add(prize, com.xxx.market.web.mobile.prize.controller.PrizeController)
[DEBUG] 2017-04-24 10:34:54 Method:  com.xxx.market.web.core.route.AutoBindRoutes.config(AutoBindRoutes.java:76)
routes.add(product, com.xxx.market.web.mobile.product.controller.ProductController)
[DEBUG] 2017-04-24 10:34:54 Method:  com.xxx.market.web.core.route.AutoBindRoutes.config(AutoBindRoutes.java:76)
routes.add(qiandao, com.xxx.market.web.mobile.qiandao.controller.QiandaoController)
[DEBUG] 2017-04-24 10:34:54 Method:  com.xxx.market.web.core.route.AutoBindRoutes.config(AutoBindRoutes.java:76)
routes.add(qrcode, com.xxx.market.web.mobile.qrcode.controller.QrcodeController)
[DEBUG] 2017-04-24 10:34:54 Method:  com.xxx.market.web.core.route.AutoBindRoutes.config(AutoBindRoutes.java:76)
routes.add(receiver, com.xxx.market.web.mobile.receiver.controller.ReceiverController)
[DEBUG] 2017-04-24 10:34:54 Method:  com.xxx.market.web.core.route.AutoBindRoutes.config(AutoBindRoutes.java:76)
routes.add(user, com.xxx.market.web.mobile.user.controller.UserController)
[INFO ] 2017-04-24 10:34:56 Method:  com.xxx.market.web.core.config.JFMobileConfig.afterJFinalStart(JFMobileConfig.java:136)
 dbu mobile server is Ready !!
[DEBUG] 2017-04-24 10:58:38 Method:  com.xxx.market.web.core.interceptor.MobileSessionInterceptor.gotoOauth(MobileSessionInterceptor.java:199)
=======================rurl:http://localhost/
[DEBUG] 2017-04-24 10:59:48 Method:  com.xxx.market.web.core.interceptor.MobileSessionInterceptor.gotoOauth(MobileSessionInterceptor.java:199)
=======================rurl:http://mobile361273664.3w.dkys.org/
[DEBUG] 2017-04-24 11:03:29 Method:  com.xxx.market.web.core.interceptor.MobileSessionInterceptor.gotoOauth(MobileSessionInterceptor.java:199)
=======================rurl:http://mobile361273664.3w.dkys.org/
[DEBUG] 2017-04-24 11:16:48 Method:  com.xxx.market.web.core.interceptor.MobileSessionInterceptor.gotoOauth(MobileSessionInterceptor.java:199)
=======================rurl:http://mobile361273664.3w.dkys.org/
[ERROR] 2017-04-24 11:17:15 Method:  com.jfinal.core.ActionHandler.handle(ActionHandler.java:128)
/qrcode/genio?url=
java.lang.IllegalArgumentException: Found empty contents
	at com.google.zxing.qrcode.QRCodeWriter.encode(QRCodeWriter.java:55)
	at com.google.zxing.MultiFormatWriter.encode(MultiFormatWriter.java:102)
	at com.xxx.market.web.core.render.QrcodeRender.render(QrcodeRender.java:45)
	at com.jfinal.core.ActionHandler.handle(ActionHandler.java:97)
	at com.jfinal.core.JFinalFilter.doFilter(JFinalFilter.java:72)
	at org.eclipse.jetty.servlet.ServletHandler$CachedChain.doFilter(ServletHandler.java:1307)
	at org.eclipse.jetty.servlet.ServletHandler.doHandle(ServletHandler.java:453)
	at org.eclipse.jetty.server.handler.ScopedHandler.handle(ScopedHandler.java:137)
	at org.eclipse.jetty.security.SecurityHandler.handle(SecurityHandler.java:560)
	at org.eclipse.jetty.server.session.SessionHandler.doHandle(SessionHandler.java:231)
	at org.eclipse.jetty.server.handler.ContextHandler.doHandle(ContextHandler.java:1072)
	at org.eclipse.jetty.servlet.ServletHandler.doScope(ServletHandler.java:382)
	at org.eclipse.jetty.server.session.SessionHandler.doScope(SessionHandler.java:193)
	at org.eclipse.jetty.server.handler.ContextHandler.doScope(ContextHandler.java:1006)
	at org.eclipse.jetty.server.handler.ScopedHandler.handle(ScopedHandler.java:135)
	at org.eclipse.jetty.server.handler.HandlerWrapper.handle(HandlerWrapper.java:116)
	at org.eclipse.jetty.server.Server.handle(Server.java:365)
	at org.eclipse.jetty.server.AbstractHttpConnection.handleRequest(AbstractHttpConnection.java:485)
	at org.eclipse.jetty.server.AbstractHttpConnection.headerComplete(AbstractHttpConnection.java:926)
	at org.eclipse.jetty.server.AbstractHttpConnection$RequestHandler.headerComplete(AbstractHttpConnection.java:988)
	at org.eclipse.jetty.http.HttpParser.parseNext(HttpParser.java:635)
	at org.eclipse.jetty.http.HttpParser.parseAvailable(HttpParser.java:235)
	at org.eclipse.jetty.server.AsyncHttpConnection.handle(AsyncHttpConnection.java:82)
	at org.eclipse.jetty.io.nio.SelectChannelEndPoint.handle(SelectChannelEndPoint.java:628)
	at org.eclipse.jetty.io.nio.SelectChannelEndPoint$1.run(SelectChannelEndPoint.java:52)
	at org.eclipse.jetty.util.thread.QueuedThreadPool.runJob(QueuedThreadPool.java:608)
	at org.eclipse.jetty.util.thread.QueuedThreadPool$3.run(QueuedThreadPool.java:543)
	at java.lang.Thread.run(Thread.java:745)
[ERROR] 2017-04-24 11:18:09 Method:  com.jfinal.core.ActionHandler.handle(ActionHandler.java:128)
/qrcode/genio?url=
java.lang.IllegalArgumentException: Found empty contents
	at com.google.zxing.qrcode.QRCodeWriter.encode(QRCodeWriter.java:55)
	at com.google.zxing.MultiFormatWriter.encode(MultiFormatWriter.java:102)
	at com.xxx.market.web.core.render.QrcodeRender.render(QrcodeRender.java:45)
	at com.jfinal.core.ActionHandler.handle(ActionHandler.java:97)
	at com.jfinal.core.JFinalFilter.doFilter(JFinalFilter.java:72)
	at org.eclipse.jetty.servlet.ServletHandler$CachedChain.doFilter(ServletHandler.java:1307)
	at org.eclipse.jetty.servlet.ServletHandler.doHandle(ServletHandler.java:453)
	at org.eclipse.jetty.server.handler.ScopedHandler.handle(ScopedHandler.java:137)
	at org.eclipse.jetty.security.SecurityHandler.handle(SecurityHandler.java:560)
	at org.eclipse.jetty.server.session.SessionHandler.doHandle(SessionHandler.java:231)
	at org.eclipse.jetty.server.handler.ContextHandler.doHandle(ContextHandler.java:1072)
	at org.eclipse.jetty.servlet.ServletHandler.doScope(ServletHandler.java:382)
	at org.eclipse.jetty.server.session.SessionHandler.doScope(SessionHandler.java:193)
	at org.eclipse.jetty.server.handler.ContextHandler.doScope(ContextHandler.java:1006)
	at org.eclipse.jetty.server.handler.ScopedHandler.handle(ScopedHandler.java:135)
	at org.eclipse.jetty.server.handler.HandlerWrapper.handle(HandlerWrapper.java:116)
	at org.eclipse.jetty.server.Server.handle(Server.java:365)
	at org.eclipse.jetty.server.AbstractHttpConnection.handleRequest(AbstractHttpConnection.java:485)
	at org.eclipse.jetty.server.AbstractHttpConnection.headerComplete(AbstractHttpConnection.java:926)
	at org.eclipse.jetty.server.AbstractHttpConnection$RequestHandler.headerComplete(AbstractHttpConnection.java:988)
	at org.eclipse.jetty.http.HttpParser.parseNext(HttpParser.java:635)
	at org.eclipse.jetty.http.HttpParser.parseAvailable(HttpParser.java:235)
	at org.eclipse.jetty.server.AsyncHttpConnection.handle(AsyncHttpConnection.java:82)
	at org.eclipse.jetty.io.nio.SelectChannelEndPoint.handle(SelectChannelEndPoint.java:628)
	at org.eclipse.jetty.io.nio.SelectChannelEndPoint$1.run(SelectChannelEndPoint.java:52)
	at org.eclipse.jetty.util.thread.QueuedThreadPool.runJob(QueuedThreadPool.java:608)
	at org.eclipse.jetty.util.thread.QueuedThreadPool$3.run(QueuedThreadPool.java:543)
	at java.lang.Thread.run(Thread.java:745)
[ERROR] 2017-04-24 11:18:25 Method:  com.jfinal.core.ActionHandler.handle(ActionHandler.java:128)
/qrcode/genio?url=
java.lang.IllegalArgumentException: Found empty contents
	at com.google.zxing.qrcode.QRCodeWriter.encode(QRCodeWriter.java:55)
	at com.google.zxing.MultiFormatWriter.encode(MultiFormatWriter.java:102)
	at com.xxx.market.web.core.render.QrcodeRender.render(QrcodeRender.java:45)
	at com.jfinal.core.ActionHandler.handle(ActionHandler.java:97)
	at com.jfinal.core.JFinalFilter.doFilter(JFinalFilter.java:72)
	at org.eclipse.jetty.servlet.ServletHandler$CachedChain.doFilter(ServletHandler.java:1307)
	at org.eclipse.jetty.servlet.ServletHandler.doHandle(ServletHandler.java:453)
	at org.eclipse.jetty.server.handler.ScopedHandler.handle(ScopedHandler.java:137)
	at org.eclipse.jetty.security.SecurityHandler.handle(SecurityHandler.java:560)
	at org.eclipse.jetty.server.session.SessionHandler.doHandle(SessionHandler.java:231)
	at org.eclipse.jetty.server.handler.ContextHandler.doHandle(ContextHandler.java:1072)
	at org.eclipse.jetty.servlet.ServletHandler.doScope(ServletHandler.java:382)
	at org.eclipse.jetty.server.session.SessionHandler.doScope(SessionHandler.java:193)
	at org.eclipse.jetty.server.handler.ContextHandler.doScope(ContextHandler.java:1006)
	at org.eclipse.jetty.server.handler.ScopedHandler.handle(ScopedHandler.java:135)
	at org.eclipse.jetty.server.handler.HandlerWrapper.handle(HandlerWrapper.java:116)
	at org.eclipse.jetty.server.Server.handle(Server.java:365)
	at org.eclipse.jetty.server.AbstractHttpConnection.handleRequest(AbstractHttpConnection.java:485)
	at org.eclipse.jetty.server.AbstractHttpConnection.headerComplete(AbstractHttpConnection.java:926)
	at org.eclipse.jetty.server.AbstractHttpConnection$RequestHandler.headerComplete(AbstractHttpConnection.java:988)
	at org.eclipse.jetty.http.HttpParser.parseNext(HttpParser.java:635)
	at org.eclipse.jetty.http.HttpParser.parseAvailable(HttpParser.java:235)
	at org.eclipse.jetty.server.AsyncHttpConnection.handle(AsyncHttpConnection.java:82)
	at org.eclipse.jetty.io.nio.SelectChannelEndPoint.handle(SelectChannelEndPoint.java:628)
	at org.eclipse.jetty.io.nio.SelectChannelEndPoint$1.run(SelectChannelEndPoint.java:52)
	at org.eclipse.jetty.util.thread.QueuedThreadPool.runJob(QueuedThreadPool.java:608)
	at org.eclipse.jetty.util.thread.QueuedThreadPool$3.run(QueuedThreadPool.java:543)
	at java.lang.Thread.run(Thread.java:745)
[ERROR] 2017-04-24 11:19:50 Method:  com.jfinal.core.ActionHandler.handle(ActionHandler.java:128)
/qrcode/genio?url=
java.lang.IllegalArgumentException: Found empty contents
	at com.google.zxing.qrcode.QRCodeWriter.encode(QRCodeWriter.java:55)
	at com.google.zxing.MultiFormatWriter.encode(MultiFormatWriter.java:102)
	at com.xxx.market.web.core.render.QrcodeRender.render(QrcodeRender.java:45)
	at com.jfinal.core.ActionHandler.handle(ActionHandler.java:97)
	at com.jfinal.core.JFinalFilter.doFilter(JFinalFilter.java:72)
	at org.eclipse.jetty.servlet.ServletHandler$CachedChain.doFilter(ServletHandler.java:1307)
	at org.eclipse.jetty.servlet.ServletHandler.doHandle(ServletHandler.java:453)
	at org.eclipse.jetty.server.handler.ScopedHandler.handle(ScopedHandler.java:137)
	at org.eclipse.jetty.security.SecurityHandler.handle(SecurityHandler.java:560)
	at org.eclipse.jetty.server.session.SessionHandler.doHandle(SessionHandler.java:231)
	at org.eclipse.jetty.server.handler.ContextHandler.doHandle(ContextHandler.java:1072)
	at org.eclipse.jetty.servlet.ServletHandler.doScope(ServletHandler.java:382)
	at org.eclipse.jetty.server.session.SessionHandler.doScope(SessionHandler.java:193)
	at org.eclipse.jetty.server.handler.ContextHandler.doScope(ContextHandler.java:1006)
	at org.eclipse.jetty.server.handler.ScopedHandler.handle(ScopedHandler.java:135)
	at org.eclipse.jetty.server.handler.HandlerWrapper.handle(HandlerWrapper.java:116)
	at org.eclipse.jetty.server.Server.handle(Server.java:365)
	at org.eclipse.jetty.server.AbstractHttpConnection.handleRequest(AbstractHttpConnection.java:485)
	at org.eclipse.jetty.server.AbstractHttpConnection.headerComplete(AbstractHttpConnection.java:926)
	at org.eclipse.jetty.server.AbstractHttpConnection$RequestHandler.headerComplete(AbstractHttpConnection.java:988)
	at org.eclipse.jetty.http.HttpParser.parseNext(HttpParser.java:635)
	at org.eclipse.jetty.http.HttpParser.parseAvailable(HttpParser.java:235)
	at org.eclipse.jetty.server.AsyncHttpConnection.handle(AsyncHttpConnection.java:82)
	at org.eclipse.jetty.io.nio.SelectChannelEndPoint.handle(SelectChannelEndPoint.java:628)
	at org.eclipse.jetty.io.nio.SelectChannelEndPoint$1.run(SelectChannelEndPoint.java:52)
	at org.eclipse.jetty.util.thread.QueuedThreadPool.runJob(QueuedThreadPool.java:608)
	at org.eclipse.jetty.util.thread.QueuedThreadPool$3.run(QueuedThreadPool.java:543)
	at java.lang.Thread.run(Thread.java:745)
[ERROR] 2017-04-24 11:23:20 Method:  com.jfinal.core.ActionHandler.handle(ActionHandler.java:128)
/qrcode/genio?url=
java.lang.IllegalArgumentException: Found empty contents
	at com.google.zxing.qrcode.QRCodeWriter.encode(QRCodeWriter.java:55)
	at com.google.zxing.MultiFormatWriter.encode(MultiFormatWriter.java:102)
	at com.xxx.market.web.core.render.QrcodeRender.render(QrcodeRender.java:45)
	at com.jfinal.core.ActionHandler.handle(ActionHandler.java:97)
	at com.jfinal.core.JFinalFilter.doFilter(JFinalFilter.java:72)
	at org.eclipse.jetty.servlet.ServletHandler$CachedChain.doFilter(ServletHandler.java:1307)
	at org.eclipse.jetty.servlet.ServletHandler.doHandle(ServletHandler.java:453)
	at org.eclipse.jetty.server.handler.ScopedHandler.handle(ScopedHandler.java:137)
	at org.eclipse.jetty.security.SecurityHandler.handle(SecurityHandler.java:560)
	at org.eclipse.jetty.server.session.SessionHandler.doHandle(SessionHandler.java:231)
	at org.eclipse.jetty.server.handler.ContextHandler.doHandle(ContextHandler.java:1072)
	at org.eclipse.jetty.servlet.ServletHandler.doScope(ServletHandler.java:382)
	at org.eclipse.jetty.server.session.SessionHandler.doScope(SessionHandler.java:193)
	at org.eclipse.jetty.server.handler.ContextHandler.doScope(ContextHandler.java:1006)
	at org.eclipse.jetty.server.handler.ScopedHandler.handle(ScopedHandler.java:135)
	at org.eclipse.jetty.server.handler.HandlerWrapper.handle(HandlerWrapper.java:116)
	at org.eclipse.jetty.server.Server.handle(Server.java:365)
	at org.eclipse.jetty.server.AbstractHttpConnection.handleRequest(AbstractHttpConnection.java:485)
	at org.eclipse.jetty.server.AbstractHttpConnection.headerComplete(AbstractHttpConnection.java:926)
	at org.eclipse.jetty.server.AbstractHttpConnection$RequestHandler.headerComplete(AbstractHttpConnection.java:988)
	at org.eclipse.jetty.http.HttpParser.parseNext(HttpParser.java:635)
	at org.eclipse.jetty.http.HttpParser.parseAvailable(HttpParser.java:235)
	at org.eclipse.jetty.server.AsyncHttpConnection.handle(AsyncHttpConnection.java:82)
	at org.eclipse.jetty.io.nio.SelectChannelEndPoint.handle(SelectChannelEndPoint.java:628)
	at org.eclipse.jetty.io.nio.SelectChannelEndPoint$1.run(SelectChannelEndPoint.java:52)
	at org.eclipse.jetty.util.thread.QueuedThreadPool.runJob(QueuedThreadPool.java:608)
	at org.eclipse.jetty.util.thread.QueuedThreadPool$3.run(QueuedThreadPool.java:543)
	at java.lang.Thread.run(Thread.java:745)
[ERROR] 2017-04-24 14:23:35 Method:  com.jfinal.core.ActionHandler.handle(ActionHandler.java:128)
/qrcode/genio?url=
java.lang.IllegalArgumentException: Found empty contents
	at com.google.zxing.qrcode.QRCodeWriter.encode(QRCodeWriter.java:55)
	at com.google.zxing.MultiFormatWriter.encode(MultiFormatWriter.java:102)
	at com.xxx.market.web.core.render.QrcodeRender.render(QrcodeRender.java:45)
	at com.jfinal.core.ActionHandler.handle(ActionHandler.java:97)
	at com.jfinal.core.JFinalFilter.doFilter(JFinalFilter.java:72)
	at org.eclipse.jetty.servlet.ServletHandler$CachedChain.doFilter(ServletHandler.java:1307)
	at org.eclipse.jetty.servlet.ServletHandler.doHandle(ServletHandler.java:453)
	at org.eclipse.jetty.server.handler.ScopedHandler.handle(ScopedHandler.java:137)
	at org.eclipse.jetty.security.SecurityHandler.handle(SecurityHandler.java:560)
	at org.eclipse.jetty.server.session.SessionHandler.doHandle(SessionHandler.java:231)
	at org.eclipse.jetty.server.handler.ContextHandler.doHandle(ContextHandler.java:1072)
	at org.eclipse.jetty.servlet.ServletHandler.doScope(ServletHandler.java:382)
	at org.eclipse.jetty.server.session.SessionHandler.doScope(SessionHandler.java:193)
	at org.eclipse.jetty.server.handler.ContextHandler.doScope(ContextHandler.java:1006)
	at org.eclipse.jetty.server.handler.ScopedHandler.handle(ScopedHandler.java:135)
	at org.eclipse.jetty.server.handler.HandlerWrapper.handle(HandlerWrapper.java:116)
	at org.eclipse.jetty.server.Server.handle(Server.java:365)
	at org.eclipse.jetty.server.AbstractHttpConnection.handleRequest(AbstractHttpConnection.java:485)
	at org.eclipse.jetty.server.AbstractHttpConnection.headerComplete(AbstractHttpConnection.java:926)
	at org.eclipse.jetty.server.AbstractHttpConnection$RequestHandler.headerComplete(AbstractHttpConnection.java:988)
	at org.eclipse.jetty.http.HttpParser.parseNext(HttpParser.java:635)
	at org.eclipse.jetty.http.HttpParser.parseAvailable(HttpParser.java:235)
	at org.eclipse.jetty.server.AsyncHttpConnection.handle(AsyncHttpConnection.java:82)
	at org.eclipse.jetty.io.nio.SelectChannelEndPoint.handle(SelectChannelEndPoint.java:628)
	at org.eclipse.jetty.io.nio.SelectChannelEndPoint$1.run(SelectChannelEndPoint.java:52)
	at org.eclipse.jetty.util.thread.QueuedThreadPool.runJob(QueuedThreadPool.java:608)
	at org.eclipse.jetty.util.thread.QueuedThreadPool$3.run(QueuedThreadPool.java:543)
	at java.lang.Thread.run(Thread.java:745)
[ERROR] 2017-04-24 15:11:17 Method:  com.jfinal.core.ActionHandler.handle(ActionHandler.java:128)
/product/detail
com.xxx.market.service.api.ump.UmpException: 获取商品详情参数错误
	at com.xxx.market.service.provider.ProductServiceImpl.getMobieDetail(ProductServiceImpl.java:338)
	at com.xxx.market.service.provider.ProductServiceImpl$$FastClassBySpringCGLIB$$59b24d54.invoke(<generated>)
	at org.springframework.cglib.proxy.MethodProxy.invoke(MethodProxy.java:204)
	at org.springframework.aop.framework.CglibAopProxy$DynamicAdvisedInterceptor.intercept(CglibAopProxy.java:629)
	at com.xxx.market.service.provider.ProductServiceImpl$$EnhancerBySpringCGLIB$$870db8ba.getMobieDetail(<generated>)
	at com.xxx.market.web.mobile.product.controller.ProductController.detail(ProductController.java:79)
	at sun.reflect.NativeMethodAccessorImpl.invoke0(Native Method)
	at sun.reflect.NativeMethodAccessorImpl.invoke(NativeMethodAccessorImpl.java:62)
	at sun.reflect.DelegatingMethodAccessorImpl.invoke(DelegatingMethodAccessorImpl.java:43)
	at java.lang.reflect.Method.invoke(Method.java:498)
	at com.jfinal.aop.Invocation.invoke(Invocation.java:73)
	at com.xxx.market.web.core.plugin.spring.IocInterceptor.intercept(IocInterceptor.java:41)
	at com.jfinal.aop.Invocation.invoke(Invocation.java:67)
	at com.jfinal.ext.interceptor.SessionInViewInterceptor.intercept(SessionInViewInterceptor.java:44)
	at com.jfinal.aop.Invocation.invoke(Invocation.java:67)
	at com.xxx.market.web.core.interceptor.MobileSessionInterceptor.checkSession(MobileSessionInterceptor.java:170)
	at com.xxx.market.web.core.interceptor.MobileSessionInterceptor.doIntercept(MobileSessionInterceptor.java:96)
	at com.xxx.market.web.core.interceptor.AbstractMobileInterceptor.intercept(AbstractMobileInterceptor.java:35)
	at com.jfinal.aop.Invocation.invoke(Invocation.java:67)
	at com.jfinal.core.ActionHandler.handle(ActionHandler.java:82)
	at com.jfinal.core.JFinalFilter.doFilter(JFinalFilter.java:72)
	at org.eclipse.jetty.servlet.ServletHandler$CachedChain.doFilter(ServletHandler.java:1307)
	at org.eclipse.jetty.servlet.ServletHandler.doHandle(ServletHandler.java:453)
	at org.eclipse.jetty.server.handler.ScopedHandler.handle(ScopedHandler.java:137)
	at org.eclipse.jetty.security.SecurityHandler.handle(SecurityHandler.java:560)
	at org.eclipse.jetty.server.session.SessionHandler.doHandle(SessionHandler.java:231)
	at org.eclipse.jetty.server.handler.ContextHandler.doHandle(ContextHandler.java:1072)
	at org.eclipse.jetty.servlet.ServletHandler.doScope(ServletHandler.java:382)
	at org.eclipse.jetty.server.session.SessionHandler.doScope(SessionHandler.java:193)
	at org.eclipse.jetty.server.handler.ContextHandler.doScope(ContextHandler.java:1006)
	at org.eclipse.jetty.server.handler.ScopedHandler.handle(ScopedHandler.java:135)
	at org.eclipse.jetty.server.handler.HandlerWrapper.handle(HandlerWrapper.java:116)
	at org.eclipse.jetty.server.Server.handle(Server.java:365)
	at org.eclipse.jetty.server.AbstractHttpConnection.handleRequest(AbstractHttpConnection.java:485)
	at org.eclipse.jetty.server.AbstractHttpConnection.headerComplete(AbstractHttpConnection.java:926)
	at org.eclipse.jetty.server.AbstractHttpConnection$RequestHandler.headerComplete(AbstractHttpConnection.java:988)
	at org.eclipse.jetty.http.HttpParser.parseNext(HttpParser.java:635)
	at org.eclipse.jetty.http.HttpParser.parseAvailable(HttpParser.java:235)
	at org.eclipse.jetty.server.AsyncHttpConnection.handle(AsyncHttpConnection.java:82)
	at org.eclipse.jetty.io.nio.SelectChannelEndPoint.handle(SelectChannelEndPoint.java:628)
	at org.eclipse.jetty.io.nio.SelectChannelEndPoint$1.run(SelectChannelEndPoint.java:52)
	at org.eclipse.jetty.util.thread.QueuedThreadPool.runJob(QueuedThreadPool.java:608)
	at org.eclipse.jetty.util.thread.QueuedThreadPool$3.run(QueuedThreadPool.java:543)
	at java.lang.Thread.run(Thread.java:745)
[ERROR] 2017-04-24 16:03:01 Method:  com.xxx.market.web.core.annotation.ClassSearcher.findjarFiles(ClassSearcher.java:153)
file search error:D:\workspace\jfinal-wxall-v1.0\wxmall-web-mobile\src\main\webapp\WEB-INF\lib is not a dir！
[DEBUG] 2017-04-24 16:03:01 Method:  com.xxx.market.web.core.route.AutoBindRoutes.config(AutoBindRoutes.java:73)
routes.add(/api, com.xxx.market.web.core.controller.ApiController)
[DEBUG] 2017-04-24 16:03:01 Method:  com.xxx.market.web.core.route.AutoBindRoutes.config(AutoBindRoutes.java:73)
routes.add(/baseMobile, com.xxx.market.web.core.controller.BaseMobileController)
[DEBUG] 2017-04-24 16:03:01 Method:  com.xxx.market.web.core.route.AutoBindRoutes.config(AutoBindRoutes.java:76)
routes.add(agent, com.xxx.market.web.mobile.agent.controller.AgentController)
[DEBUG] 2017-04-24 16:03:01 Method:  com.xxx.market.web.core.route.AutoBindRoutes.config(AutoBindRoutes.java:76)
routes.add(cart, com.xxx.market.web.mobile.cart.controller.CartController)
[DEBUG] 2017-04-24 16:03:01 Method:  com.xxx.market.web.core.route.AutoBindRoutes.config(AutoBindRoutes.java:76)
routes.add(city, com.xxx.market.web.mobile.city.controller.CityController)
[DEBUG] 2017-04-24 16:03:01 Method:  com.xxx.market.web.core.route.AutoBindRoutes.config(AutoBindRoutes.java:76)
routes.add(/, com.xxx.market.web.mobile.index.controller.IndexController)
[DEBUG] 2017-04-24 16:03:01 Method:  com.xxx.market.web.core.route.AutoBindRoutes.config(AutoBindRoutes.java:76)
routes.add(lottery, com.xxx.market.web.mobile.lottery.controller.LotteryController)
[DEBUG] 2017-04-24 16:03:01 Method:  com.xxx.market.web.core.route.AutoBindRoutes.config(AutoBindRoutes.java:76)
routes.add(order, com.xxx.market.web.mobile.order.controller.OrderController)
[DEBUG] 2017-04-24 16:03:01 Method:  com.xxx.market.web.core.route.AutoBindRoutes.config(AutoBindRoutes.java:76)
routes.add(pay, com.xxx.market.web.mobile.pay.controller.PayController)
[DEBUG] 2017-04-24 16:03:01 Method:  com.xxx.market.web.core.route.AutoBindRoutes.config(AutoBindRoutes.java:76)
routes.add(prize, com.xxx.market.web.mobile.prize.controller.PrizeController)
[DEBUG] 2017-04-24 16:03:01 Method:  com.xxx.market.web.core.route.AutoBindRoutes.config(AutoBindRoutes.java:76)
routes.add(product, com.xxx.market.web.mobile.product.controller.ProductController)
[DEBUG] 2017-04-24 16:03:01 Method:  com.xxx.market.web.core.route.AutoBindRoutes.config(AutoBindRoutes.java:76)
routes.add(qiandao, com.xxx.market.web.mobile.qiandao.controller.QiandaoController)
[DEBUG] 2017-04-24 16:03:01 Method:  com.xxx.market.web.core.route.AutoBindRoutes.config(AutoBindRoutes.java:76)
routes.add(qrcode, com.xxx.market.web.mobile.qrcode.controller.QrcodeController)
[DEBUG] 2017-04-24 16:03:01 Method:  com.xxx.market.web.core.route.AutoBindRoutes.config(AutoBindRoutes.java:76)
routes.add(receiver, com.xxx.market.web.mobile.receiver.controller.ReceiverController)
[DEBUG] 2017-04-24 16:03:01 Method:  com.xxx.market.web.core.route.AutoBindRoutes.config(AutoBindRoutes.java:76)
routes.add(user, com.xxx.market.web.mobile.user.controller.UserController)
[INFO ] 2017-04-24 16:03:03 Method:  com.xxx.market.web.core.config.JFMobileConfig.afterJFinalStart(JFMobileConfig.java:136)
 dbu mobile server is Ready !!
[ERROR] 2017-04-24 16:07:26 Method:  com.xxx.market.web.core.annotation.ClassSearcher.findjarFiles(ClassSearcher.java:153)
file search error:D:\workspace\jfinal-wxall-v1.0\wxmall-web-mobile\src\main\webapp\WEB-INF\lib is not a dir！
[DEBUG] 2017-04-24 16:07:26 Method:  com.xxx.market.web.core.route.AutoBindRoutes.config(AutoBindRoutes.java:73)
routes.add(/api, com.xxx.market.web.core.controller.ApiController)
[DEBUG] 2017-04-24 16:07:26 Method:  com.xxx.market.web.core.route.AutoBindRoutes.config(AutoBindRoutes.java:73)
routes.add(/baseMobile, com.xxx.market.web.core.controller.BaseMobileController)
[DEBUG] 2017-04-24 16:07:26 Method:  com.xxx.market.web.core.route.AutoBindRoutes.config(AutoBindRoutes.java:76)
routes.add(agent, com.xxx.market.web.mobile.agent.controller.AgentController)
[DEBUG] 2017-04-24 16:07:26 Method:  com.xxx.market.web.core.route.AutoBindRoutes.config(AutoBindRoutes.java:76)
routes.add(cart, com.xxx.market.web.mobile.cart.controller.CartController)
[DEBUG] 2017-04-24 16:07:26 Method:  com.xxx.market.web.core.route.AutoBindRoutes.config(AutoBindRoutes.java:76)
routes.add(city, com.xxx.market.web.mobile.city.controller.CityController)
[DEBUG] 2017-04-24 16:07:26 Method:  com.xxx.market.web.core.route.AutoBindRoutes.config(AutoBindRoutes.java:76)
routes.add(/, com.xxx.market.web.mobile.index.controller.IndexController)
[DEBUG] 2017-04-24 16:07:26 Method:  com.xxx.market.web.core.route.AutoBindRoutes.config(AutoBindRoutes.java:76)
routes.add(lottery, com.xxx.market.web.mobile.lottery.controller.LotteryController)
[DEBUG] 2017-04-24 16:07:26 Method:  com.xxx.market.web.core.route.AutoBindRoutes.config(AutoBindRoutes.java:76)
routes.add(order, com.xxx.market.web.mobile.order.controller.OrderController)
[DEBUG] 2017-04-24 16:07:26 Method:  com.xxx.market.web.core.route.AutoBindRoutes.config(AutoBindRoutes.java:76)
routes.add(pay, com.xxx.market.web.mobile.pay.controller.PayController)
[DEBUG] 2017-04-24 16:07:26 Method:  com.xxx.market.web.core.route.AutoBindRoutes.config(AutoBindRoutes.java:76)
routes.add(prize, com.xxx.market.web.mobile.prize.controller.PrizeController)
[DEBUG] 2017-04-24 16:07:26 Method:  com.xxx.market.web.core.route.AutoBindRoutes.config(AutoBindRoutes.java:76)
routes.add(product, com.xxx.market.web.mobile.product.controller.ProductController)
[DEBUG] 2017-04-24 16:07:26 Method:  com.xxx.market.web.core.route.AutoBindRoutes.config(AutoBindRoutes.java:76)
routes.add(qiandao, com.xxx.market.web.mobile.qiandao.controller.QiandaoController)
[DEBUG] 2017-04-24 16:07:26 Method:  com.xxx.market.web.core.route.AutoBindRoutes.config(AutoBindRoutes.java:76)
routes.add(qrcode, com.xxx.market.web.mobile.qrcode.controller.QrcodeController)
[DEBUG] 2017-04-24 16:07:26 Method:  com.xxx.market.web.core.route.AutoBindRoutes.config(AutoBindRoutes.java:76)
routes.add(receiver, com.xxx.market.web.mobile.receiver.controller.ReceiverController)
[DEBUG] 2017-04-24 16:07:26 Method:  com.xxx.market.web.core.route.AutoBindRoutes.config(AutoBindRoutes.java:76)
routes.add(user, com.xxx.market.web.mobile.user.controller.UserController)
[INFO ] 2017-04-24 16:07:28 Method:  com.xxx.market.web.core.config.JFMobileConfig.afterJFinalStart(JFMobileConfig.java:136)
 dbu mobile server is Ready !!
[ERROR] 2017-04-24 16:14:10 Method:  com.jfinal.core.ActionHandler.handle(ActionHandler.java:128)
/qrcode/genio?url=
java.lang.IllegalArgumentException: Found empty contents
	at com.google.zxing.qrcode.QRCodeWriter.encode(QRCodeWriter.java:55)
	at com.google.zxing.MultiFormatWriter.encode(MultiFormatWriter.java:102)
	at com.xxx.market.web.core.render.QrcodeRender.render(QrcodeRender.java:45)
	at com.jfinal.core.ActionHandler.handle(ActionHandler.java:97)
	at com.jfinal.core.JFinalFilter.doFilter(JFinalFilter.java:72)
	at org.eclipse.jetty.servlet.ServletHandler$CachedChain.doFilter(ServletHandler.java:1307)
	at org.eclipse.jetty.servlet.ServletHandler.doHandle(ServletHandler.java:453)
	at org.eclipse.jetty.server.handler.ScopedHandler.handle(ScopedHandler.java:137)
	at org.eclipse.jetty.security.SecurityHandler.handle(SecurityHandler.java:560)
	at org.eclipse.jetty.server.session.SessionHandler.doHandle(SessionHandler.java:231)
	at org.eclipse.jetty.server.handler.ContextHandler.doHandle(ContextHandler.java:1072)
	at org.eclipse.jetty.servlet.ServletHandler.doScope(ServletHandler.java:382)
	at org.eclipse.jetty.server.session.SessionHandler.doScope(SessionHandler.java:193)
	at org.eclipse.jetty.server.handler.ContextHandler.doScope(ContextHandler.java:1006)
	at org.eclipse.jetty.server.handler.ScopedHandler.handle(ScopedHandler.java:135)
	at org.eclipse.jetty.server.handler.HandlerWrapper.handle(HandlerWrapper.java:116)
	at org.eclipse.jetty.server.Server.handle(Server.java:365)
	at org.eclipse.jetty.server.AbstractHttpConnection.handleRequest(AbstractHttpConnection.java:485)
	at org.eclipse.jetty.server.AbstractHttpConnection.headerComplete(AbstractHttpConnection.java:926)
	at org.eclipse.jetty.server.AbstractHttpConnection$RequestHandler.headerComplete(AbstractHttpConnection.java:988)
	at org.eclipse.jetty.http.HttpParser.parseNext(HttpParser.java:635)
	at org.eclipse.jetty.http.HttpParser.parseAvailable(HttpParser.java:235)
	at org.eclipse.jetty.server.AsyncHttpConnection.handle(AsyncHttpConnection.java:82)
	at org.eclipse.jetty.io.nio.SelectChannelEndPoint.handle(SelectChannelEndPoint.java:628)
	at org.eclipse.jetty.io.nio.SelectChannelEndPoint$1.run(SelectChannelEndPoint.java:52)
	at org.eclipse.jetty.util.thread.QueuedThreadPool.runJob(QueuedThreadPool.java:608)
	at org.eclipse.jetty.util.thread.QueuedThreadPool$3.run(QueuedThreadPool.java:543)
	at java.lang.Thread.run(Thread.java:745)
[ERROR] 2017-04-24 16:28:34 Method:  com.jfinal.core.ActionHandler.handle(ActionHandler.java:128)
/qrcode/genio?url=
java.lang.IllegalArgumentException: Found empty contents
	at com.google.zxing.qrcode.QRCodeWriter.encode(QRCodeWriter.java:55)
	at com.google.zxing.MultiFormatWriter.encode(MultiFormatWriter.java:102)
	at com.xxx.market.web.core.render.QrcodeRender.render(QrcodeRender.java:45)
	at com.jfinal.core.ActionHandler.handle(ActionHandler.java:97)
	at com.jfinal.core.JFinalFilter.doFilter(JFinalFilter.java:72)
	at org.eclipse.jetty.servlet.ServletHandler$CachedChain.doFilter(ServletHandler.java:1307)
	at org.eclipse.jetty.servlet.ServletHandler.doHandle(ServletHandler.java:453)
	at org.eclipse.jetty.server.handler.ScopedHandler.handle(ScopedHandler.java:137)
	at org.eclipse.jetty.security.SecurityHandler.handle(SecurityHandler.java:560)
	at org.eclipse.jetty.server.session.SessionHandler.doHandle(SessionHandler.java:231)
	at org.eclipse.jetty.server.handler.ContextHandler.doHandle(ContextHandler.java:1072)
	at org.eclipse.jetty.servlet.ServletHandler.doScope(ServletHandler.java:382)
	at org.eclipse.jetty.server.session.SessionHandler.doScope(SessionHandler.java:193)
	at org.eclipse.jetty.server.handler.ContextHandler.doScope(ContextHandler.java:1006)
	at org.eclipse.jetty.server.handler.ScopedHandler.handle(ScopedHandler.java:135)
	at org.eclipse.jetty.server.handler.HandlerWrapper.handle(HandlerWrapper.java:116)
	at org.eclipse.jetty.server.Server.handle(Server.java:365)
	at org.eclipse.jetty.server.AbstractHttpConnection.handleRequest(AbstractHttpConnection.java:485)
	at org.eclipse.jetty.server.AbstractHttpConnection.headerComplete(AbstractHttpConnection.java:926)
	at org.eclipse.jetty.server.AbstractHttpConnection$RequestHandler.headerComplete(AbstractHttpConnection.java:988)
	at org.eclipse.jetty.http.HttpParser.parseNext(HttpParser.java:635)
	at org.eclipse.jetty.http.HttpParser.parseAvailable(HttpParser.java:235)
	at org.eclipse.jetty.server.AsyncHttpConnection.handle(AsyncHttpConnection.java:82)
	at org.eclipse.jetty.io.nio.SelectChannelEndPoint.handle(SelectChannelEndPoint.java:628)
	at org.eclipse.jetty.io.nio.SelectChannelEndPoint$1.run(SelectChannelEndPoint.java:52)
	at org.eclipse.jetty.util.thread.QueuedThreadPool.runJob(QueuedThreadPool.java:608)
	at org.eclipse.jetty.util.thread.QueuedThreadPool$3.run(QueuedThreadPool.java:543)
	at java.lang.Thread.run(Thread.java:745)
[ERROR] 2017-04-24 16:28:38 Method:  com.jfinal.core.ActionHandler.handle(ActionHandler.java:128)
/qrcode/genio?url=
java.lang.IllegalArgumentException: Found empty contents
	at com.google.zxing.qrcode.QRCodeWriter.encode(QRCodeWriter.java:55)
	at com.google.zxing.MultiFormatWriter.encode(MultiFormatWriter.java:102)
	at com.xxx.market.web.core.render.QrcodeRender.render(QrcodeRender.java:45)
	at com.jfinal.core.ActionHandler.handle(ActionHandler.java:97)
	at com.jfinal.core.JFinalFilter.doFilter(JFinalFilter.java:72)
	at org.eclipse.jetty.servlet.ServletHandler$CachedChain.doFilter(ServletHandler.java:1307)
	at org.eclipse.jetty.servlet.ServletHandler.doHandle(ServletHandler.java:453)
	at org.eclipse.jetty.server.handler.ScopedHandler.handle(ScopedHandler.java:137)
	at org.eclipse.jetty.security.SecurityHandler.handle(SecurityHandler.java:560)
	at org.eclipse.jetty.server.session.SessionHandler.doHandle(SessionHandler.java:231)
	at org.eclipse.jetty.server.handler.ContextHandler.doHandle(ContextHandler.java:1072)
	at org.eclipse.jetty.servlet.ServletHandler.doScope(ServletHandler.java:382)
	at org.eclipse.jetty.server.session.SessionHandler.doScope(SessionHandler.java:193)
	at org.eclipse.jetty.server.handler.ContextHandler.doScope(ContextHandler.java:1006)
	at org.eclipse.jetty.server.handler.ScopedHandler.handle(ScopedHandler.java:135)
	at org.eclipse.jetty.server.handler.HandlerWrapper.handle(HandlerWrapper.java:116)
	at org.eclipse.jetty.server.Server.handle(Server.java:365)
	at org.eclipse.jetty.server.AbstractHttpConnection.handleRequest(AbstractHttpConnection.java:485)
	at org.eclipse.jetty.server.AbstractHttpConnection.headerComplete(AbstractHttpConnection.java:926)
	at org.eclipse.jetty.server.AbstractHttpConnection$RequestHandler.headerComplete(AbstractHttpConnection.java:988)
	at org.eclipse.jetty.http.HttpParser.parseNext(HttpParser.java:635)
	at org.eclipse.jetty.http.HttpParser.parseAvailable(HttpParser.java:235)
	at org.eclipse.jetty.server.AsyncHttpConnection.handle(AsyncHttpConnection.java:82)
	at org.eclipse.jetty.io.nio.SelectChannelEndPoint.handle(SelectChannelEndPoint.java:628)
	at org.eclipse.jetty.io.nio.SelectChannelEndPoint$1.run(SelectChannelEndPoint.java:52)
	at org.eclipse.jetty.util.thread.QueuedThreadPool.runJob(QueuedThreadPool.java:608)
	at org.eclipse.jetty.util.thread.QueuedThreadPool$3.run(QueuedThreadPool.java:543)
	at java.lang.Thread.run(Thread.java:745)
[ERROR] 2017-04-24 16:30:00 Method:  com.jfinal.core.ActionHandler.handle(ActionHandler.java:128)
/qrcode/genio?url=
java.lang.IllegalArgumentException: Found empty contents
	at com.google.zxing.qrcode.QRCodeWriter.encode(QRCodeWriter.java:55)
	at com.google.zxing.MultiFormatWriter.encode(MultiFormatWriter.java:102)
	at com.xxx.market.web.core.render.QrcodeRender.render(QrcodeRender.java:45)
	at com.jfinal.core.ActionHandler.handle(ActionHandler.java:97)
	at com.jfinal.core.JFinalFilter.doFilter(JFinalFilter.java:72)
	at org.eclipse.jetty.servlet.ServletHandler$CachedChain.doFilter(ServletHandler.java:1307)
	at org.eclipse.jetty.servlet.ServletHandler.doHandle(ServletHandler.java:453)
	at org.eclipse.jetty.server.handler.ScopedHandler.handle(ScopedHandler.java:137)
	at org.eclipse.jetty.security.SecurityHandler.handle(SecurityHandler.java:560)
	at org.eclipse.jetty.server.session.SessionHandler.doHandle(SessionHandler.java:231)
	at org.eclipse.jetty.server.handler.ContextHandler.doHandle(ContextHandler.java:1072)
	at org.eclipse.jetty.servlet.ServletHandler.doScope(ServletHandler.java:382)
	at org.eclipse.jetty.server.session.SessionHandler.doScope(SessionHandler.java:193)
	at org.eclipse.jetty.server.handler.ContextHandler.doScope(ContextHandler.java:1006)
	at org.eclipse.jetty.server.handler.ScopedHandler.handle(ScopedHandler.java:135)
	at org.eclipse.jetty.server.handler.HandlerWrapper.handle(HandlerWrapper.java:116)
	at org.eclipse.jetty.server.Server.handle(Server.java:365)
	at org.eclipse.jetty.server.AbstractHttpConnection.handleRequest(AbstractHttpConnection.java:485)
	at org.eclipse.jetty.server.AbstractHttpConnection.headerComplete(AbstractHttpConnection.java:926)
	at org.eclipse.jetty.server.AbstractHttpConnection$RequestHandler.headerComplete(AbstractHttpConnection.java:988)
	at org.eclipse.jetty.http.HttpParser.parseNext(HttpParser.java:635)
	at org.eclipse.jetty.http.HttpParser.parseAvailable(HttpParser.java:235)
	at org.eclipse.jetty.server.AsyncHttpConnection.handle(AsyncHttpConnection.java:82)
	at org.eclipse.jetty.io.nio.SelectChannelEndPoint.handle(SelectChannelEndPoint.java:628)
	at org.eclipse.jetty.io.nio.SelectChannelEndPoint$1.run(SelectChannelEndPoint.java:52)
	at org.eclipse.jetty.util.thread.QueuedThreadPool.runJob(QueuedThreadPool.java:608)
	at org.eclipse.jetty.util.thread.QueuedThreadPool$3.run(QueuedThreadPool.java:543)
	at java.lang.Thread.run(Thread.java:745)
[ERROR] 2017-04-24 16:30:09 Method:  com.jfinal.core.ActionHandler.handle(ActionHandler.java:128)
/qrcode/genio?url=
java.lang.IllegalArgumentException: Found empty contents
	at com.google.zxing.qrcode.QRCodeWriter.encode(QRCodeWriter.java:55)
	at com.google.zxing.MultiFormatWriter.encode(MultiFormatWriter.java:102)
	at com.xxx.market.web.core.render.QrcodeRender.render(QrcodeRender.java:45)
	at com.jfinal.core.ActionHandler.handle(ActionHandler.java:97)
	at com.jfinal.core.JFinalFilter.doFilter(JFinalFilter.java:72)
	at org.eclipse.jetty.servlet.ServletHandler$CachedChain.doFilter(ServletHandler.java:1307)
	at org.eclipse.jetty.servlet.ServletHandler.doHandle(ServletHandler.java:453)
	at org.eclipse.jetty.server.handler.ScopedHandler.handle(ScopedHandler.java:137)
	at org.eclipse.jetty.security.SecurityHandler.handle(SecurityHandler.java:560)
	at org.eclipse.jetty.server.session.SessionHandler.doHandle(SessionHandler.java:231)
	at org.eclipse.jetty.server.handler.ContextHandler.doHandle(ContextHandler.java:1072)
	at org.eclipse.jetty.servlet.ServletHandler.doScope(ServletHandler.java:382)
	at org.eclipse.jetty.server.session.SessionHandler.doScope(SessionHandler.java:193)
	at org.eclipse.jetty.server.handler.ContextHandler.doScope(ContextHandler.java:1006)
	at org.eclipse.jetty.server.handler.ScopedHandler.handle(ScopedHandler.java:135)
	at org.eclipse.jetty.server.handler.HandlerWrapper.handle(HandlerWrapper.java:116)
	at org.eclipse.jetty.server.Server.handle(Server.java:365)
	at org.eclipse.jetty.server.AbstractHttpConnection.handleRequest(AbstractHttpConnection.java:485)
	at org.eclipse.jetty.server.AbstractHttpConnection.headerComplete(AbstractHttpConnection.java:926)
	at org.eclipse.jetty.server.AbstractHttpConnection$RequestHandler.headerComplete(AbstractHttpConnection.java:988)
	at org.eclipse.jetty.http.HttpParser.parseNext(HttpParser.java:635)
	at org.eclipse.jetty.http.HttpParser.parseAvailable(HttpParser.java:235)
	at org.eclipse.jetty.server.AsyncHttpConnection.handle(AsyncHttpConnection.java:82)
	at org.eclipse.jetty.io.nio.SelectChannelEndPoint.handle(SelectChannelEndPoint.java:628)
	at org.eclipse.jetty.io.nio.SelectChannelEndPoint$1.run(SelectChannelEndPoint.java:52)
	at org.eclipse.jetty.util.thread.QueuedThreadPool.runJob(QueuedThreadPool.java:608)
	at org.eclipse.jetty.util.thread.QueuedThreadPool$3.run(QueuedThreadPool.java:543)
	at java.lang.Thread.run(Thread.java:745)
[ERROR] 2017-04-24 16:31:25 Method:  com.jfinal.core.ActionHandler.handle(ActionHandler.java:128)
/qrcode/genio?url=
java.lang.IllegalArgumentException: Found empty contents
	at com.google.zxing.qrcode.QRCodeWriter.encode(QRCodeWriter.java:55)
	at com.google.zxing.MultiFormatWriter.encode(MultiFormatWriter.java:102)
	at com.xxx.market.web.core.render.QrcodeRender.render(QrcodeRender.java:45)
	at com.jfinal.core.ActionHandler.handle(ActionHandler.java:97)
	at com.jfinal.core.JFinalFilter.doFilter(JFinalFilter.java:72)
	at org.eclipse.jetty.servlet.ServletHandler$CachedChain.doFilter(ServletHandler.java:1307)
	at org.eclipse.jetty.servlet.ServletHandler.doHandle(ServletHandler.java:453)
	at org.eclipse.jetty.server.handler.ScopedHandler.handle(ScopedHandler.java:137)
	at org.eclipse.jetty.security.SecurityHandler.handle(SecurityHandler.java:560)
	at org.eclipse.jetty.server.session.SessionHandler.doHandle(SessionHandler.java:231)
	at org.eclipse.jetty.server.handler.ContextHandler.doHandle(ContextHandler.java:1072)
	at org.eclipse.jetty.servlet.ServletHandler.doScope(ServletHandler.java:382)
	at org.eclipse.jetty.server.session.SessionHandler.doScope(SessionHandler.java:193)
	at org.eclipse.jetty.server.handler.ContextHandler.doScope(ContextHandler.java:1006)
	at org.eclipse.jetty.server.handler.ScopedHandler.handle(ScopedHandler.java:135)
	at org.eclipse.jetty.server.handler.HandlerWrapper.handle(HandlerWrapper.java:116)
	at org.eclipse.jetty.server.Server.handle(Server.java:365)
	at org.eclipse.jetty.server.AbstractHttpConnection.handleRequest(AbstractHttpConnection.java:485)
	at org.eclipse.jetty.server.AbstractHttpConnection.headerComplete(AbstractHttpConnection.java:926)
	at org.eclipse.jetty.server.AbstractHttpConnection$RequestHandler.headerComplete(AbstractHttpConnection.java:988)
	at org.eclipse.jetty.http.HttpParser.parseNext(HttpParser.java:635)
	at org.eclipse.jetty.http.HttpParser.parseAvailable(HttpParser.java:235)
	at org.eclipse.jetty.server.AsyncHttpConnection.handle(AsyncHttpConnection.java:82)
	at org.eclipse.jetty.io.nio.SelectChannelEndPoint.handle(SelectChannelEndPoint.java:628)
	at org.eclipse.jetty.io.nio.SelectChannelEndPoint$1.run(SelectChannelEndPoint.java:52)
	at org.eclipse.jetty.util.thread.QueuedThreadPool.runJob(QueuedThreadPool.java:608)
	at org.eclipse.jetty.util.thread.QueuedThreadPool$3.run(QueuedThreadPool.java:543)
	at java.lang.Thread.run(Thread.java:745)
[ERROR] 2017-04-24 16:32:57 Method:  com.jfinal.core.ActionHandler.handle(ActionHandler.java:128)
/qrcode/genio?url=
java.lang.IllegalArgumentException: Found empty contents
	at com.google.zxing.qrcode.QRCodeWriter.encode(QRCodeWriter.java:55)
	at com.google.zxing.MultiFormatWriter.encode(MultiFormatWriter.java:102)
	at com.xxx.market.web.core.render.QrcodeRender.render(QrcodeRender.java:45)
	at com.jfinal.core.ActionHandler.handle(ActionHandler.java:97)
	at com.jfinal.core.JFinalFilter.doFilter(JFinalFilter.java:72)
	at org.eclipse.jetty.servlet.ServletHandler$CachedChain.doFilter(ServletHandler.java:1307)
	at org.eclipse.jetty.servlet.ServletHandler.doHandle(ServletHandler.java:453)
	at org.eclipse.jetty.server.handler.ScopedHandler.handle(ScopedHandler.java:137)
	at org.eclipse.jetty.security.SecurityHandler.handle(SecurityHandler.java:560)
	at org.eclipse.jetty.server.session.SessionHandler.doHandle(SessionHandler.java:231)
	at org.eclipse.jetty.server.handler.ContextHandler.doHandle(ContextHandler.java:1072)
	at org.eclipse.jetty.servlet.ServletHandler.doScope(ServletHandler.java:382)
	at org.eclipse.jetty.server.session.SessionHandler.doScope(SessionHandler.java:193)
	at org.eclipse.jetty.server.handler.ContextHandler.doScope(ContextHandler.java:1006)
	at org.eclipse.jetty.server.handler.ScopedHandler.handle(ScopedHandler.java:135)
	at org.eclipse.jetty.server.handler.HandlerWrapper.handle(HandlerWrapper.java:116)
	at org.eclipse.jetty.server.Server.handle(Server.java:365)
	at org.eclipse.jetty.server.AbstractHttpConnection.handleRequest(AbstractHttpConnection.java:485)
	at org.eclipse.jetty.server.AbstractHttpConnection.headerComplete(AbstractHttpConnection.java:926)
	at org.eclipse.jetty.server.AbstractHttpConnection$RequestHandler.headerComplete(AbstractHttpConnection.java:988)
	at org.eclipse.jetty.http.HttpParser.parseNext(HttpParser.java:635)
	at org.eclipse.jetty.http.HttpParser.parseAvailable(HttpParser.java:235)
	at org.eclipse.jetty.server.AsyncHttpConnection.handle(AsyncHttpConnection.java:82)
	at org.eclipse.jetty.io.nio.SelectChannelEndPoint.handle(SelectChannelEndPoint.java:628)
	at org.eclipse.jetty.io.nio.SelectChannelEndPoint$1.run(SelectChannelEndPoint.java:52)
	at org.eclipse.jetty.util.thread.QueuedThreadPool.runJob(QueuedThreadPool.java:608)
	at org.eclipse.jetty.util.thread.QueuedThreadPool$3.run(QueuedThreadPool.java:543)
	at java.lang.Thread.run(Thread.java:745)
[ERROR] 2017-04-24 16:36:47 Method:  com.jfinal.core.ActionHandler.handle(ActionHandler.java:128)
/qrcode/genio?url=
java.lang.IllegalArgumentException: Found empty contents
	at com.google.zxing.qrcode.QRCodeWriter.encode(QRCodeWriter.java:55)
	at com.google.zxing.MultiFormatWriter.encode(MultiFormatWriter.java:102)
	at com.xxx.market.web.core.render.QrcodeRender.render(QrcodeRender.java:45)
	at com.jfinal.core.ActionHandler.handle(ActionHandler.java:97)
	at com.jfinal.core.JFinalFilter.doFilter(JFinalFilter.java:72)
	at org.eclipse.jetty.servlet.ServletHandler$CachedChain.doFilter(ServletHandler.java:1307)
	at org.eclipse.jetty.servlet.ServletHandler.doHandle(ServletHandler.java:453)
	at org.eclipse.jetty.server.handler.ScopedHandler.handle(ScopedHandler.java:137)
	at org.eclipse.jetty.security.SecurityHandler.handle(SecurityHandler.java:560)
	at org.eclipse.jetty.server.session.SessionHandler.doHandle(SessionHandler.java:231)
	at org.eclipse.jetty.server.handler.ContextHandler.doHandle(ContextHandler.java:1072)
	at org.eclipse.jetty.servlet.ServletHandler.doScope(ServletHandler.java:382)
	at org.eclipse.jetty.server.session.SessionHandler.doScope(SessionHandler.java:193)
	at org.eclipse.jetty.server.handler.ContextHandler.doScope(ContextHandler.java:1006)
	at org.eclipse.jetty.server.handler.ScopedHandler.handle(ScopedHandler.java:135)
	at org.eclipse.jetty.server.handler.HandlerWrapper.handle(HandlerWrapper.java:116)
	at org.eclipse.jetty.server.Server.handle(Server.java:365)
	at org.eclipse.jetty.server.AbstractHttpConnection.handleRequest(AbstractHttpConnection.java:485)
	at org.eclipse.jetty.server.AbstractHttpConnection.headerComplete(AbstractHttpConnection.java:926)
	at org.eclipse.jetty.server.AbstractHttpConnection$RequestHandler.headerComplete(AbstractHttpConnection.java:988)
	at org.eclipse.jetty.http.HttpParser.parseNext(HttpParser.java:635)
	at org.eclipse.jetty.http.HttpParser.parseAvailable(HttpParser.java:235)
	at org.eclipse.jetty.server.AsyncHttpConnection.handle(AsyncHttpConnection.java:82)
	at org.eclipse.jetty.io.nio.SelectChannelEndPoint.handle(SelectChannelEndPoint.java:628)
	at org.eclipse.jetty.io.nio.SelectChannelEndPoint$1.run(SelectChannelEndPoint.java:52)
	at org.eclipse.jetty.util.thread.QueuedThreadPool.runJob(QueuedThreadPool.java:608)
	at org.eclipse.jetty.util.thread.QueuedThreadPool$3.run(QueuedThreadPool.java:543)
	at java.lang.Thread.run(Thread.java:745)
[ERROR] 2017-04-24 16:37:13 Method:  com.jfinal.core.ActionHandler.handle(ActionHandler.java:128)
/qrcode/genio?url=
java.lang.IllegalArgumentException: Found empty contents
	at com.google.zxing.qrcode.QRCodeWriter.encode(QRCodeWriter.java:55)
	at com.google.zxing.MultiFormatWriter.encode(MultiFormatWriter.java:102)
	at com.xxx.market.web.core.render.QrcodeRender.render(QrcodeRender.java:45)
	at com.jfinal.core.ActionHandler.handle(ActionHandler.java:97)
	at com.jfinal.core.JFinalFilter.doFilter(JFinalFilter.java:72)
	at org.eclipse.jetty.servlet.ServletHandler$CachedChain.doFilter(ServletHandler.java:1307)
	at org.eclipse.jetty.servlet.ServletHandler.doHandle(ServletHandler.java:453)
	at org.eclipse.jetty.server.handler.ScopedHandler.handle(ScopedHandler.java:137)
	at org.eclipse.jetty.security.SecurityHandler.handle(SecurityHandler.java:560)
	at org.eclipse.jetty.server.session.SessionHandler.doHandle(SessionHandler.java:231)
	at org.eclipse.jetty.server.handler.ContextHandler.doHandle(ContextHandler.java:1072)
	at org.eclipse.jetty.servlet.ServletHandler.doScope(ServletHandler.java:382)
	at org.eclipse.jetty.server.session.SessionHandler.doScope(SessionHandler.java:193)
	at org.eclipse.jetty.server.handler.ContextHandler.doScope(ContextHandler.java:1006)
	at org.eclipse.jetty.server.handler.ScopedHandler.handle(ScopedHandler.java:135)
	at org.eclipse.jetty.server.handler.HandlerWrapper.handle(HandlerWrapper.java:116)
	at org.eclipse.jetty.server.Server.handle(Server.java:365)
	at org.eclipse.jetty.server.AbstractHttpConnection.handleRequest(AbstractHttpConnection.java:485)
	at org.eclipse.jetty.server.AbstractHttpConnection.headerComplete(AbstractHttpConnection.java:926)
	at org.eclipse.jetty.server.AbstractHttpConnection$RequestHandler.headerComplete(AbstractHttpConnection.java:988)
	at org.eclipse.jetty.http.HttpParser.parseNext(HttpParser.java:635)
	at org.eclipse.jetty.http.HttpParser.parseAvailable(HttpParser.java:235)
	at org.eclipse.jetty.server.AsyncHttpConnection.handle(AsyncHttpConnection.java:82)
	at org.eclipse.jetty.io.nio.SelectChannelEndPoint.handle(SelectChannelEndPoint.java:628)
	at org.eclipse.jetty.io.nio.SelectChannelEndPoint$1.run(SelectChannelEndPoint.java:52)
	at org.eclipse.jetty.util.thread.QueuedThreadPool.runJob(QueuedThreadPool.java:608)
	at org.eclipse.jetty.util.thread.QueuedThreadPool$3.run(QueuedThreadPool.java:543)
	at java.lang.Thread.run(Thread.java:745)
[ERROR] 2017-04-24 16:37:25 Method:  com.jfinal.core.ActionHandler.handle(ActionHandler.java:128)
/qrcode/genio?url=
java.lang.IllegalArgumentException: Found empty contents
	at com.google.zxing.qrcode.QRCodeWriter.encode(QRCodeWriter.java:55)
	at com.google.zxing.MultiFormatWriter.encode(MultiFormatWriter.java:102)
	at com.xxx.market.web.core.render.QrcodeRender.render(QrcodeRender.java:45)
	at com.jfinal.core.ActionHandler.handle(ActionHandler.java:97)
	at com.jfinal.core.JFinalFilter.doFilter(JFinalFilter.java:72)
	at org.eclipse.jetty.servlet.ServletHandler$CachedChain.doFilter(ServletHandler.java:1307)
	at org.eclipse.jetty.servlet.ServletHandler.doHandle(ServletHandler.java:453)
	at org.eclipse.jetty.server.handler.ScopedHandler.handle(ScopedHandler.java:137)
	at org.eclipse.jetty.security.SecurityHandler.handle(SecurityHandler.java:560)
	at org.eclipse.jetty.server.session.SessionHandler.doHandle(SessionHandler.java:231)
	at org.eclipse.jetty.server.handler.ContextHandler.doHandle(ContextHandler.java:1072)
	at org.eclipse.jetty.servlet.ServletHandler.doScope(ServletHandler.java:382)
	at org.eclipse.jetty.server.session.SessionHandler.doScope(SessionHandler.java:193)
	at org.eclipse.jetty.server.handler.ContextHandler.doScope(ContextHandler.java:1006)
	at org.eclipse.jetty.server.handler.ScopedHandler.handle(ScopedHandler.java:135)
	at org.eclipse.jetty.server.handler.HandlerWrapper.handle(HandlerWrapper.java:116)
	at org.eclipse.jetty.server.Server.handle(Server.java:365)
	at org.eclipse.jetty.server.AbstractHttpConnection.handleRequest(AbstractHttpConnection.java:485)
	at org.eclipse.jetty.server.AbstractHttpConnection.headerComplete(AbstractHttpConnection.java:926)
	at org.eclipse.jetty.server.AbstractHttpConnection$RequestHandler.headerComplete(AbstractHttpConnection.java:988)
	at org.eclipse.jetty.http.HttpParser.parseNext(HttpParser.java:635)
	at org.eclipse.jetty.http.HttpParser.parseAvailable(HttpParser.java:235)
	at org.eclipse.jetty.server.AsyncHttpConnection.handle(AsyncHttpConnection.java:82)
	at org.eclipse.jetty.io.nio.SelectChannelEndPoint.handle(SelectChannelEndPoint.java:628)
	at org.eclipse.jetty.io.nio.SelectChannelEndPoint$1.run(SelectChannelEndPoint.java:52)
	at org.eclipse.jetty.util.thread.QueuedThreadPool.runJob(QueuedThreadPool.java:608)
	at org.eclipse.jetty.util.thread.QueuedThreadPool$3.run(QueuedThreadPool.java:543)
	at java.lang.Thread.run(Thread.java:745)
[ERROR] 2017-04-24 16:43:45 Method:  com.jfinal.core.ActionHandler.handle(ActionHandler.java:128)
/qrcode/genio?url=
java.lang.IllegalArgumentException: Found empty contents
	at com.google.zxing.qrcode.QRCodeWriter.encode(QRCodeWriter.java:55)
	at com.google.zxing.MultiFormatWriter.encode(MultiFormatWriter.java:102)
	at com.xxx.market.web.core.render.QrcodeRender.render(QrcodeRender.java:45)
	at com.jfinal.core.ActionHandler.handle(ActionHandler.java:97)
	at com.jfinal.core.JFinalFilter.doFilter(JFinalFilter.java:72)
	at org.eclipse.jetty.servlet.ServletHandler$CachedChain.doFilter(ServletHandler.java:1307)
	at org.eclipse.jetty.servlet.ServletHandler.doHandle(ServletHandler.java:453)
	at org.eclipse.jetty.server.handler.ScopedHandler.handle(ScopedHandler.java:137)
	at org.eclipse.jetty.security.SecurityHandler.handle(SecurityHandler.java:560)
	at org.eclipse.jetty.server.session.SessionHandler.doHandle(SessionHandler.java:231)
	at org.eclipse.jetty.server.handler.ContextHandler.doHandle(ContextHandler.java:1072)
	at org.eclipse.jetty.servlet.ServletHandler.doScope(ServletHandler.java:382)
	at org.eclipse.jetty.server.session.SessionHandler.doScope(SessionHandler.java:193)
	at org.eclipse.jetty.server.handler.ContextHandler.doScope(ContextHandler.java:1006)
	at org.eclipse.jetty.server.handler.ScopedHandler.handle(ScopedHandler.java:135)
	at org.eclipse.jetty.server.handler.HandlerWrapper.handle(HandlerWrapper.java:116)
	at org.eclipse.jetty.server.Server.handle(Server.java:365)
	at org.eclipse.jetty.server.AbstractHttpConnection.handleRequest(AbstractHttpConnection.java:485)
	at org.eclipse.jetty.server.AbstractHttpConnection.headerComplete(AbstractHttpConnection.java:926)
	at org.eclipse.jetty.server.AbstractHttpConnection$RequestHandler.headerComplete(AbstractHttpConnection.java:988)
	at org.eclipse.jetty.http.HttpParser.parseNext(HttpParser.java:635)
	at org.eclipse.jetty.http.HttpParser.parseAvailable(HttpParser.java:235)
	at org.eclipse.jetty.server.AsyncHttpConnection.handle(AsyncHttpConnection.java:82)
	at org.eclipse.jetty.io.nio.SelectChannelEndPoint.handle(SelectChannelEndPoint.java:628)
	at org.eclipse.jetty.io.nio.SelectChannelEndPoint$1.run(SelectChannelEndPoint.java:52)
	at org.eclipse.jetty.util.thread.QueuedThreadPool.runJob(QueuedThreadPool.java:608)
	at org.eclipse.jetty.util.thread.QueuedThreadPool$3.run(QueuedThreadPool.java:543)
	at java.lang.Thread.run(Thread.java:745)
[ERROR] 2017-04-24 16:44:16 Method:  com.jfinal.core.ActionHandler.handle(ActionHandler.java:128)
/qrcode/genio?url=
java.lang.IllegalArgumentException: Found empty contents
	at com.google.zxing.qrcode.QRCodeWriter.encode(QRCodeWriter.java:55)
	at com.google.zxing.MultiFormatWriter.encode(MultiFormatWriter.java:102)
	at com.xxx.market.web.core.render.QrcodeRender.render(QrcodeRender.java:45)
	at com.jfinal.core.ActionHandler.handle(ActionHandler.java:97)
	at com.jfinal.core.JFinalFilter.doFilter(JFinalFilter.java:72)
	at org.eclipse.jetty.servlet.ServletHandler$CachedChain.doFilter(ServletHandler.java:1307)
	at org.eclipse.jetty.servlet.ServletHandler.doHandle(ServletHandler.java:453)
	at org.eclipse.jetty.server.handler.ScopedHandler.handle(ScopedHandler.java:137)
	at org.eclipse.jetty.security.SecurityHandler.handle(SecurityHandler.java:560)
	at org.eclipse.jetty.server.session.SessionHandler.doHandle(SessionHandler.java:231)
	at org.eclipse.jetty.server.handler.ContextHandler.doHandle(ContextHandler.java:1072)
	at org.eclipse.jetty.servlet.ServletHandler.doScope(ServletHandler.java:382)
	at org.eclipse.jetty.server.session.SessionHandler.doScope(SessionHandler.java:193)
	at org.eclipse.jetty.server.handler.ContextHandler.doScope(ContextHandler.java:1006)
	at org.eclipse.jetty.server.handler.ScopedHandler.handle(ScopedHandler.java:135)
	at org.eclipse.jetty.server.handler.HandlerWrapper.handle(HandlerWrapper.java:116)
	at org.eclipse.jetty.server.Server.handle(Server.java:365)
	at org.eclipse.jetty.server.AbstractHttpConnection.handleRequest(AbstractHttpConnection.java:485)
	at org.eclipse.jetty.server.AbstractHttpConnection.headerComplete(AbstractHttpConnection.java:926)
	at org.eclipse.jetty.server.AbstractHttpConnection$RequestHandler.headerComplete(AbstractHttpConnection.java:988)
	at org.eclipse.jetty.http.HttpParser.parseNext(HttpParser.java:635)
	at org.eclipse.jetty.http.HttpParser.parseAvailable(HttpParser.java:235)
	at org.eclipse.jetty.server.AsyncHttpConnection.handle(AsyncHttpConnection.java:82)
	at org.eclipse.jetty.io.nio.SelectChannelEndPoint.handle(SelectChannelEndPoint.java:628)
	at org.eclipse.jetty.io.nio.SelectChannelEndPoint$1.run(SelectChannelEndPoint.java:52)
	at org.eclipse.jetty.util.thread.QueuedThreadPool.runJob(QueuedThreadPool.java:608)
	at org.eclipse.jetty.util.thread.QueuedThreadPool$3.run(QueuedThreadPool.java:543)
	at java.lang.Thread.run(Thread.java:745)
[ERROR] 2017-04-24 17:07:03 Method:  com.jfinal.core.ActionHandler.handle(ActionHandler.java:128)
/qrcode/genio?url=
java.lang.IllegalArgumentException: Found empty contents
	at com.google.zxing.qrcode.QRCodeWriter.encode(QRCodeWriter.java:55)
	at com.google.zxing.MultiFormatWriter.encode(MultiFormatWriter.java:102)
	at com.xxx.market.web.core.render.QrcodeRender.render(QrcodeRender.java:45)
	at com.jfinal.core.ActionHandler.handle(ActionHandler.java:97)
	at com.jfinal.core.JFinalFilter.doFilter(JFinalFilter.java:72)
	at org.eclipse.jetty.servlet.ServletHandler$CachedChain.doFilter(ServletHandler.java:1307)
	at org.eclipse.jetty.servlet.ServletHandler.doHandle(ServletHandler.java:453)
	at org.eclipse.jetty.server.handler.ScopedHandler.handle(ScopedHandler.java:137)
	at org.eclipse.jetty.security.SecurityHandler.handle(SecurityHandler.java:560)
	at org.eclipse.jetty.server.session.SessionHandler.doHandle(SessionHandler.java:231)
	at org.eclipse.jetty.server.handler.ContextHandler.doHandle(ContextHandler.java:1072)
	at org.eclipse.jetty.servlet.ServletHandler.doScope(ServletHandler.java:382)
	at org.eclipse.jetty.server.session.SessionHandler.doScope(SessionHandler.java:193)
	at org.eclipse.jetty.server.handler.ContextHandler.doScope(ContextHandler.java:1006)
	at org.eclipse.jetty.server.handler.ScopedHandler.handle(ScopedHandler.java:135)
	at org.eclipse.jetty.server.handler.HandlerWrapper.handle(HandlerWrapper.java:116)
	at org.eclipse.jetty.server.Server.handle(Server.java:365)
	at org.eclipse.jetty.server.AbstractHttpConnection.handleRequest(AbstractHttpConnection.java:485)
	at org.eclipse.jetty.server.AbstractHttpConnection.headerComplete(AbstractHttpConnection.java:926)
	at org.eclipse.jetty.server.AbstractHttpConnection$RequestHandler.headerComplete(AbstractHttpConnection.java:988)
	at org.eclipse.jetty.http.HttpParser.parseNext(HttpParser.java:635)
	at org.eclipse.jetty.http.HttpParser.parseAvailable(HttpParser.java:235)
	at org.eclipse.jetty.server.AsyncHttpConnection.handle(AsyncHttpConnection.java:82)
	at org.eclipse.jetty.io.nio.SelectChannelEndPoint.handle(SelectChannelEndPoint.java:628)
	at org.eclipse.jetty.io.nio.SelectChannelEndPoint$1.run(SelectChannelEndPoint.java:52)
	at org.eclipse.jetty.util.thread.QueuedThreadPool.runJob(QueuedThreadPool.java:608)
	at org.eclipse.jetty.util.thread.QueuedThreadPool$3.run(QueuedThreadPool.java:543)
	at java.lang.Thread.run(Thread.java:745)
[ERROR] 2017-04-24 17:31:11 Method:  com.xxx.market.web.core.annotation.ClassSearcher.findjarFiles(ClassSearcher.java:153)
file search error:D:\workspace\jfinal-wxall-v1.0\wxmall-web-mobile\src\main\webapp\WEB-INF\lib is not a dir！
[DEBUG] 2017-04-24 17:31:11 Method:  com.xxx.market.web.core.route.AutoBindRoutes.config(AutoBindRoutes.java:73)
routes.add(/api, com.xxx.market.web.core.controller.ApiController)
[DEBUG] 2017-04-24 17:31:11 Method:  com.xxx.market.web.core.route.AutoBindRoutes.config(AutoBindRoutes.java:73)
routes.add(/baseMobile, com.xxx.market.web.core.controller.BaseMobileController)
[DEBUG] 2017-04-24 17:31:11 Method:  com.xxx.market.web.core.route.AutoBindRoutes.config(AutoBindRoutes.java:76)
routes.add(agent, com.xxx.market.web.mobile.agent.controller.AgentController)
[DEBUG] 2017-04-24 17:31:11 Method:  com.xxx.market.web.core.route.AutoBindRoutes.config(AutoBindRoutes.java:76)
routes.add(cart, com.xxx.market.web.mobile.cart.controller.CartController)
[DEBUG] 2017-04-24 17:31:11 Method:  com.xxx.market.web.core.route.AutoBindRoutes.config(AutoBindRoutes.java:76)
routes.add(city, com.xxx.market.web.mobile.city.controller.CityController)
[DEBUG] 2017-04-24 17:31:11 Method:  com.xxx.market.web.core.route.AutoBindRoutes.config(AutoBindRoutes.java:76)
routes.add(/, com.xxx.market.web.mobile.index.controller.IndexController)
[DEBUG] 2017-04-24 17:31:11 Method:  com.xxx.market.web.core.route.AutoBindRoutes.config(AutoBindRoutes.java:76)
routes.add(lottery, com.xxx.market.web.mobile.lottery.controller.LotteryController)
[DEBUG] 2017-04-24 17:31:11 Method:  com.xxx.market.web.core.route.AutoBindRoutes.config(AutoBindRoutes.java:76)
routes.add(order, com.xxx.market.web.mobile.order.controller.OrderController)
[DEBUG] 2017-04-24 17:31:11 Method:  com.xxx.market.web.core.route.AutoBindRoutes.config(AutoBindRoutes.java:76)
routes.add(pay, com.xxx.market.web.mobile.pay.controller.PayController)
[DEBUG] 2017-04-24 17:31:11 Method:  com.xxx.market.web.core.route.AutoBindRoutes.config(AutoBindRoutes.java:76)
routes.add(prize, com.xxx.market.web.mobile.prize.controller.PrizeController)
[DEBUG] 2017-04-24 17:31:11 Method:  com.xxx.market.web.core.route.AutoBindRoutes.config(AutoBindRoutes.java:76)
routes.add(product, com.xxx.market.web.mobile.product.controller.ProductController)
[DEBUG] 2017-04-24 17:31:11 Method:  com.xxx.market.web.core.route.AutoBindRoutes.config(AutoBindRoutes.java:76)
routes.add(qiandao, com.xxx.market.web.mobile.qiandao.controller.QiandaoController)
[DEBUG] 2017-04-24 17:31:11 Method:  com.xxx.market.web.core.route.AutoBindRoutes.config(AutoBindRoutes.java:76)
routes.add(qrcode, com.xxx.market.web.mobile.qrcode.controller.QrcodeController)
[DEBUG] 2017-04-24 17:31:11 Method:  com.xxx.market.web.core.route.AutoBindRoutes.config(AutoBindRoutes.java:76)
routes.add(receiver, com.xxx.market.web.mobile.receiver.controller.ReceiverController)
[DEBUG] 2017-04-24 17:31:11 Method:  com.xxx.market.web.core.route.AutoBindRoutes.config(AutoBindRoutes.java:76)
routes.add(user, com.xxx.market.web.mobile.user.controller.UserController)
[INFO ] 2017-04-24 17:31:13 Method:  com.xxx.market.web.core.config.JFMobileConfig.afterJFinalStart(JFMobileConfig.java:136)
 dbu mobile server is Ready !!
