[ERROR] 2017-04-25 09:49:09 Method:  com.xxx.market.web.core.annotation.ClassSearcher.findjarFiles(ClassSearcher.java:153)
file search error:D:\workspace\jfinal-wxall-v1.0\wxmall-web-mobile\src\main\webapp\WEB-INF\lib is not a dir！
[DEBUG] 2017-04-25 09:49:09 Method:  com.xxx.market.web.core.route.AutoBindRoutes.config(AutoBindRoutes.java:73)
routes.add(/api, com.xxx.market.web.core.controller.ApiController)
[DEBUG] 2017-04-25 09:49:09 Method:  com.xxx.market.web.core.route.AutoBindRoutes.config(AutoBindRoutes.java:73)
routes.add(/baseMobile, com.xxx.market.web.core.controller.BaseMobileController)
[DEBUG] 2017-04-25 09:49:09 Method:  com.xxx.market.web.core.route.AutoBindRoutes.config(AutoBindRoutes.java:76)
routes.add(agent, com.xxx.market.web.mobile.agent.controller.AgentController)
[DEBUG] 2017-04-25 09:49:09 Method:  com.xxx.market.web.core.route.AutoBindRoutes.config(AutoBindRoutes.java:76)
routes.add(cart, com.xxx.market.web.mobile.cart.controller.CartController)
[DEBUG] 2017-04-25 09:49:09 Method:  com.xxx.market.web.core.route.AutoBindRoutes.config(AutoBindRoutes.java:76)
routes.add(city, com.xxx.market.web.mobile.city.controller.CityController)
[DEBUG] 2017-04-25 09:49:09 Method:  com.xxx.market.web.core.route.AutoBindRoutes.config(AutoBindRoutes.java:76)
routes.add(/, com.xxx.market.web.mobile.index.controller.IndexController)
[DEBUG] 2017-04-25 09:49:09 Method:  com.xxx.market.web.core.route.AutoBindRoutes.config(AutoBindRoutes.java:76)
routes.add(lottery, com.xxx.market.web.mobile.lottery.controller.LotteryController)
[DEBUG] 2017-04-25 09:49:09 Method:  com.xxx.market.web.core.route.AutoBindRoutes.config(AutoBindRoutes.java:76)
routes.add(order, com.xxx.market.web.mobile.order.controller.OrderController)
[DEBUG] 2017-04-25 09:49:09 Method:  com.xxx.market.web.core.route.AutoBindRoutes.config(AutoBindRoutes.java:76)
routes.add(pay, com.xxx.market.web.mobile.pay.controller.PayController)
[DEBUG] 2017-04-25 09:49:09 Method:  com.xxx.market.web.core.route.AutoBindRoutes.config(AutoBindRoutes.java:76)
routes.add(prize, com.xxx.market.web.mobile.prize.controller.PrizeController)
[DEBUG] 2017-04-25 09:49:09 Method:  com.xxx.market.web.core.route.AutoBindRoutes.config(AutoBindRoutes.java:76)
routes.add(product, com.xxx.market.web.mobile.product.controller.ProductController)
[DEBUG] 2017-04-25 09:49:09 Method:  com.xxx.market.web.core.route.AutoBindRoutes.config(AutoBindRoutes.java:76)
routes.add(qiandao, com.xxx.market.web.mobile.qiandao.controller.QiandaoController)
[DEBUG] 2017-04-25 09:49:09 Method:  com.xxx.market.web.core.route.AutoBindRoutes.config(AutoBindRoutes.java:76)
routes.add(qrcode, com.xxx.market.web.mobile.qrcode.controller.QrcodeController)
[DEBUG] 2017-04-25 09:49:09 Method:  com.xxx.market.web.core.route.AutoBindRoutes.config(AutoBindRoutes.java:76)
routes.add(receiver, com.xxx.market.web.mobile.receiver.controller.ReceiverController)
[DEBUG] 2017-04-25 09:49:09 Method:  com.xxx.market.web.core.route.AutoBindRoutes.config(AutoBindRoutes.java:76)
routes.add(user, com.xxx.market.web.mobile.user.controller.UserController)
[INFO ] 2017-04-25 09:49:11 Method:  com.xxx.market.web.core.config.JFMobileConfig.afterJFinalStart(JFMobileConfig.java:136)
 dbu mobile server is Ready !!
[ERROR] 2017-04-25 09:55:08 Method:  com.xxx.market.web.core.annotation.ClassSearcher.findjarFiles(ClassSearcher.java:153)
file search error:D:\workspace\jfinal-wxall-v1.0\wxmall-web-mobile\src\main\webapp\WEB-INF\lib is not a dir！
[DEBUG] 2017-04-25 09:55:08 Method:  com.xxx.market.web.core.route.AutoBindRoutes.config(AutoBindRoutes.java:73)
routes.add(/api, com.xxx.market.web.core.controller.ApiController)
[DEBUG] 2017-04-25 09:55:08 Method:  com.xxx.market.web.core.route.AutoBindRoutes.config(AutoBindRoutes.java:73)
routes.add(/baseMobile, com.xxx.market.web.core.controller.BaseMobileController)
[DEBUG] 2017-04-25 09:55:08 Method:  com.xxx.market.web.core.route.AutoBindRoutes.config(AutoBindRoutes.java:76)
routes.add(agent, com.xxx.market.web.mobile.agent.controller.AgentController)
[DEBUG] 2017-04-25 09:55:08 Method:  com.xxx.market.web.core.route.AutoBindRoutes.config(AutoBindRoutes.java:76)
routes.add(cart, com.xxx.market.web.mobile.cart.controller.CartController)
[DEBUG] 2017-04-25 09:55:08 Method:  com.xxx.market.web.core.route.AutoBindRoutes.config(AutoBindRoutes.java:76)
routes.add(city, com.xxx.market.web.mobile.city.controller.CityController)
[DEBUG] 2017-04-25 09:55:08 Method:  com.xxx.market.web.core.route.AutoBindRoutes.config(AutoBindRoutes.java:76)
routes.add(/, com.xxx.market.web.mobile.index.controller.IndexController)
[DEBUG] 2017-04-25 09:55:08 Method:  com.xxx.market.web.core.route.AutoBindRoutes.config(AutoBindRoutes.java:76)
routes.add(lottery, com.xxx.market.web.mobile.lottery.controller.LotteryController)
[DEBUG] 2017-04-25 09:55:08 Method:  com.xxx.market.web.core.route.AutoBindRoutes.config(AutoBindRoutes.java:76)
routes.add(order, com.xxx.market.web.mobile.order.controller.OrderController)
[DEBUG] 2017-04-25 09:55:08 Method:  com.xxx.market.web.core.route.AutoBindRoutes.config(AutoBindRoutes.java:76)
routes.add(pay, com.xxx.market.web.mobile.pay.controller.PayController)
[DEBUG] 2017-04-25 09:55:08 Method:  com.xxx.market.web.core.route.AutoBindRoutes.config(AutoBindRoutes.java:76)
routes.add(prize, com.xxx.market.web.mobile.prize.controller.PrizeController)
[DEBUG] 2017-04-25 09:55:08 Method:  com.xxx.market.web.core.route.AutoBindRoutes.config(AutoBindRoutes.java:76)
routes.add(product, com.xxx.market.web.mobile.product.controller.ProductController)
[DEBUG] 2017-04-25 09:55:08 Method:  com.xxx.market.web.core.route.AutoBindRoutes.config(AutoBindRoutes.java:76)
routes.add(qiandao, com.xxx.market.web.mobile.qiandao.controller.QiandaoController)
[DEBUG] 2017-04-25 09:55:08 Method:  com.xxx.market.web.core.route.AutoBindRoutes.config(AutoBindRoutes.java:76)
routes.add(qrcode, com.xxx.market.web.mobile.qrcode.controller.QrcodeController)
[DEBUG] 2017-04-25 09:55:08 Method:  com.xxx.market.web.core.route.AutoBindRoutes.config(AutoBindRoutes.java:76)
routes.add(receiver, com.xxx.market.web.mobile.receiver.controller.ReceiverController)
[DEBUG] 2017-04-25 09:55:08 Method:  com.xxx.market.web.core.route.AutoBindRoutes.config(AutoBindRoutes.java:76)
routes.add(user, com.xxx.market.web.mobile.user.controller.UserController)
[INFO ] 2017-04-25 09:55:09 Method:  com.xxx.market.web.core.config.JFMobileConfig.afterJFinalStart(JFMobileConfig.java:136)
 dbu mobile server is Ready !!
[ERROR] 2017-04-25 09:57:18 Method:  com.xxx.market.web.core.annotation.ClassSearcher.findjarFiles(ClassSearcher.java:153)
file search error:D:\workspace\jfinal-wxall-v1.0\wxmall-web-mobile\src\main\webapp\WEB-INF\lib is not a dir！
[DEBUG] 2017-04-25 09:57:18 Method:  com.xxx.market.web.core.route.AutoBindRoutes.config(AutoBindRoutes.java:73)
routes.add(/api, com.xxx.market.web.core.controller.ApiController)
[DEBUG] 2017-04-25 09:57:18 Method:  com.xxx.market.web.core.route.AutoBindRoutes.config(AutoBindRoutes.java:73)
routes.add(/baseMobile, com.xxx.market.web.core.controller.BaseMobileController)
[DEBUG] 2017-04-25 09:57:18 Method:  com.xxx.market.web.core.route.AutoBindRoutes.config(AutoBindRoutes.java:76)
routes.add(agent, com.xxx.market.web.mobile.agent.controller.AgentController)
[DEBUG] 2017-04-25 09:57:18 Method:  com.xxx.market.web.core.route.AutoBindRoutes.config(AutoBindRoutes.java:76)
routes.add(cart, com.xxx.market.web.mobile.cart.controller.CartController)
[DEBUG] 2017-04-25 09:57:18 Method:  com.xxx.market.web.core.route.AutoBindRoutes.config(AutoBindRoutes.java:76)
routes.add(city, com.xxx.market.web.mobile.city.controller.CityController)
[DEBUG] 2017-04-25 09:57:18 Method:  com.xxx.market.web.core.route.AutoBindRoutes.config(AutoBindRoutes.java:76)
routes.add(/, com.xxx.market.web.mobile.index.controller.IndexController)
[DEBUG] 2017-04-25 09:57:18 Method:  com.xxx.market.web.core.route.AutoBindRoutes.config(AutoBindRoutes.java:76)
routes.add(lottery, com.xxx.market.web.mobile.lottery.controller.LotteryController)
[DEBUG] 2017-04-25 09:57:18 Method:  com.xxx.market.web.core.route.AutoBindRoutes.config(AutoBindRoutes.java:76)
routes.add(order, com.xxx.market.web.mobile.order.controller.OrderController)
[DEBUG] 2017-04-25 09:57:18 Method:  com.xxx.market.web.core.route.AutoBindRoutes.config(AutoBindRoutes.java:76)
routes.add(pay, com.xxx.market.web.mobile.pay.controller.PayController)
[DEBUG] 2017-04-25 09:57:18 Method:  com.xxx.market.web.core.route.AutoBindRoutes.config(AutoBindRoutes.java:76)
routes.add(prize, com.xxx.market.web.mobile.prize.controller.PrizeController)
[DEBUG] 2017-04-25 09:57:18 Method:  com.xxx.market.web.core.route.AutoBindRoutes.config(AutoBindRoutes.java:76)
routes.add(product, com.xxx.market.web.mobile.product.controller.ProductController)
[DEBUG] 2017-04-25 09:57:18 Method:  com.xxx.market.web.core.route.AutoBindRoutes.config(AutoBindRoutes.java:76)
routes.add(qiandao, com.xxx.market.web.mobile.qiandao.controller.QiandaoController)
[DEBUG] 2017-04-25 09:57:18 Method:  com.xxx.market.web.core.route.AutoBindRoutes.config(AutoBindRoutes.java:76)
routes.add(qrcode, com.xxx.market.web.mobile.qrcode.controller.QrcodeController)
[DEBUG] 2017-04-25 09:57:18 Method:  com.xxx.market.web.core.route.AutoBindRoutes.config(AutoBindRoutes.java:76)
routes.add(receiver, com.xxx.market.web.mobile.receiver.controller.ReceiverController)
[DEBUG] 2017-04-25 09:57:18 Method:  com.xxx.market.web.core.route.AutoBindRoutes.config(AutoBindRoutes.java:76)
routes.add(user, com.xxx.market.web.mobile.user.controller.UserController)
[INFO ] 2017-04-25 09:57:19 Method:  com.xxx.market.web.core.config.JFMobileConfig.afterJFinalStart(JFMobileConfig.java:136)
 dbu mobile server is Ready !!
[ERROR] 2017-04-25 11:27:38 Method:  com.xxx.market.web.core.annotation.ClassSearcher.findjarFiles(ClassSearcher.java:153)
file search error:D:\workspace\jfinal-wxall-v1.0\wxmall-web-mobile\src\main\webapp\WEB-INF\lib is not a dir！
[DEBUG] 2017-04-25 11:27:38 Method:  com.xxx.market.web.core.route.AutoBindRoutes.config(AutoBindRoutes.java:73)
routes.add(/api, com.xxx.market.web.core.controller.ApiController)
[DEBUG] 2017-04-25 11:27:38 Method:  com.xxx.market.web.core.route.AutoBindRoutes.config(AutoBindRoutes.java:73)
routes.add(/baseMobile, com.xxx.market.web.core.controller.BaseMobileController)
[DEBUG] 2017-04-25 11:27:38 Method:  com.xxx.market.web.core.route.AutoBindRoutes.config(AutoBindRoutes.java:76)
routes.add(agent, com.xxx.market.web.mobile.agent.controller.AgentController)
[DEBUG] 2017-04-25 11:27:38 Method:  com.xxx.market.web.core.route.AutoBindRoutes.config(AutoBindRoutes.java:76)
routes.add(cart, com.xxx.market.web.mobile.cart.controller.CartController)
[DEBUG] 2017-04-25 11:27:38 Method:  com.xxx.market.web.core.route.AutoBindRoutes.config(AutoBindRoutes.java:76)
routes.add(city, com.xxx.market.web.mobile.city.controller.CityController)
[DEBUG] 2017-04-25 11:27:38 Method:  com.xxx.market.web.core.route.AutoBindRoutes.config(AutoBindRoutes.java:76)
routes.add(/, com.xxx.market.web.mobile.index.controller.IndexController)
[DEBUG] 2017-04-25 11:27:38 Method:  com.xxx.market.web.core.route.AutoBindRoutes.config(AutoBindRoutes.java:76)
routes.add(lottery, com.xxx.market.web.mobile.lottery.controller.LotteryController)
[DEBUG] 2017-04-25 11:27:38 Method:  com.xxx.market.web.core.route.AutoBindRoutes.config(AutoBindRoutes.java:76)
routes.add(order, com.xxx.market.web.mobile.order.controller.OrderController)
[DEBUG] 2017-04-25 11:27:38 Method:  com.xxx.market.web.core.route.AutoBindRoutes.config(AutoBindRoutes.java:76)
routes.add(pay, com.xxx.market.web.mobile.pay.controller.PayController)
[DEBUG] 2017-04-25 11:27:38 Method:  com.xxx.market.web.core.route.AutoBindRoutes.config(AutoBindRoutes.java:76)
routes.add(prize, com.xxx.market.web.mobile.prize.controller.PrizeController)
[DEBUG] 2017-04-25 11:27:38 Method:  com.xxx.market.web.core.route.AutoBindRoutes.config(AutoBindRoutes.java:76)
routes.add(product, com.xxx.market.web.mobile.product.controller.ProductController)
[DEBUG] 2017-04-25 11:27:38 Method:  com.xxx.market.web.core.route.AutoBindRoutes.config(AutoBindRoutes.java:76)
routes.add(qiandao, com.xxx.market.web.mobile.qiandao.controller.QiandaoController)
[DEBUG] 2017-04-25 11:27:38 Method:  com.xxx.market.web.core.route.AutoBindRoutes.config(AutoBindRoutes.java:76)
routes.add(qrcode, com.xxx.market.web.mobile.qrcode.controller.QrcodeController)
[DEBUG] 2017-04-25 11:27:38 Method:  com.xxx.market.web.core.route.AutoBindRoutes.config(AutoBindRoutes.java:76)
routes.add(receiver, com.xxx.market.web.mobile.receiver.controller.ReceiverController)
[DEBUG] 2017-04-25 11:27:38 Method:  com.xxx.market.web.core.route.AutoBindRoutes.config(AutoBindRoutes.java:76)
routes.add(user, com.xxx.market.web.mobile.user.controller.UserController)
[INFO ] 2017-04-25 11:27:39 Method:  com.xxx.market.web.core.config.JFMobileConfig.afterJFinalStart(JFMobileConfig.java:136)
 dbu mobile server is Ready !!
